	[18/Feb/7 11:38:36][AUDIT][i0ptmrg2oi25cpdmg3j38lmsp7][GUI]
		Login for '7340' from '192.168.3.134' succeeded
[<<][5a7ae53ca94aa100368986][DEFAULT][/login.php][18/Feb/7 11:38:36][18/Feb/7 11:38:36][took 0.032093 secs]
[<<][5a7ae53cca5de938706404][DEFAULT][/index.php][18/Feb/7 11:38:36][18/Feb/7 11:38:36][took 0.114327 secs]
[>>][5a7ae53ce669f208935362][DEFAULT][/index.php][18/Feb/7 11:38:36]
[<<][5a7ae53ce669f208935362][DEFAULT][/index.php][18/Feb/7 11:38:36][18/Feb/7 11:38:36][took 0.0064679999999999 secs]
[<<][5a7ae53d0b2c7854575443][DEFAULT][/lib/general/mainPage.php][18/Feb/7 11:38:37][18/Feb/7 11:38:37][took 0.08982 secs]
[>>][5a7ae53d213c5464731305][DEFAULT][/lib/general/mainPage.php][18/Feb/7 11:38:37]
[<<][5a7ae53d213c5464731305][DEFAULT][/lib/general/mainPage.php][18/Feb/7 11:38:37][18/Feb/7 11:38:37][took 0.005844 secs]
[>>][5a7ae53d22db1283818673][DEFAULT][/lib/general/mainPage.php][18/Feb/7 11:38:37]
	[18/Feb/7 11:38:37][L18N][i0ptmrg2oi25cpdmg3j38lmsp7][GUI]
		string 'system_config' is not localized for locale 'pt_BR'  - using en_GB
	[18/Feb/7 11:38:37][L18N][i0ptmrg2oi25cpdmg3j38lmsp7][GUI]
		string 'href_req_monitor_overview' is not localized for locale 'pt_BR'  - using en_GB
[<<][5a7ae53d22db1283818673][DEFAULT][/lib/general/mainPage.php][18/Feb/7 11:38:37][18/Feb/7 11:38:37][took 0.106443 secs]
[<<][5a7ae53d07d4e066045633][DEFAULT][/lib/general/navBar.php][18/Feb/7 11:38:37][18/Feb/7 11:38:37][took 0.258877 secs]
[>>][5a7ae53d47319541044806][DEFAULT][/lib/general/navBar.php][18/Feb/7 11:38:37]
[<<][5a7ae53d47319541044806][DEFAULT][/lib/general/navBar.php][18/Feb/7 11:38:37][18/Feb/7 11:38:37][took 0.005025 secs]
[>>][5a7ae53d488cb337471229][DEFAULT][/lib/general/navBar.php][18/Feb/7 11:38:37]
[<<][5a7ae53d488cb337471229][DEFAULT][/lib/general/navBar.php][18/Feb/7 11:38:37][18/Feb/7 11:38:37][took 0.056709 secs]
[<<][5a7ae548919b7584544738][DEFAULT][/lib/general/frmWorkArea.php][18/Feb/7 11:38:48][18/Feb/7 11:38:48][took 0.100973 secs]
[>>][5a7ae548aa63e118671964][DEFAULT][/lib/general/frmWorkArea.php][18/Feb/7 11:38:48]
[<<][5a7ae548aa63e118671964][DEFAULT][/lib/general/frmWorkArea.php][18/Feb/7 11:38:48][18/Feb/7 11:38:48][took 0.007083 secs]
[>>][5a7ae548ac44f477235888][DEFAULT][/lib/general/frmWorkArea.php][18/Feb/7 11:38:48]
[<<][5a7ae548ac44f477235888][DEFAULT][/lib/general/frmWorkArea.php][18/Feb/7 11:38:48][18/Feb/7 11:38:48][took 0.102988 secs]
[<<][5a7ae548daf2b075607226][DEFAULT][/lib/general/staticPage.php][18/Feb/7 11:38:48][18/Feb/7 11:38:49][took 0.107001 secs]
[>>][5a7ae549010d8391673198][DEFAULT][/lib/general/staticPage.php][18/Feb/7 11:38:49]
[<<][5a7ae549010d8391673198][DEFAULT][/lib/general/staticPage.php][18/Feb/7 11:38:49][18/Feb/7 11:38:49][took 0.005557 secs]
[>>][5a7ae54902908643744935][DEFAULT][/lib/general/staticPage.php][18/Feb/7 11:38:49]
[<<][5a7ae54902908643744935][DEFAULT][/lib/general/staticPage.php][18/Feb/7 11:38:49][18/Feb/7 11:38:49][took 0.029784 secs]
[<<][5a7ae548d9c45654523133][DEFAULT][/lib/results/resultsNavigator.php][18/Feb/7 11:38:48][18/Feb/7 11:38:49][took 0.186675 secs]
[>>][5a7ae54913559679477636][DEFAULT][/lib/results/resultsNavigator.php][18/Feb/7 11:38:49]
[<<][5a7ae54913559679477636][DEFAULT][/lib/results/resultsNavigator.php][18/Feb/7 11:38:49][18/Feb/7 11:38:49][took 0.005657 secs]
[>>][5a7ae54914e43893351323][DEFAULT][/lib/results/resultsNavigator.php][18/Feb/7 11:38:49]
	[18/Feb/7 11:38:49][L18N][i0ptmrg2oi25cpdmg3j38lmsp7][GUI]
		string 'link_report_test_report_on_build' is not localized for locale 'pt_BR'  - using en_GB
	[18/Feb/7 11:38:49][L18N][i0ptmrg2oi25cpdmg3j38lmsp7][GUI]
		string 'link_report_test_flat' is not localized for locale 'pt_BR'  - using en_GB
	[18/Feb/7 11:38:49][L18N][i0ptmrg2oi25cpdmg3j38lmsp7][GUI]
		string 'format_pseudo_msword' is not localized for locale 'pt_BR'  - using en_GB
[<<][5a7ae54914e43893351323][DEFAULT][/lib/results/resultsNavigator.php][18/Feb/7 11:38:49][18/Feb/7 11:38:49][took 0.13099 secs]
[<<][5a7ae549487b8891962115][DEFAULT][/lib/general/staticPage.php][18/Feb/7 11:38:49][18/Feb/7 11:38:49][took 0.091531 secs]
[>>][5a7ae5495ef98739461961][DEFAULT][/lib/general/staticPage.php][18/Feb/7 11:38:49]
[<<][5a7ae5495ef98739461961][DEFAULT][/lib/general/staticPage.php][18/Feb/7 11:38:49][18/Feb/7 11:38:49][took 0.004993 secs]
[>>][5a7ae54960562615087439][DEFAULT][/lib/general/staticPage.php][18/Feb/7 11:38:49]
[<<][5a7ae54960562615087439][DEFAULT][/lib/general/staticPage.php][18/Feb/7 11:38:49][18/Feb/7 11:38:49][took 0.030696 secs]
[<<][5a7ae54d597d6163927255][DEFAULT][/lib/general/mainPage.php][18/Feb/7 11:38:53][18/Feb/7 11:38:53][took 0.094201 secs]
[>>][5a7ae54d70a2e441153016][DEFAULT][/lib/general/mainPage.php][18/Feb/7 11:38:53]
[<<][5a7ae54d70a2e441153016][DEFAULT][/lib/general/mainPage.php][18/Feb/7 11:38:53][18/Feb/7 11:38:53][took 0.00614 secs]
[>>][5a7ae54d72464019685677][DEFAULT][/lib/general/mainPage.php][18/Feb/7 11:38:53]
[<<][5a7ae54d72464019685677][DEFAULT][/lib/general/mainPage.php][18/Feb/7 11:38:53][18/Feb/7 11:38:53][took 0.075728 secs]
[<<][5a7ae54f2e424300330779][DEFAULT][/lib/results/metricsDashboard.php][18/Feb/7 11:38:55][18/Feb/7 11:38:55][took 0.091507 secs]
[>>][5a7ae54f44bd0452384418][DEFAULT][/lib/results/metricsDashboard.php][18/Feb/7 11:38:55]
[<<][5a7ae54f44bd0452384418][DEFAULT][/lib/results/metricsDashboard.php][18/Feb/7 11:38:55][18/Feb/7 11:38:55][took 0.006056 secs]
[>>][5a7ae54f4657c734559504][DEFAULT][/lib/results/metricsDashboard.php][18/Feb/7 11:38:55]
[<<][5a7ae54f4657c734559504][DEFAULT][/lib/results/metricsDashboard.php][18/Feb/7 11:38:55][18/Feb/7 11:38:55][took 0.162158 secs]
[<<][5a7ae5b8162b8676157861][DEFAULT][/lib/general/mainPage.php][18/Feb/7 11:40:40][18/Feb/7 11:40:40][took 0.098539 secs]
[>>][5a7ae5b82e5d4196835136][DEFAULT][/lib/general/mainPage.php][18/Feb/7 11:40:40]
[<<][5a7ae5b82e5d4196835136][DEFAULT][/lib/general/mainPage.php][18/Feb/7 11:40:40][18/Feb/7 11:40:40][took 0.005388 secs]
[>>][5a7ae5b82fd4b936857860][DEFAULT][/lib/general/mainPage.php][18/Feb/7 11:40:40]
[<<][5a7ae5b82fd4b936857860][DEFAULT][/lib/general/mainPage.php][18/Feb/7 11:40:40][18/Feb/7 11:40:40][took 0.088645 secs]
[<<][5a7ae5c567216734714079][DEFAULT][/lib/general/mainPage.php][18/Feb/7 11:40:53][18/Feb/7 11:40:53][took 0.090821 secs]
[>>][5a7ae5c57d6f1536284053][DEFAULT][/lib/general/mainPage.php][18/Feb/7 11:40:53]
[<<][5a7ae5c57d6f1536284053][DEFAULT][/lib/general/mainPage.php][18/Feb/7 11:40:53][18/Feb/7 11:40:53][took 0.0075190000000001 secs]
[>>][5a7ae5c57f6a7379925938][DEFAULT][/lib/general/mainPage.php][18/Feb/7 11:40:53]
[<<][5a7ae5c57f6a7379925938][DEFAULT][/lib/general/mainPage.php][18/Feb/7 11:40:53][18/Feb/7 11:40:53][took 0.076534 secs]
[<<][5a7ae5c81a0dc850035393][DEFAULT][/lib/general/frmWorkArea.php][18/Feb/7 11:40:56][18/Feb/7 11:40:56][took 0.095992 secs]
[>>][5a7ae5c831a28417209123][DEFAULT][/lib/general/frmWorkArea.php][18/Feb/7 11:40:56]
[<<][5a7ae5c831a28417209123][DEFAULT][/lib/general/frmWorkArea.php][18/Feb/7 11:40:56][18/Feb/7 11:40:56][took 0.005277 secs]
[>>][5a7ae5c8331b9124586481][DEFAULT][/lib/general/frmWorkArea.php][18/Feb/7 11:40:56]
[<<][5a7ae5c8331b9124586481][DEFAULT][/lib/general/frmWorkArea.php][18/Feb/7 11:40:56][18/Feb/7 11:40:56][took 0.100348 secs]
[<<][5a7ae5c85fd46186607639][DEFAULT][/lib/results/resultsNavigator.php][18/Feb/7 11:40:56][18/Feb/7 11:40:56][took 0.095078 secs]
[>>][5a7ae5c8772a7562635383][DEFAULT][/lib/results/resultsNavigator.php][18/Feb/7 11:40:56]
[<<][5a7ae5c8772a7562635383][DEFAULT][/lib/results/resultsNavigator.php][18/Feb/7 11:40:56][18/Feb/7 11:40:56][took 0.005299 secs]
[>>][5a7ae5c8789aa145553582][DEFAULT][/lib/results/resultsNavigator.php][18/Feb/7 11:40:56]
[<<][5a7ae5c8789aa145553582][DEFAULT][/lib/results/resultsNavigator.php][18/Feb/7 11:40:56][18/Feb/7 11:40:56][took 0.114332 secs]
[<<][5a7ae5c863d68364730085][DEFAULT][/lib/general/staticPage.php][18/Feb/7 11:40:56][18/Feb/7 11:40:56][took 0.236169 secs]
[>>][5a7ae5c89da45168212376][DEFAULT][/lib/general/staticPage.php][18/Feb/7 11:40:56]
[<<][5a7ae5c89da45168212376][DEFAULT][/lib/general/staticPage.php][18/Feb/7 11:40:56][18/Feb/7 11:40:56][took 0.005381 secs]
[>>][5a7ae5c89f1b8893231770][DEFAULT][/lib/general/staticPage.php][18/Feb/7 11:40:56]
[<<][5a7ae5c89f1b8893231770][DEFAULT][/lib/general/staticPage.php][18/Feb/7 11:40:56][18/Feb/7 11:40:56][took 0.030241 secs]
[<<][5a7ae5c8b0417227702039][DEFAULT][/lib/general/staticPage.php][18/Feb/7 11:40:56][18/Feb/7 11:40:56][took 0.091815 secs]
[>>][5a7ae5c8c6d63803459878][DEFAULT][/lib/general/staticPage.php][18/Feb/7 11:40:56]
[<<][5a7ae5c8c6d63803459878][DEFAULT][/lib/general/staticPage.php][18/Feb/7 11:40:56][18/Feb/7 11:40:56][took 0.0058440000000001 secs]
[>>][5a7ae5c8c86c1015833887][DEFAULT][/lib/general/staticPage.php][18/Feb/7 11:40:56]
[<<][5a7ae5c8c86c1015833887][DEFAULT][/lib/general/staticPage.php][18/Feb/7 11:40:56][18/Feb/7 11:40:56][took 0.026982 secs]
[<<][5a7ae5cd812b1521642896][DEFAULT][/lib/results/printDocOptions.php][18/Feb/7 11:41:01][18/Feb/7 11:41:01][took 0.097107 secs]
[>>][5a7ae5cd99107802899682][DEFAULT][/lib/results/printDocOptions.php][18/Feb/7 11:41:01]
[<<][5a7ae5cd99107802899682][DEFAULT][/lib/results/printDocOptions.php][18/Feb/7 11:41:01][18/Feb/7 11:41:01][took 0.007725 secs]
[>>][5a7ae5cd9b257323010671][DEFAULT][/lib/results/printDocOptions.php][18/Feb/7 11:41:01]
	[18/Feb/7 11:41:01][L18N][i0ptmrg2oi25cpdmg3j38lmsp7][GUI]
		string 'builds' is not localized for locale 'pt_BR'  - using en_GB
	[18/Feb/7 11:41:01][L18N][i0ptmrg2oi25cpdmg3j38lmsp7][GUI]
		string 'onlywithuser' is not localized for locale 'pt_BR'  - using en_GB
[<<][5a7ae5cd9b257323010671][DEFAULT][/lib/results/printDocOptions.php][18/Feb/7 11:41:01][18/Feb/7 11:41:01][took 0.163804 secs]
[<<][5a7ae5d467034485542846][DEFAULT][/lib/general/staticPage.php][18/Feb/7 11:41:08][18/Feb/7 11:41:08][took 0.09371 secs]
[>>][5a7ae5d47e053880493569][DEFAULT][/lib/general/staticPage.php][18/Feb/7 11:41:08]
[<<][5a7ae5d47e053880493569][DEFAULT][/lib/general/staticPage.php][18/Feb/7 11:41:08][18/Feb/7 11:41:08][took 0.005203 secs]
[>>][5a7ae5d47f70a729538821][DEFAULT][/lib/general/staticPage.php][18/Feb/7 11:41:08]
[<<][5a7ae5d47f70a729538821][DEFAULT][/lib/general/staticPage.php][18/Feb/7 11:41:08][18/Feb/7 11:41:08][took 0.029017 secs]
[<<][5a7ae5d717734912768187][DEFAULT][/lib/general/mainPage.php][18/Feb/7 11:41:11][18/Feb/7 11:41:11][took 0.102584 secs]
[>>][5a7ae5d730a91947207523][DEFAULT][/lib/general/mainPage.php][18/Feb/7 11:41:11]
[<<][5a7ae5d730a91947207523][DEFAULT][/lib/general/mainPage.php][18/Feb/7 11:41:11][18/Feb/7 11:41:11][took 0.005206 secs]
[>>][5a7ae5d732120128547102][DEFAULT][/lib/general/mainPage.php][18/Feb/7 11:41:11]
[<<][5a7ae5d732120128547102][DEFAULT][/lib/general/mainPage.php][18/Feb/7 11:41:11][18/Feb/7 11:41:11][took 0.0839 secs]
[<<][5a7ae5d97e67c806498771][DEFAULT][/lib/general/mainPage.php][18/Feb/7 11:41:13][18/Feb/7 11:41:13][took 0.093598 secs]
[>>][5a7ae5d995686355672235][DEFAULT][/lib/general/mainPage.php][18/Feb/7 11:41:13]
[<<][5a7ae5d995686355672235][DEFAULT][/lib/general/mainPage.php][18/Feb/7 11:41:13][18/Feb/7 11:41:13][took 0.0065850000000001 secs]
[>>][5a7ae5d9972c1277277639][DEFAULT][/lib/general/mainPage.php][18/Feb/7 11:41:13]
[<<][5a7ae5d9972c1277277639][DEFAULT][/lib/general/mainPage.php][18/Feb/7 11:41:13][18/Feb/7 11:41:13][took 0.077209 secs]
[<<][5a7ae5ddc95ad147367907][DEFAULT][/lib/general/frmWorkArea.php][18/Feb/7 11:41:17][18/Feb/7 11:41:17][took 0.099028 secs]
[>>][5a7ae5dde1ab2206348023][DEFAULT][/lib/general/frmWorkArea.php][18/Feb/7 11:41:17]
[<<][5a7ae5dde1ab2206348023][DEFAULT][/lib/general/frmWorkArea.php][18/Feb/7 11:41:17][18/Feb/7 11:41:17][took 0.0053 secs]
[>>][5a7ae5dde32a1324696288][DEFAULT][/lib/general/frmWorkArea.php][18/Feb/7 11:41:17]
[<<][5a7ae5dde32a1324696288][DEFAULT][/lib/general/frmWorkArea.php][18/Feb/7 11:41:17][18/Feb/7 11:41:18][took 0.110312 secs]
[<<][5a7ae5de1f031739726748][DEFAULT][/lib/results/resultsNavigator.php][18/Feb/7 11:41:18][18/Feb/7 11:41:18][took 0.102505 secs]
[>>][5a7ae5de3830f191353955][DEFAULT][/lib/results/resultsNavigator.php][18/Feb/7 11:41:18]
[<<][5a7ae5de3830f191353955][DEFAULT][/lib/results/resultsNavigator.php][18/Feb/7 11:41:18][18/Feb/7 11:41:18][took 0.006573 secs]
[>>][5a7ae5de39f88686728392][DEFAULT][/lib/results/resultsNavigator.php][18/Feb/7 11:41:18]
[<<][5a7ae5de39f88686728392][DEFAULT][/lib/results/resultsNavigator.php][18/Feb/7 11:41:18][18/Feb/7 11:41:18][took 0.113584 secs]
[<<][5a7ae5de23348412210351][DEFAULT][/lib/general/staticPage.php][18/Feb/7 11:41:18][18/Feb/7 11:41:18][took 0.246529 secs]
[>>][5a7ae5de5f8f3665207627][DEFAULT][/lib/general/staticPage.php][18/Feb/7 11:41:18]
[<<][5a7ae5de5f8f3665207627][DEFAULT][/lib/general/staticPage.php][18/Feb/7 11:41:18][18/Feb/7 11:41:18][took 0.005302 secs]
[>>][5a7ae5de61078533354996][DEFAULT][/lib/general/staticPage.php][18/Feb/7 11:41:18]
[<<][5a7ae5de61078533354996][DEFAULT][/lib/general/staticPage.php][18/Feb/7 11:41:18][18/Feb/7 11:41:18][took 0.030856 secs]
[<<][5a7ae5de691d0509228477][DEFAULT][/lib/general/staticPage.php][18/Feb/7 11:41:18][18/Feb/7 11:41:18][took 0.093381 secs]
[>>][5a7ae5de800c6856258100][DEFAULT][/lib/general/staticPage.php][18/Feb/7 11:41:18]
[<<][5a7ae5de800c6856258100][DEFAULT][/lib/general/staticPage.php][18/Feb/7 11:41:18][18/Feb/7 11:41:18][took 0.005558 secs]
[>>][5a7ae5de818a3277619251][DEFAULT][/lib/general/staticPage.php][18/Feb/7 11:41:18]
[<<][5a7ae5de818a3277619251][DEFAULT][/lib/general/staticPage.php][18/Feb/7 11:41:18][18/Feb/7 11:41:18][took 0.028841 secs]
[<<][5a7ae5df59a0d087455371][DEFAULT][/lib/results/printDocOptions.php][18/Feb/7 11:41:19][18/Feb/7 11:41:19][took 0.103779 secs]
[>>][5a7ae5df731cc709929812][DEFAULT][/lib/results/printDocOptions.php][18/Feb/7 11:41:19]
[<<][5a7ae5df731cc709929812][DEFAULT][/lib/results/printDocOptions.php][18/Feb/7 11:41:19][18/Feb/7 11:41:19][took 0.00578 secs]
[>>][5a7ae5df74adf758831104][DEFAULT][/lib/results/printDocOptions.php][18/Feb/7 11:41:19]
[<<][5a7ae5df74adf758831104][DEFAULT][/lib/results/printDocOptions.php][18/Feb/7 11:41:19][18/Feb/7 11:41:19][took 0.159693 secs]
[<<][5a7ae5f5c0616763656750][DEFAULT][/lib/results/charts.php][18/Feb/7 11:41:41][18/Feb/7 11:41:41][took 0.162612 secs]
[>>][5a7ae5f5e84b9768461188][DEFAULT][/lib/results/charts.php][18/Feb/7 11:41:41]
[<<][5a7ae5f5e84b9768461188][DEFAULT][/lib/results/charts.php][18/Feb/7 11:41:41][18/Feb/7 11:41:41][took 0.005509 secs]
[>>][5a7ae5f5e9d2a804473755][DEFAULT][/lib/results/charts.php][18/Feb/7 11:41:41]
[<<][5a7ae5f5e9d2a804473755][DEFAULT][/lib/results/charts.php][18/Feb/7 11:41:41][18/Feb/7 11:41:42][took 0.093007 secs]
[<<][5a7ae5f6205e3608121084][DEFAULT][/lib/results/keywordBarChart.php][18/Feb/7 11:41:42][18/Feb/7 11:41:42][took 0.139331 secs]
[>>][5a7ae5f64289b890788116][DEFAULT][/lib/results/keywordBarChart.php][18/Feb/7 11:41:42]
[<<][5a7ae5f64289b890788116][DEFAULT][/lib/results/keywordBarChart.php][18/Feb/7 11:41:42][18/Feb/7 11:41:42][took 0.102535 secs]
[<<][5a7ae5f6200dd900583615][DEFAULT][/lib/results/topLevelSuitesBarChart.php][18/Feb/7 11:41:42][18/Feb/7 11:41:42][took 0.318123 secs]
[>>][5a7ae5f66de9f960797949][DEFAULT][/lib/results/topLevelSuitesBarChart.php][18/Feb/7 11:41:42]
[<<][5a7ae5f66de9f960797949][DEFAULT][/lib/results/topLevelSuitesBarChart.php][18/Feb/7 11:41:42][18/Feb/7 11:41:42][took 0.459566 secs]
[<<][5a7ae5f61f106357627858][DEFAULT][/lib/results/overallPieChart.php][18/Feb/7 11:41:42][18/Feb/7 11:41:42][took 0.834714 secs]
[>>][5a7ae5f6eb14f864379242][DEFAULT][/lib/results/overallPieChart.php][18/Feb/7 11:41:42]
[<<][5a7ae5f6eb14f864379242][DEFAULT][/lib/results/overallPieChart.php][18/Feb/7 11:41:42][18/Feb/7 11:41:43][took 0.345097 secs]
[<<][5a7ae60b5f01f094145137][DEFAULT][/lib/results/topLevelSuitesBarChart.php][18/Feb/7 11:42:03][18/Feb/7 11:42:03][took 0.150705 secs]
[>>][5a7ae60b83f57455335155][DEFAULT][/lib/results/topLevelSuitesBarChart.php][18/Feb/7 11:42:03]
[<<][5a7ae60b83f57455335155][DEFAULT][/lib/results/topLevelSuitesBarChart.php][18/Feb/7 11:42:03][18/Feb/7 11:42:03][took 0.430571 secs]
	[18/Feb/7 11:56:20][AUDIT][r47j041k82t3t9ntshprieki33][GUI]
		Login for '7340' from '192.168.3.134' succeeded
[<<][5a7ae964cc9a4792547315][DEFAULT][/login.php][18/Feb/7 11:56:20][18/Feb/7 11:56:20][took 0.036284 secs]
[<<][5a7ae964e9b27939740967][DEFAULT][/index.php][18/Feb/7 11:56:20][18/Feb/7 11:56:21][took 0.097666 secs]
[>>][5a7ae9650d92c914102150][DEFAULT][/index.php][18/Feb/7 11:56:21]
[<<][5a7ae9650d92c914102150][DEFAULT][/index.php][18/Feb/7 11:56:21][18/Feb/7 11:56:21][took 0.005936 secs]
[<<][5a7ae965220f2351218070][DEFAULT][/lib/general/navBar.php][18/Feb/7 11:56:21][18/Feb/7 11:56:21][took 0.059205 secs]
[>>][5a7ae965309a6151236871][DEFAULT][/lib/general/navBar.php][18/Feb/7 11:56:21]
[<<][5a7ae965309a6151236871][DEFAULT][/lib/general/navBar.php][18/Feb/7 11:56:21][18/Feb/7 11:56:21][took 0.004179 secs]
[>>][5a7ae96531b41473421196][DEFAULT][/lib/general/navBar.php][18/Feb/7 11:56:21]
[<<][5a7ae96531b41473421196][DEFAULT][/lib/general/navBar.php][18/Feb/7 11:56:21][18/Feb/7 11:56:21][took 0.037992 secs]
[<<][5a7ae965263f2110920171][DEFAULT][/lib/general/mainPage.php][18/Feb/7 11:56:21][18/Feb/7 11:56:21][took 0.119488 secs]
[>>][5a7ae96543897938493207][DEFAULT][/lib/general/mainPage.php][18/Feb/7 11:56:21]
[<<][5a7ae96543897938493207][DEFAULT][/lib/general/mainPage.php][18/Feb/7 11:56:21][18/Feb/7 11:56:21][took 0.004286 secs]
[>>][5a7ae96544ba5226454635][DEFAULT][/lib/general/mainPage.php][18/Feb/7 11:56:21]
	[18/Feb/7 11:56:21][L18N][r47j041k82t3t9ntshprieki33][GUI]
		string 'system_config' is not localized for locale 'pt_BR'  - using en_GB
	[18/Feb/7 11:56:21][L18N][r47j041k82t3t9ntshprieki33][GUI]
		string 'href_req_monitor_overview' is not localized for locale 'pt_BR'  - using en_GB
[<<][5a7ae96544ba5226454635][DEFAULT][/lib/general/mainPage.php][18/Feb/7 11:56:21][18/Feb/7 11:56:21][took 0.108049 secs]
[<<][5a7ae968b828a175002940][DEFAULT][/lib/general/frmWorkArea.php][18/Feb/7 11:56:24][18/Feb/7 11:56:24][took 0.063361 secs]
[>>][5a7ae968c7bab618552511][DEFAULT][/lib/general/frmWorkArea.php][18/Feb/7 11:56:24]
[<<][5a7ae968c7bab618552511][DEFAULT][/lib/general/frmWorkArea.php][18/Feb/7 11:56:24][18/Feb/7 11:56:24][took 0.0043120000000001 secs]
[>>][5a7ae968c8ee9533851761][DEFAULT][/lib/general/frmWorkArea.php][18/Feb/7 11:56:24]
[<<][5a7ae968c8ee9533851761][DEFAULT][/lib/general/frmWorkArea.php][18/Feb/7 11:56:24][18/Feb/7 11:56:24][took 0.073048 secs]
[<<][5a7ae968edbd2348509996][DEFAULT][/lib/results/resultsNavigator.php][18/Feb/7 11:56:24][18/Feb/7 11:56:25][took 0.104768 secs]
[>>][5a7ae969134cc469049660][DEFAULT][/lib/results/resultsNavigator.php][18/Feb/7 11:56:25]
[<<][5a7ae969134cc469049660][DEFAULT][/lib/results/resultsNavigator.php][18/Feb/7 11:56:25][18/Feb/7 11:56:25][took 0.006675 secs]
[>>][5a7ae9691513c381274826][DEFAULT][/lib/results/resultsNavigator.php][18/Feb/7 11:56:25]
	[18/Feb/7 11:56:25][L18N][r47j041k82t3t9ntshprieki33][GUI]
		string 'link_report_test_report_on_build' is not localized for locale 'pt_BR'  - using en_GB
	[18/Feb/7 11:56:25][L18N][r47j041k82t3t9ntshprieki33][GUI]
		string 'link_report_test_flat' is not localized for locale 'pt_BR'  - using en_GB
	[18/Feb/7 11:56:25][L18N][r47j041k82t3t9ntshprieki33][GUI]
		string 'format_pseudo_msword' is not localized for locale 'pt_BR'  - using en_GB
[<<][5a7ae9691513c381274826][DEFAULT][/lib/results/resultsNavigator.php][18/Feb/7 11:56:25][18/Feb/7 11:56:25][took 0.126136 secs]
[<<][5a7ae968f2ac6196041294][DEFAULT][/lib/general/staticPage.php][18/Feb/7 11:56:24][18/Feb/7 11:56:25][took 0.275163 secs]
[>>][5a7ae96941e0f280303660][DEFAULT][/lib/general/staticPage.php][18/Feb/7 11:56:25]
[<<][5a7ae96941e0f280303660][DEFAULT][/lib/general/staticPage.php][18/Feb/7 11:56:25][18/Feb/7 11:56:25][took 0.005854 secs]
[>>][5a7ae969436e6388460306][DEFAULT][/lib/general/staticPage.php][18/Feb/7 11:56:25]
[<<][5a7ae969436e6388460306][DEFAULT][/lib/general/staticPage.php][18/Feb/7 11:56:25][18/Feb/7 11:56:25][took 0.034453 secs]
[<<][5a7ae969527d7466337915][DEFAULT][/lib/general/staticPage.php][18/Feb/7 11:56:25][18/Feb/7 11:56:25][took 0.070988 secs]
[>>][5a7ae9696411c399715529][DEFAULT][/lib/general/staticPage.php][18/Feb/7 11:56:25]
[<<][5a7ae9696411c399715529][DEFAULT][/lib/general/staticPage.php][18/Feb/7 11:56:25][18/Feb/7 11:56:25][took 0.005161 secs]
[>>][5a7ae9696575a688710814][DEFAULT][/lib/general/staticPage.php][18/Feb/7 11:56:25]
[<<][5a7ae9696575a688710814][DEFAULT][/lib/general/staticPage.php][18/Feb/7 11:56:25][18/Feb/7 11:56:25][took 0.018384 secs]
[<<][5a7ae96c783c2862674986][DEFAULT][/lib/general/mainPage.php][18/Feb/7 11:56:28][18/Feb/7 11:56:28][took 0.077081 secs]
[>>][5a7ae96c8b435497398872][DEFAULT][/lib/general/mainPage.php][18/Feb/7 11:56:28]
[<<][5a7ae96c8b435497398872][DEFAULT][/lib/general/mainPage.php][18/Feb/7 11:56:28][18/Feb/7 11:56:28][took 0.00732 secs]
[>>][5a7ae96c8d37f667078777][DEFAULT][/lib/general/mainPage.php][18/Feb/7 11:56:28]
[<<][5a7ae96c8d37f667078777][DEFAULT][/lib/general/mainPage.php][18/Feb/7 11:56:28][18/Feb/7 11:56:28][took 0.050053 secs]
[<<][5a7ae96ddf94e062359132][DEFAULT][/lib/results/metricsDashboard.php][18/Feb/7 11:56:29][18/Feb/7 11:56:29][took 0.075571 secs]
[>>][5a7ae96df239d566413443][DEFAULT][/lib/results/metricsDashboard.php][18/Feb/7 11:56:29]
[<<][5a7ae96df239d566413443][DEFAULT][/lib/results/metricsDashboard.php][18/Feb/7 11:56:29][18/Feb/7 11:56:29][took 0.008412 secs]
[>>][5a7ae96e00511095605956][DEFAULT][/lib/results/metricsDashboard.php][18/Feb/7 11:56:30]
[<<][5a7ae96e00511095605956][DEFAULT][/lib/results/metricsDashboard.php][18/Feb/7 11:56:30][18/Feb/7 11:56:30][took 0.113073 secs]
	[18/Feb/9 11:20:25][AUDIT][61ge8ectgu788sic4vnouqven0][GUI]
		Login for '7340' from '192.168.3.134' succeeded
[<<][5a7d83f9ddd2f196140780][DEFAULT][/login.php][18/Feb/9 11:20:25][18/Feb/9 11:20:25][took 0.042337 secs]
[<<][5a7d83fa09077662431580][DEFAULT][/index.php][18/Feb/9 11:20:26][18/Feb/9 11:20:26][took 0.121656 secs]
[>>][5a7d83fa26de9553429699][DEFAULT][/index.php][18/Feb/9 11:20:26]
[<<][5a7d83fa26de9553429699][DEFAULT][/index.php][18/Feb/9 11:20:26][18/Feb/9 11:20:26][took 0.006453 secs]
[<<][5a7d83fa344f3995539425][DEFAULT][/lib/general/mainPage.php][18/Feb/9 11:20:26][18/Feb/9 11:20:26][took 0.101954 secs]
[>>][5a7d83fa4d6ae620960897][DEFAULT][/lib/general/mainPage.php][18/Feb/9 11:20:26]
[<<][5a7d83fa4d6ae620960897][DEFAULT][/lib/general/mainPage.php][18/Feb/9 11:20:26][18/Feb/9 11:20:26][took 0.006625 secs]
[>>][5a7d83fa4f3a9042389389][DEFAULT][/lib/general/mainPage.php][18/Feb/9 11:20:26]
	[18/Feb/9 11:20:26][L18N][61ge8ectgu788sic4vnouqven0][GUI]
		string 'system_config' is not localized for locale 'pt_BR'  - using en_GB
	[18/Feb/9 11:20:26][L18N][61ge8ectgu788sic4vnouqven0][GUI]
		string 'href_req_monitor_overview' is not localized for locale 'pt_BR'  - using en_GB
[<<][5a7d83fa4f3a9042389389][DEFAULT][/lib/general/mainPage.php][18/Feb/9 11:20:26][18/Feb/9 11:20:26][took 0.136572 secs]
[<<][5a7d83fa3638b046772207][DEFAULT][/lib/general/navBar.php][18/Feb/9 11:20:26][18/Feb/9 11:20:26][took 0.289854 secs]
[>>][5a7d83fa7d2a0127865723][DEFAULT][/lib/general/navBar.php][18/Feb/9 11:20:26]
[<<][5a7d83fa7d2a0127865723][DEFAULT][/lib/general/navBar.php][18/Feb/9 11:20:26][18/Feb/9 11:20:26][took 0.00683 secs]
[>>][5a7d83fa7efc7227878800][DEFAULT][/lib/general/navBar.php][18/Feb/9 11:20:26]
[<<][5a7d83fa7efc7227878800][DEFAULT][/lib/general/navBar.php][18/Feb/9 11:20:26][18/Feb/9 11:20:26][took 0.066226 secs]
[<<][5a7d8401d19fb652131757][DEFAULT][/lib/general/frmWorkArea.php][18/Feb/9 11:20:33][18/Feb/9 11:20:33][took 0.104785 secs]
[>>][5a7d8401eb57f274982622][DEFAULT][/lib/general/frmWorkArea.php][18/Feb/9 11:20:33]
[<<][5a7d8401eb57f274982622][DEFAULT][/lib/general/frmWorkArea.php][18/Feb/9 11:20:33][18/Feb/9 11:20:33][took 0.005701 secs]
[>>][5a7d8401ece4c307019343][DEFAULT][/lib/general/frmWorkArea.php][18/Feb/9 11:20:33]
[<<][5a7d8401ece4c307019343][DEFAULT][/lib/general/frmWorkArea.php][18/Feb/9 11:20:33][18/Feb/9 11:20:34][took 0.093811 secs]
[<<][5a7d84021d034098686382][DEFAULT][/lib/results/resultsNavigator.php][18/Feb/9 11:20:34][18/Feb/9 11:20:34][took 0.086716 secs]
[>>][5a7d840232501693148105][DEFAULT][/lib/results/resultsNavigator.php][18/Feb/9 11:20:34]
[<<][5a7d840232501693148105][DEFAULT][/lib/results/resultsNavigator.php][18/Feb/9 11:20:34][18/Feb/9 11:20:34][took 0.005434 secs]
[>>][5a7d840233c59815759193][DEFAULT][/lib/results/resultsNavigator.php][18/Feb/9 11:20:34]
	[18/Feb/9 11:20:34][L18N][61ge8ectgu788sic4vnouqven0][GUI]
		string 'link_report_test_report_on_build' is not localized for locale 'pt_BR'  - using en_GB
	[18/Feb/9 11:20:34][L18N][61ge8ectgu788sic4vnouqven0][GUI]
		string 'link_report_test_flat' is not localized for locale 'pt_BR'  - using en_GB
	[18/Feb/9 11:20:34][L18N][61ge8ectgu788sic4vnouqven0][GUI]
		string 'format_pseudo_msword' is not localized for locale 'pt_BR'  - using en_GB
[<<][5a7d840233c59815759193][DEFAULT][/lib/results/resultsNavigator.php][18/Feb/9 11:20:34][18/Feb/9 11:20:34][took 0.127238 secs]
[<<][5a7d84021d769667540363][DEFAULT][/lib/general/staticPage.php][18/Feb/9 11:20:34][18/Feb/9 11:20:34][took 0.273967 secs]
[>>][5a7d840260867512434985][DEFAULT][/lib/general/staticPage.php][18/Feb/9 11:20:34]
[<<][5a7d840260867512434985][DEFAULT][/lib/general/staticPage.php][18/Feb/9 11:20:34][18/Feb/9 11:20:34][took 0.006096 secs]
[>>][5a7d84026237f484490004][DEFAULT][/lib/general/staticPage.php][18/Feb/9 11:20:34]
[<<][5a7d84026237f484490004][DEFAULT][/lib/general/staticPage.php][18/Feb/9 11:20:34][18/Feb/9 11:20:34][took 0.131552 secs]
[<<][5a7d8402696a2736524382][DEFAULT][/lib/general/staticPage.php][18/Feb/9 11:20:34][18/Feb/9 11:20:34][took 0.140449 secs]
[>>][5a7d84028bd52470517804][DEFAULT][/lib/general/staticPage.php][18/Feb/9 11:20:34]
[<<][5a7d84028bd52470517804][DEFAULT][/lib/general/staticPage.php][18/Feb/9 11:20:34][18/Feb/9 11:20:34][took 0.004265 secs]
[>>][5a7d84028d000951577557][DEFAULT][/lib/general/staticPage.php][18/Feb/9 11:20:34]
[<<][5a7d84028d000951577557][DEFAULT][/lib/general/staticPage.php][18/Feb/9 11:20:34][18/Feb/9 11:20:34][took 0.030989 secs]
[<<][5a7d8404e65c1617167426][DEFAULT][/lib/results/charts.php][18/Feb/9 11:20:36][18/Feb/9 11:20:37][took 0.088644 secs]
[>>][5a7d84050802c173661308][DEFAULT][/lib/results/charts.php][18/Feb/9 11:20:37]
[<<][5a7d84050802c173661308][DEFAULT][/lib/results/charts.php][18/Feb/9 11:20:37][18/Feb/9 11:20:37][took 0.006433 secs]
[>>][5a7d840509c36927856177][DEFAULT][/lib/results/charts.php][18/Feb/9 11:20:37]
[<<][5a7d840509c36927856177][DEFAULT][/lib/results/charts.php][18/Feb/9 11:20:37][18/Feb/9 11:20:37][took 0.07126 secs]
[<<][5a7d84052a85b395458898][DEFAULT][/lib/results/overallPieChart.php][18/Feb/9 11:20:37][18/Feb/9 11:20:37][took 0.145137 secs]
[>>][5a7d84054e1ff523975671][DEFAULT][/lib/results/overallPieChart.php][18/Feb/9 11:20:37]
[<<][5a7d84054e1ff523975671][DEFAULT][/lib/results/overallPieChart.php][18/Feb/9 11:20:37][18/Feb/9 11:20:37][took 0.465032 secs]
[<<][5a7d84052bdae194887961][DEFAULT][/lib/results/keywordBarChart.php][18/Feb/9 11:20:37][18/Feb/9 11:20:37][took 0.690503 secs]
[>>][5a7d8405d4935154011540][DEFAULT][/lib/results/keywordBarChart.php][18/Feb/9 11:20:37]
[<<][5a7d8405d4935154011540][DEFAULT][/lib/results/keywordBarChart.php][18/Feb/9 11:20:37][18/Feb/9 11:20:37][took 0.12002 secs]
[<<][5a7d84052c47d148891832][DEFAULT][/lib/results/topLevelSuitesBarChart.php][18/Feb/9 11:20:37][18/Feb/9 11:20:38][took 0.889914 secs]
[>>][5a7d8406118eb935738407][DEFAULT][/lib/results/topLevelSuitesBarChart.php][18/Feb/9 11:20:38]
[<<][5a7d8406118eb935738407][DEFAULT][/lib/results/topLevelSuitesBarChart.php][18/Feb/9 11:20:38][18/Feb/9 11:20:38][took 0.426202 secs]
[<<][5a7d87497e279877314549][DEFAULT][/lib/general/staticPage.php][18/Feb/9 11:34:33][18/Feb/9 11:34:33][took 0.092079 secs]
[>>][5a7d874994d04348402030][DEFAULT][/lib/general/staticPage.php][18/Feb/9 11:34:33]
[<<][5a7d874994d04348402030][DEFAULT][/lib/general/staticPage.php][18/Feb/9 11:34:33][18/Feb/9 11:34:33][took 0.009816 secs]
[>>][5a7d8749976c5377631263][DEFAULT][/lib/general/staticPage.php][18/Feb/9 11:34:33]
[<<][5a7d8749976c5377631263][DEFAULT][/lib/general/staticPage.php][18/Feb/9 11:34:33][18/Feb/9 11:34:33][took 0.04795 secs]
[<<][5a7d874c1eb72385483833][DEFAULT][/lib/results/charts.php][18/Feb/9 11:34:36][18/Feb/9 11:34:36][took 0.110199 secs]
[>>][5a7d874c39ca6366880373][DEFAULT][/lib/results/charts.php][18/Feb/9 11:34:36]
[<<][5a7d874c39ca6366880373][DEFAULT][/lib/results/charts.php][18/Feb/9 11:34:36][18/Feb/9 11:34:36][took 0.005648 secs]
[>>][5a7d874c3b531615807391][DEFAULT][/lib/results/charts.php][18/Feb/9 11:34:36]
[<<][5a7d874c3b531615807391][DEFAULT][/lib/results/charts.php][18/Feb/9 11:34:36][18/Feb/9 11:34:36][took 0.085656 secs]
[<<][5a7d874c60867711977118][DEFAULT][/lib/results/overallPieChart.php][18/Feb/9 11:34:36][18/Feb/9 11:34:36][took 0.110126 secs]
[>>][5a7d874c7b94e012244939][DEFAULT][/lib/results/overallPieChart.php][18/Feb/9 11:34:36]
[<<][5a7d874c7b94e012244939][DEFAULT][/lib/results/overallPieChart.php][18/Feb/9 11:34:36][18/Feb/9 11:34:36][took 0.391219 secs]
[<<][5a7d874c617f9102602342][DEFAULT][/lib/results/topLevelSuitesBarChart.php][18/Feb/9 11:34:36][18/Feb/9 11:34:36][took 0.567642 secs]
[>>][5a7d874cec45e429732668][DEFAULT][/lib/results/topLevelSuitesBarChart.php][18/Feb/9 11:34:36]
[<<][5a7d874cec45e429732668][DEFAULT][/lib/results/topLevelSuitesBarChart.php][18/Feb/9 11:34:36][18/Feb/9 11:34:37][took 0.380619 secs]
[<<][5a7d874c60b67209674060][DEFAULT][/lib/results/keywordBarChart.php][18/Feb/9 11:34:36][18/Feb/9 11:34:37][took 1.01081 secs]
[>>][5a7d874d63873596861384][DEFAULT][/lib/results/keywordBarChart.php][18/Feb/9 11:34:37]
[<<][5a7d874d63873596861384][DEFAULT][/lib/results/keywordBarChart.php][18/Feb/9 11:34:37][18/Feb/9 11:34:37][took 0.129921 secs]
[<<][5a7d8a118433d884065386][DEFAULT][/index.php][18/Feb/9 11:46:25][18/Feb/9 11:46:25][took 0.112353 secs]
[>>][5a7d8a119fc27403562335][DEFAULT][/index.php][18/Feb/9 11:46:25]
[<<][5a7d8a119fc27403562335][DEFAULT][/index.php][18/Feb/9 11:46:25][18/Feb/9 11:46:25][took 0.0051169999999999 secs]
[<<][5a7d8a11b34fd949535734][DEFAULT][/lib/general/navBar.php][18/Feb/9 11:46:25][18/Feb/9 11:46:25][took 0.060724 secs]
[>>][5a7d8a11c23e7464052426][DEFAULT][/lib/general/navBar.php][18/Feb/9 11:46:25]
[<<][5a7d8a11c23e7464052426][DEFAULT][/lib/general/navBar.php][18/Feb/9 11:46:25][18/Feb/9 11:46:25][took 0.004701 secs]
[>>][5a7d8a11c3812300756725][DEFAULT][/lib/general/navBar.php][18/Feb/9 11:46:25]
[<<][5a7d8a11c3812300756725][DEFAULT][/lib/general/navBar.php][18/Feb/9 11:46:25][18/Feb/9 11:46:25][took 0.037848 secs]
[<<][5a7d8a11b4588909625067][DEFAULT][/lib/general/mainPage.php][18/Feb/9 11:46:25][18/Feb/9 11:46:25][took 0.133248 secs]
[>>][5a7d8a11d5099417092780][DEFAULT][/lib/general/mainPage.php][18/Feb/9 11:46:25]
[<<][5a7d8a11d5099417092780][DEFAULT][/lib/general/mainPage.php][18/Feb/9 11:46:25][18/Feb/9 11:46:25][took 0.0073019999999999 secs]
[>>][5a7d8a11d6fa6420829421][DEFAULT][/lib/general/mainPage.php][18/Feb/9 11:46:25]
[<<][5a7d8a11d6fa6420829421][DEFAULT][/lib/general/mainPage.php][18/Feb/9 11:46:25][18/Feb/9 11:46:25][took 0.076239 secs]
[<<][5a7d8a143a3a0243976833][DEFAULT][/lib/general/frmWorkArea.php][18/Feb/9 11:46:28][18/Feb/9 11:46:28][took 0.092545 secs]
[>>][5a7d8a1450f34455609249][DEFAULT][/lib/general/frmWorkArea.php][18/Feb/9 11:46:28]
[<<][5a7d8a1450f34455609249][DEFAULT][/lib/general/frmWorkArea.php][18/Feb/9 11:46:28][18/Feb/9 11:46:28][took 0.004731 secs]
[>>][5a7d8a14523f7079511932][DEFAULT][/lib/general/frmWorkArea.php][18/Feb/9 11:46:28]
[<<][5a7d8a14523f7079511932][DEFAULT][/lib/general/frmWorkArea.php][18/Feb/9 11:46:28][18/Feb/9 11:46:28][took 0.099125 secs]
[<<][5a7d8a1478a2c582314222][DEFAULT][/lib/results/resultsNavigator.php][18/Feb/9 11:46:28][18/Feb/9 11:46:28][took 0.083508 secs]
[>>][5a7d8a148d2cc164882394][DEFAULT][/lib/results/resultsNavigator.php][18/Feb/9 11:46:28]
[<<][5a7d8a148d2cc164882394][DEFAULT][/lib/results/resultsNavigator.php][18/Feb/9 11:46:28][18/Feb/9 11:46:28][took 0.005867 secs]
[>>][5a7d8a148ec45417917529][DEFAULT][/lib/results/resultsNavigator.php][18/Feb/9 11:46:28]
[<<][5a7d8a148ec45417917529][DEFAULT][/lib/results/resultsNavigator.php][18/Feb/9 11:46:28][18/Feb/9 11:46:28][took 0.074333 secs]
[<<][5a7d8a1478dbc593148882][DEFAULT][/lib/general/staticPage.php][18/Feb/9 11:46:28][18/Feb/9 11:46:28][took 0.19582 secs]
[>>][5a7d8a14a8cb2175355381][DEFAULT][/lib/general/staticPage.php][18/Feb/9 11:46:28]
[<<][5a7d8a14a8cb2175355381][DEFAULT][/lib/general/staticPage.php][18/Feb/9 11:46:28][18/Feb/9 11:46:28][took 0.00486 secs]
[>>][5a7d8a14aa266207050878][DEFAULT][/lib/general/staticPage.php][18/Feb/9 11:46:28]
[<<][5a7d8a14aa266207050878][DEFAULT][/lib/general/staticPage.php][18/Feb/9 11:46:28][18/Feb/9 11:46:28][took 0.025704 secs]
[<<][5a7d8a14b36dc142471764][DEFAULT][/lib/general/staticPage.php][18/Feb/9 11:46:28][18/Feb/9 11:46:28][took 0.085524 secs]
[>>][5a7d8a14c8709498283895][DEFAULT][/lib/general/staticPage.php][18/Feb/9 11:46:28]
[<<][5a7d8a14c8709498283895][DEFAULT][/lib/general/staticPage.php][18/Feb/9 11:46:28][18/Feb/9 11:46:28][took 0.0064000000000001 secs]
[>>][5a7d8a14ca22b025359069][DEFAULT][/lib/general/staticPage.php][18/Feb/9 11:46:28]
[<<][5a7d8a14ca22b025359069][DEFAULT][/lib/general/staticPage.php][18/Feb/9 11:46:28][18/Feb/9 11:46:28][took 0.027665 secs]
[<<][5a7d8a16cabe0409505928][DEFAULT][/lib/results/charts.php][18/Feb/9 11:46:30][18/Feb/9 11:46:30][took 0.123793 secs]
[>>][5a7d8a16e91c4698497179][DEFAULT][/lib/results/charts.php][18/Feb/9 11:46:30]
[<<][5a7d8a16e91c4698497179][DEFAULT][/lib/results/charts.php][18/Feb/9 11:46:30][18/Feb/9 11:46:30][took 0.006899 secs]
[>>][5a7d8a16eb032250157271][DEFAULT][/lib/results/charts.php][18/Feb/9 11:46:30]
[<<][5a7d8a16eb032250157271][DEFAULT][/lib/results/charts.php][18/Feb/9 11:46:30][18/Feb/9 11:46:31][took 0.079714 secs]
[<<][5a7d8a1716c15806355733][DEFAULT][/lib/results/topLevelSuitesBarChart.php][18/Feb/9 11:46:31][18/Feb/9 11:46:31][took 0.104705 secs]
[>>][5a7d8a17307a5530201096][DEFAULT][/lib/results/topLevelSuitesBarChart.php][18/Feb/9 11:46:31]
[<<][5a7d8a17307a5530201096][DEFAULT][/lib/results/topLevelSuitesBarChart.php][18/Feb/9 11:46:31][18/Feb/9 11:46:31][took 0.409633 secs]
[<<][5a7d8a1718acc769613389][DEFAULT][/lib/results/keywordBarChart.php][18/Feb/9 11:46:31][18/Feb/9 11:46:31][took 0.581058 secs]
[>>][5a7d8a17a6a99830783925][DEFAULT][/lib/results/keywordBarChart.php][18/Feb/9 11:46:31]
[<<][5a7d8a17a6a99830783925][DEFAULT][/lib/results/keywordBarChart.php][18/Feb/9 11:46:31][18/Feb/9 11:46:31][took 0.064731 secs]
[<<][5a7d8a171875c930563805][DEFAULT][/lib/results/overallPieChart.php][18/Feb/9 11:46:31][18/Feb/9 11:46:31][took 0.682729 secs]
[>>][5a7d8a17bf4bf387788162][DEFAULT][/lib/results/overallPieChart.php][18/Feb/9 11:46:31]
[<<][5a7d8a17bf4bf387788162][DEFAULT][/lib/results/overallPieChart.php][18/Feb/9 11:46:31][18/Feb/9 11:46:32][took 0.304107 secs]
[<<][5a7d8a2394f24551893501][DEFAULT][/lib/results/printDocOptions.php][18/Feb/9 11:46:43][18/Feb/9 11:46:43][took 0.10494 secs]
[>>][5a7d8a23aeaf3217695650][DEFAULT][/lib/results/printDocOptions.php][18/Feb/9 11:46:43]
[<<][5a7d8a23aeaf3217695650][DEFAULT][/lib/results/printDocOptions.php][18/Feb/9 11:46:43][18/Feb/9 11:46:43][took 0.004211 secs]
[>>][5a7d8a23afdb0868406837][DEFAULT][/lib/results/printDocOptions.php][18/Feb/9 11:46:43]
	[18/Feb/9 11:46:43][L18N][61ge8ectgu788sic4vnouqven0][GUI]
		string 'builds' is not localized for locale 'pt_BR'  - using en_GB
	[18/Feb/9 11:46:43][L18N][61ge8ectgu788sic4vnouqven0][GUI]
		string 'onlywithuser' is not localized for locale 'pt_BR'  - using en_GB
[<<][5a7d8a23afdb0868406837][DEFAULT][/lib/results/printDocOptions.php][18/Feb/9 11:46:43][18/Feb/9 11:46:43][took 0.201917 secs]
[<<][5a7d8a2c9574c052103987][DEFAULT][/lib/results/printDocument.php][18/Feb/9 11:46:52][18/Feb/9 11:46:52][took 0.151611 secs]
[>>][5a7d8a2cbaa0f497633552][DEFAULT][/lib/results/printDocument.php][18/Feb/9 11:46:52]
[<<][5a7d8a2cbaa0f497633552][DEFAULT][/lib/results/printDocument.php][18/Feb/9 11:46:52][18/Feb/9 11:46:52][took 0.005956 secs]
[>>][5a7d8a2cbc358576674039][DEFAULT][/lib/results/printDocument.php][18/Feb/9 11:46:52]
	[18/Feb/9 11:46:52][L18N][61ge8ectgu788sic4vnouqven0][GUI]
		string 'report_test_plan_design' is not localized for locale 'pt_BR'  - using en_GB
	[18/Feb/9 11:46:52][WARNING][61ge8ectgu788sic4vnouqven0][GUI]
		E_WARNING
array_merge(): Argument #2 is not an array - in /var/www/html/testlink/lib/results/printDocument.php - Line 139
	[18/Feb/9 11:46:52][L18N][61ge8ectgu788sic4vnouqven0][GUI]
		string 'report_exec_result' is not localized for locale 'pt_BR'  - using en_GB
	[18/Feb/9 11:46:52][L18N][61ge8ectgu788sic4vnouqven0][GUI]
		string 'execution_details' is not localized for locale 'pt_BR'  - using en_GB
	[18/Feb/9 11:46:52][L18N][61ge8ectgu788sic4vnouqven0][GUI]
		string 'execution_mode' is not localized for locale 'pt_BR'  - using en_GB
	[18/Feb/9 11:46:52][L18N][61ge8ectgu788sic4vnouqven0][GUI]
		string 'step' is not localized for locale 'pt_BR'  - using en_GB
	[18/Feb/9 11:46:52][L18N][61ge8ectgu788sic4vnouqven0][GUI]
		string 'estimated_execution_duration' is not localized for locale 'pt_BR'  - using en_GB
	[18/Feb/9 11:46:52][L18N][61ge8ectgu788sic4vnouqven0][GUI]
		string 'step_exec_notes' is not localized for locale 'pt_BR'  - using en_GB
	[18/Feb/9 11:46:52][L18N][61ge8ectgu788sic4vnouqven0][GUI]
		string 'step_exec_status' is not localized for locale 'pt_BR'  - using en_GB
	[18/Feb/9 11:46:52][L18N][61ge8ectgu788sic4vnouqven0][GUI]
		string 'exec_attachments' is not localized for locale 'pt_BR'  - using en_GB
	[18/Feb/9 11:46:52][L18N][61ge8ectgu788sic4vnouqven0][GUI]
		string 'execution_duration' is not localized for locale 'pt_BR'  - using en_GB
	[18/Feb/9 11:46:52][L18N][61ge8ectgu788sic4vnouqven0][GUI]
		string 'unable_to_render_ghost' is not localized for locale 'pt_BR'  - using en_GB
	[18/Feb/9 11:46:53][L18N][61ge8ectgu788sic4vnouqven0][GUI]
		string 'execution_time_metrics' is not localized for locale 'pt_BR'  - using en_GB
[<<][5a7d8a2cbc358576674039][DEFAULT][/lib/results/printDocument.php][18/Feb/9 11:46:52][18/Feb/9 11:46:53][took 0.814502 secs]
[<<][5a7d8a2d58439590099416][DEFAULT][/lib/results/printDocument.php][18/Feb/9 11:46:53][18/Feb/9 11:46:53][took 0.272499 secs]
[>>][5a7d8a2d9aed5653465496][DEFAULT][/lib/results/printDocument.php][18/Feb/9 11:46:53]
[<<][5a7d8a2d9aed5653465496][DEFAULT][/lib/results/printDocument.php][18/Feb/9 11:46:53][18/Feb/9 11:46:53][took 0.0051680000000001 secs]
[>>][5a7d8a2d9c529670338601][DEFAULT][/lib/results/printDocument.php][18/Feb/9 11:46:53]
	[18/Feb/9 11:46:53][WARNING][61ge8ectgu788sic4vnouqven0][GUI]
		E_WARNING
array_merge(): Argument #2 is not an array - in /var/www/html/testlink/lib/results/printDocument.php - Line 139
[<<][5a7d8a2d9c529670338601][DEFAULT][/lib/results/printDocument.php][18/Feb/9 11:46:53][18/Feb/9 11:46:54][took 0.688735 secs]
[<<][5a7d8a2d84950503296524][DEFAULT][/lib/results/printDocument.php][18/Feb/9 11:46:53][18/Feb/9 11:46:54][took 0.851333 secs]
[>>][5a7d8a2e606b1460743927][DEFAULT][/lib/results/printDocument.php][18/Feb/9 11:46:54]
[<<][5a7d8a2e606b1460743927][DEFAULT][/lib/results/printDocument.php][18/Feb/9 11:46:54][18/Feb/9 11:46:54][took 0.005773 secs]
[>>][5a7d8a2e61f94254674524][DEFAULT][/lib/results/printDocument.php][18/Feb/9 11:46:54]
	[18/Feb/9 11:46:54][WARNING][61ge8ectgu788sic4vnouqven0][GUI]
		E_WARNING
array_merge(): Argument #2 is not an array - in /var/www/html/testlink/lib/results/printDocument.php - Line 139
[<<][5a7d8a2e61f94254674524][DEFAULT][/lib/results/printDocument.php][18/Feb/9 11:46:54][18/Feb/9 11:46:57][took 3.008343 secs]
[<<][5a7d8a2d2982c068194023][DEFAULT][/lib/results/printDocument.php][18/Feb/9 11:46:53][18/Feb/9 11:46:57][took 4.329483 secs]
[>>][5a7d8a317a11e863455383][DEFAULT][/lib/results/printDocument.php][18/Feb/9 11:46:57]
[<<][5a7d8a317a11e863455383][DEFAULT][/lib/results/printDocument.php][18/Feb/9 11:46:57][18/Feb/9 11:46:57][took 0.005444 secs]
[>>][5a7d8a317b7e2155979536][DEFAULT][/lib/results/printDocument.php][18/Feb/9 11:46:57]
	[18/Feb/9 11:46:57][WARNING][61ge8ectgu788sic4vnouqven0][GUI]
		E_WARNING
array_merge(): Argument #2 is not an array - in /var/www/html/testlink/lib/results/printDocument.php - Line 139
[<<][5a7d8a317b7e2155979536][DEFAULT][/lib/results/printDocument.php][18/Feb/9 11:46:57][18/Feb/9 11:46:59][took 2.14741 secs]
[<<][5a7d8ab6d29cc789441952][DEFAULT][/index.php][18/Feb/9 11:49:10][18/Feb/9 11:49:10][took 0.124463 secs]
[>>][5a7d8ab6f1277273831404][DEFAULT][/index.php][18/Feb/9 11:49:10]
[<<][5a7d8ab6f1277273831404][DEFAULT][/index.php][18/Feb/9 11:49:10][18/Feb/9 11:49:10][took 0.006383 secs]
[<<][5a7d8ab710a56188633028][DEFAULT][/lib/general/navBar.php][18/Feb/9 11:49:11][18/Feb/9 11:49:11][took 0.094709 secs]
[>>][5a7d8ab727e56659532959][DEFAULT][/lib/general/navBar.php][18/Feb/9 11:49:11]
[<<][5a7d8ab727e56659532959][DEFAULT][/lib/general/navBar.php][18/Feb/9 11:49:11][18/Feb/9 11:49:11][took 0.008287 secs]
[>>][5a7d8ab72a0c0793604234][DEFAULT][/lib/general/navBar.php][18/Feb/9 11:49:11]
[<<][5a7d8ab72a0c0793604234][DEFAULT][/lib/general/navBar.php][18/Feb/9 11:49:11][18/Feb/9 11:49:11][took 0.043963 secs]
[<<][5a7d8ab7118fb099821430][DEFAULT][/lib/general/mainPage.php][18/Feb/9 11:49:11][18/Feb/9 11:49:11][took 0.170979 secs]
[>>][5a7d8ab73b6e8583191130][DEFAULT][/lib/general/mainPage.php][18/Feb/9 11:49:11]
[<<][5a7d8ab73b6e8583191130][DEFAULT][/lib/general/mainPage.php][18/Feb/9 11:49:11][18/Feb/9 11:49:11][took 0.004253 secs]
[>>][5a7d8ab73c9a1776830812][DEFAULT][/lib/general/mainPage.php][18/Feb/9 11:49:11]
[<<][5a7d8ab73c9a1776830812][DEFAULT][/lib/general/mainPage.php][18/Feb/9 11:49:11][18/Feb/9 11:49:11][took 0.062547 secs]
[<<][5a7d8abcb275b217523364][DEFAULT][/index.php][18/Feb/9 11:49:16][18/Feb/9 11:49:16][took 0.101555 secs]
[>>][5a7d8abccb5cc759765528][DEFAULT][/index.php][18/Feb/9 11:49:16]
[<<][5a7d8abccb5cc759765528][DEFAULT][/index.php][18/Feb/9 11:49:16][18/Feb/9 11:49:16][took 0.0048509999999999 secs]
[<<][5a7d8ac27e750414553721][DEFAULT][/index.php][18/Feb/9 11:49:22][18/Feb/9 11:49:22][took 0.087977 secs]
[>>][5a7d8ac29411e961709634][DEFAULT][/index.php][18/Feb/9 11:49:22]
[<<][5a7d8ac29411e961709634][DEFAULT][/index.php][18/Feb/9 11:49:22][18/Feb/9 11:49:22][took 0.0051209999999999 secs]
[<<][5a7d8ac2a5cea635916737][DEFAULT][/lib/general/mainPage.php][18/Feb/9 11:49:22][18/Feb/9 11:49:22][took 0.064979 secs]
[>>][5a7d8ac2b5cdb462436199][DEFAULT][/lib/general/mainPage.php][18/Feb/9 11:49:22]
[<<][5a7d8ac2b5cdb462436199][DEFAULT][/lib/general/mainPage.php][18/Feb/9 11:49:22][18/Feb/9 11:49:22][took 0.00525 secs]
[>>][5a7d8ac2b7375878672550][DEFAULT][/lib/general/mainPage.php][18/Feb/9 11:49:22]
[<<][5a7d8ac2b7375878672550][DEFAULT][/lib/general/mainPage.php][18/Feb/9 11:49:22][18/Feb/9 11:49:22][took 0.059257 secs]
[<<][5a7d8ac2a642a878580291][DEFAULT][/lib/general/navBar.php][18/Feb/9 11:49:22][18/Feb/9 11:49:22][took 0.155895 secs]
[>>][5a7d8ac2cc73c378389265][DEFAULT][/lib/general/navBar.php][18/Feb/9 11:49:22]
[<<][5a7d8ac2cc73c378389265][DEFAULT][/lib/general/navBar.php][18/Feb/9 11:49:22][18/Feb/9 11:49:22][took 0.005423 secs]
[>>][5a7d8ac2cdef7035872403][DEFAULT][/lib/general/navBar.php][18/Feb/9 11:49:22]
[<<][5a7d8ac2cdef7035872403][DEFAULT][/lib/general/navBar.php][18/Feb/9 11:49:22][18/Feb/9 11:49:22][took 0.04791 secs]
[<<][5a7d8ac489379519822156][DEFAULT][/index.php][18/Feb/9 11:49:24][18/Feb/9 11:49:24][took 0.08843 secs]
[>>][5a7d8ac49ef12160826043][DEFAULT][/index.php][18/Feb/9 11:49:24]
[<<][5a7d8ac49ef12160826043][DEFAULT][/index.php][18/Feb/9 11:49:24][18/Feb/9 11:49:24][took 0.00603 secs]
[<<][5a7d8ac4ae2df887902422][DEFAULT][/lib/general/navBar.php][18/Feb/9 11:49:24][18/Feb/9 11:49:24][took 0.072723 secs]
[>>][5a7d8ac4c00ce780365634][DEFAULT][/lib/general/navBar.php][18/Feb/9 11:49:24]
[<<][5a7d8ac4c00ce780365634][DEFAULT][/lib/general/navBar.php][18/Feb/9 11:49:24][18/Feb/9 11:49:24][took 0.0050830000000001 secs]
[>>][5a7d8ac4c1739499886417][DEFAULT][/lib/general/navBar.php][18/Feb/9 11:49:24]
[<<][5a7d8ac4c1739499886417][DEFAULT][/lib/general/navBar.php][18/Feb/9 11:49:24][18/Feb/9 11:49:24][took 0.044726 secs]
[<<][5a7d8ac4b0a00637171738][DEFAULT][/lib/general/mainPage.php][18/Feb/9 11:49:24][18/Feb/9 11:49:24][took 0.152307 secs]
[>>][5a7d8ac4d5f92643379972][DEFAULT][/lib/general/mainPage.php][18/Feb/9 11:49:24]
[<<][5a7d8ac4d5f92643379972][DEFAULT][/lib/general/mainPage.php][18/Feb/9 11:49:24][18/Feb/9 11:49:24][took 0.005073 secs]
[>>][5a7d8ac4d75f6866611155][DEFAULT][/lib/general/mainPage.php][18/Feb/9 11:49:24]
[<<][5a7d8ac4d75f6866611155][DEFAULT][/lib/general/mainPage.php][18/Feb/9 11:49:24][18/Feb/9 11:49:24][took 0.087435 secs]
[<<][5a7d8ac718526061054218][DEFAULT][/lib/testcases/tcSearch.php][18/Feb/9 11:49:27][18/Feb/9 11:49:27][took 0.098088 secs]
[>>][5a7d8ac73062e243638497][DEFAULT][/lib/testcases/tcSearch.php][18/Feb/9 11:49:27]
[<<][5a7d8ac73062e243638497][DEFAULT][/lib/testcases/tcSearch.php][18/Feb/9 11:49:27][18/Feb/9 11:49:27][took 0.005055 secs]
[>>][5a7d8ac731c16276788374][DEFAULT][/lib/testcases/tcSearch.php][18/Feb/9 11:49:27]
	[18/Feb/9 11:49:27][L18N][61ge8ectgu788sic4vnouqven0][GUI]
		string 'testCaseStatus_draft' is not localized for locale 'pt_BR'  - using en_GB
	[18/Feb/9 11:49:27][L18N][61ge8ectgu788sic4vnouqven0][GUI]
		string 'testCaseStatus_readyForReview' is not localized for locale 'pt_BR'  - using en_GB
	[18/Feb/9 11:49:27][L18N][61ge8ectgu788sic4vnouqven0][GUI]
		string 'testCaseStatus_reviewInProgress' is not localized for locale 'pt_BR'  - using en_GB
	[18/Feb/9 11:49:27][L18N][61ge8ectgu788sic4vnouqven0][GUI]
		string 'testCaseStatus_rework' is not localized for locale 'pt_BR'  - using en_GB
	[18/Feb/9 11:49:27][L18N][61ge8ectgu788sic4vnouqven0][GUI]
		string 'testCaseStatus_obsolete' is not localized for locale 'pt_BR'  - using en_GB
	[18/Feb/9 11:49:27][L18N][61ge8ectgu788sic4vnouqven0][GUI]
		string 'testCaseStatus_future' is not localized for locale 'pt_BR'  - using en_GB
	[18/Feb/9 11:49:27][L18N][61ge8ectgu788sic4vnouqven0][GUI]
		string 'testCaseStatus_final' is not localized for locale 'pt_BR'  - using en_GB
	[18/Feb/9 11:49:27][WARNING][61ge8ectgu788sic4vnouqven0][GUI]
		E_NOTICE
Undefined variable: emptyTestProject - in /var/www/html/testlink/lib/testcases/tcSearch.php - Line 293
	[18/Feb/9 11:49:27][L18N][61ge8ectgu788sic4vnouqven0][GUI]
		string 'edited_by' is not localized for locale 'pt_BR'  - using en_GB
	[18/Feb/9 11:49:27][L18N][61ge8ectgu788sic4vnouqven0][GUI]
		string 'created_by' is not localized for locale 'pt_BR'  - using en_GB
	[18/Feb/9 11:49:27][L18N][61ge8ectgu788sic4vnouqven0][GUI]
		string 'jolly_hint' is not localized for locale 'pt_BR'  - using en_GB
	[18/Feb/9 11:49:27][L18N][61ge8ectgu788sic4vnouqven0][GUI]
		string 'jolly' is not localized for locale 'pt_BR'  - using en_GB
[<<][5a7d8ac731c16276788374][DEFAULT][/lib/testcases/tcSearch.php][18/Feb/9 11:49:27][18/Feb/9 11:49:27][took 0.164437 secs]
[<<][5a7d8acbe7c46340233685][DEFAULT][/lib/general/mainPage.php][18/Feb/9 11:49:31][18/Feb/9 11:49:32][took 0.096534 secs]
[>>][5a7d8acc0b58c719053764][DEFAULT][/lib/general/mainPage.php][18/Feb/9 11:49:32]
[<<][5a7d8acc0b58c719053764][DEFAULT][/lib/general/mainPage.php][18/Feb/9 11:49:32][18/Feb/9 11:49:32][took 0.005526 secs]
[>>][5a7d8acc0cd5b552448644][DEFAULT][/lib/general/mainPage.php][18/Feb/9 11:49:32]
[<<][5a7d8acc0cd5b552448644][DEFAULT][/lib/general/mainPage.php][18/Feb/9 11:49:32][18/Feb/9 11:49:32][took 0.071495 secs]
[<<][5a7d8acd8cf75239506072][DEFAULT][/lib/general/frmWorkArea.php][18/Feb/9 11:49:33][18/Feb/9 11:49:33][took 0.085498 secs]
[>>][5a7d8acda1fff084915013][DEFAULT][/lib/general/frmWorkArea.php][18/Feb/9 11:49:33]
[<<][5a7d8acda1fff084915013][DEFAULT][/lib/general/frmWorkArea.php][18/Feb/9 11:49:33][18/Feb/9 11:49:33][took 0.00595 secs]
[>>][5a7d8acda3960322236446][DEFAULT][/lib/general/frmWorkArea.php][18/Feb/9 11:49:33]
[<<][5a7d8acda3960322236446][DEFAULT][/lib/general/frmWorkArea.php][18/Feb/9 11:49:33][18/Feb/9 11:49:33][took 0.02388 secs]
[<<][5a7d8acdb72ab690675969][DEFAULT][/lib/testcases/listTestCases.php][18/Feb/9 11:49:33][18/Feb/9 11:49:33][took 0.09118 secs]
[>>][5a7d8acdcd988283363633][DEFAULT][/lib/testcases/listTestCases.php][18/Feb/9 11:49:33]
[<<][5a7d8acdcd988283363633][DEFAULT][/lib/testcases/listTestCases.php][18/Feb/9 11:49:33][18/Feb/9 11:49:33][took 0.00563 secs]
[>>][5a7d8acdcf240526257436][DEFAULT][/lib/testcases/listTestCases.php][18/Feb/9 11:49:33]
	[18/Feb/9 11:49:33][WARNING][61ge8ectgu788sic4vnouqven0][GUI]
		E_WARNING
file_put_contents(/development/var/tracer.log): failed to open stream: No such file or directory - in /var/www/html/testlink/lib/functions/tlFilterControl.class.php - Line 268
	[18/Feb/9 11:49:33][L18N][61ge8ectgu788sic4vnouqven0][GUI]
		string 'without_keywords' is not localized for locale 'pt_BR'  - using en_GB
	[18/Feb/9 11:49:33][L18N][61ge8ectgu788sic4vnouqven0][GUI]
		string 'not_linked' is not localized for locale 'pt_BR'  - using en_GB
	[18/Feb/9 11:49:33][L18N][61ge8ectgu788sic4vnouqven0][GUI]
		string 'hint_list_of_bugs' is not localized for locale 'pt_BR'  - using en_GB
	[18/Feb/9 11:49:33][L18N][61ge8ectgu788sic4vnouqven0][GUI]
		string 'bugs_on_context' is not localized for locale 'pt_BR'  - using en_GB
	[18/Feb/9 11:49:33][L18N][61ge8ectgu788sic4vnouqven0][GUI]
		string 'btn_export_testplan_tree_for_results' is not localized for locale 'pt_BR'  - using en_GB
	[18/Feb/9 11:49:34][L18N][61ge8ectgu788sic4vnouqven0][GUI]
		string 'tester_works_with_settings' is not localized for locale 'pt_BR'  - using en_GB
	[18/Feb/9 11:49:34][L18N][61ge8ectgu788sic4vnouqven0][GUI]
		string 'btn_bulk_remove' is not localized for locale 'pt_BR'  - using en_GB
	[18/Feb/9 11:49:34][L18N][61ge8ectgu788sic4vnouqven0][GUI]
		string 'btn_bulk_copy' is not localized for locale 'pt_BR'  - using en_GB
[<<][5a7d8acdcf240526257436][DEFAULT][/lib/testcases/listTestCases.php][18/Feb/9 11:49:33][18/Feb/9 11:49:34][took 0.173227 secs]
[<<][5a7d8acdb8355754736931][DEFAULT][/lib/testcases/archiveData.php][18/Feb/9 11:49:33][18/Feb/9 11:49:34][took 0.316018 secs]
[>>][5a7d8ace115fa174191373][DEFAULT][/lib/testcases/archiveData.php][18/Feb/9 11:49:34]
[<<][5a7d8ace115fa174191373][DEFAULT][/lib/testcases/archiveData.php][18/Feb/9 11:49:34][18/Feb/9 11:49:34][took 0.006323 secs]
[>>][5a7d8ace13144396329079][DEFAULT][/lib/testcases/archiveData.php][18/Feb/9 11:49:34]
	[18/Feb/9 11:49:34][L18N][61ge8ectgu788sic4vnouqven0][GUI]
		string 'btn_testcases_table_view' is not localized for locale 'pt_BR'  - using en_GB
	[18/Feb/9 11:49:34][L18N][61ge8ectgu788sic4vnouqven0][GUI]
		string 'btn_gen_test_spec' is not localized for locale 'pt_BR'  - using en_GB
	[18/Feb/9 11:49:34][L18N][61ge8ectgu788sic4vnouqven0][GUI]
		string 'btn_gen_test_spec_new_window' is not localized for locale 'pt_BR'  - using en_GB
	[18/Feb/9 11:49:34][L18N][61ge8ectgu788sic4vnouqven0][GUI]
		string 'btn_gen_test_spec_word' is not localized for locale 'pt_BR'  - using en_GB
	[18/Feb/9 11:49:34][L18N][61ge8ectgu788sic4vnouqven0][GUI]
		string 'btn_gen_test_suite_spec_word' is not localized for locale 'pt_BR'  - using en_GB
	[18/Feb/9 11:49:34][L18N][61ge8ectgu788sic4vnouqven0][GUI]
		string 'btn_gen_test_suite_spec' is not localized for locale 'pt_BR'  - using en_GB
	[18/Feb/9 11:49:34][L18N][61ge8ectgu788sic4vnouqven0][GUI]
		string 'btn_gen_test_suite_spec_new_window' is not localized for locale 'pt_BR'  - using en_GB
	[18/Feb/9 11:49:34][L18N][61ge8ectgu788sic4vnouqven0][GUI]
		string 'btn_create_from_issue_xml' is not localized for locale 'pt_BR'  - using en_GB
	[18/Feb/9 11:49:34][L18N][61ge8ectgu788sic4vnouqven0][GUI]
		string 'attachment_title' is not localized for locale 'pt_BR'  - using en_GB
	[18/Feb/9 11:49:34][L18N][61ge8ectgu788sic4vnouqven0][GUI]
		string 'click_to_get_attachment' is not localized for locale 'pt_BR'  - using en_GB
	[18/Feb/9 11:49:34][L18N][61ge8ectgu788sic4vnouqven0][GUI]
		string 'display_inline' is not localized for locale 'pt_BR'  - using en_GB
	[18/Feb/9 11:49:34][L18N][61ge8ectgu788sic4vnouqven0][GUI]
		string 'display_ea_string' is not localized for locale 'pt_BR'  - using en_GB
	[18/Feb/9 11:49:34][L18N][61ge8ectgu788sic4vnouqven0][GUI]
		string 'display_inline_string' is not localized for locale 'pt_BR'  - using en_GB
[<<][5a7d8ace13144396329079][DEFAULT][/lib/testcases/archiveData.php][18/Feb/9 11:49:34][18/Feb/9 11:49:34][took 0.1809 secs]
[<<][5a7d8ace2e8b4394921775][DEFAULT][/lib/ajax/gettprojectnodes.php][18/Feb/9 11:49:34][18/Feb/9 11:49:34][took 0.11066 secs]
[>>][5a7d8ace49b79831490309][DEFAULT][/lib/ajax/gettprojectnodes.php][18/Feb/9 11:49:34]
[<<][5a7d8ace49b79831490309][DEFAULT][/lib/ajax/gettprojectnodes.php][18/Feb/9 11:49:34][18/Feb/9 11:49:34][took 0.0073589999999999 secs]
[>>][5a7d8ace4bb83065008859][DEFAULT][/lib/ajax/gettprojectnodes.php][18/Feb/9 11:49:34]
[<<][5a7d8ace4bb83065008859][DEFAULT][/lib/ajax/gettprojectnodes.php][18/Feb/9 11:49:34][18/Feb/9 11:49:34][took 0.054229 secs]
[<<][5a7d8ad2ecb5a478741264][DEFAULT][/lib/testcases/archiveData.php][18/Feb/9 11:49:38][18/Feb/9 11:49:39][took 0.089837 secs]
[>>][5a7d8ad30ea6b392730759][DEFAULT][/lib/testcases/archiveData.php][18/Feb/9 11:49:39]
[<<][5a7d8ad30ea6b392730759][DEFAULT][/lib/testcases/archiveData.php][18/Feb/9 11:49:39][18/Feb/9 11:49:39][took 0.005389 secs]
[>>][5a7d8ad31019e971394297][DEFAULT][/lib/testcases/archiveData.php][18/Feb/9 11:49:39]
[<<][5a7d8ad31019e971394297][DEFAULT][/lib/testcases/archiveData.php][18/Feb/9 11:49:39][18/Feb/9 11:49:39][took 0.085006 secs]
[<<][5a7d8ad4a1813633520909][DEFAULT][/lib/ajax/gettprojectnodes.php][18/Feb/9 11:49:40][18/Feb/9 11:49:40][took 0.098624 secs]
[>>][5a7d8ad4b9c56371869425][DEFAULT][/lib/ajax/gettprojectnodes.php][18/Feb/9 11:49:40]
[<<][5a7d8ad4b9c56371869425][DEFAULT][/lib/ajax/gettprojectnodes.php][18/Feb/9 11:49:40][18/Feb/9 11:49:40][took 0.006015 secs]
[>>][5a7d8ad4bb89f751439787][DEFAULT][/lib/ajax/gettprojectnodes.php][18/Feb/9 11:49:40]
[<<][5a7d8ad4bb89f751439787][DEFAULT][/lib/ajax/gettprojectnodes.php][18/Feb/9 11:49:40][18/Feb/9 11:49:40][took 0.049458 secs]
[<<][5a7d8ae63c6da558136266][DEFAULT][/lib/ajax/gettprojectnodes.php][18/Feb/9 11:49:58][18/Feb/9 11:49:58][took 0.096756 secs]
[>>][5a7d8ae6542f0438511847][DEFAULT][/lib/ajax/gettprojectnodes.php][18/Feb/9 11:49:58]
[<<][5a7d8ae6542f0438511847][DEFAULT][/lib/ajax/gettprojectnodes.php][18/Feb/9 11:49:58][18/Feb/9 11:49:58][took 0.00552 secs]
[>>][5a7d8ae655afb473360095][DEFAULT][/lib/ajax/gettprojectnodes.php][18/Feb/9 11:49:58]
[<<][5a7d8ae655afb473360095][DEFAULT][/lib/ajax/gettprojectnodes.php][18/Feb/9 11:49:58][18/Feb/9 11:49:58][took 0.044985 secs]
[<<][5a7d8ae99b9be654194757][DEFAULT][/lib/ajax/gettprojectnodes.php][18/Feb/9 11:50:01][18/Feb/9 11:50:01][took 0.076188 secs]
[>>][5a7d8ae9ae517298273075][DEFAULT][/lib/ajax/gettprojectnodes.php][18/Feb/9 11:50:01]
[<<][5a7d8ae9ae517298273075][DEFAULT][/lib/ajax/gettprojectnodes.php][18/Feb/9 11:50:01][18/Feb/9 11:50:01][took 0.00635 secs]
[>>][5a7d8ae9b0069965736124][DEFAULT][/lib/ajax/gettprojectnodes.php][18/Feb/9 11:50:01]
[<<][5a7d8ae9b0069965736124][DEFAULT][/lib/ajax/gettprojectnodes.php][18/Feb/9 11:50:01][18/Feb/9 11:50:01][took 0.066327 secs]
[<<][5a7d8aeaa3f38406055487][DEFAULT][/lib/ajax/gettprojectnodes.php][18/Feb/9 11:50:02][18/Feb/9 11:50:02][took 0.080198 secs]
[>>][5a7d8aeab7aad553351305][DEFAULT][/lib/ajax/gettprojectnodes.php][18/Feb/9 11:50:02]
[<<][5a7d8aeab7aad553351305][DEFAULT][/lib/ajax/gettprojectnodes.php][18/Feb/9 11:50:02][18/Feb/9 11:50:02][took 0.005613 secs]
[>>][5a7d8aeab92cb685806868][DEFAULT][/lib/ajax/gettprojectnodes.php][18/Feb/9 11:50:02]
[<<][5a7d8aeab92cb685806868][DEFAULT][/lib/ajax/gettprojectnodes.php][18/Feb/9 11:50:02][18/Feb/9 11:50:02][took 0.054982 secs]
[<<][5a7d8aed2d9ae404232185][DEFAULT][/lib/ajax/gettprojectnodes.php][18/Feb/9 11:50:05][18/Feb/9 11:50:05][took 0.071771 secs]
[>>][5a7d8aed3f490975273392][DEFAULT][/lib/ajax/gettprojectnodes.php][18/Feb/9 11:50:05]
[<<][5a7d8aed3f490975273392][DEFAULT][/lib/ajax/gettprojectnodes.php][18/Feb/9 11:50:05][18/Feb/9 11:50:05][took 0.006234 secs]
[>>][5a7d8aed40fda702765856][DEFAULT][/lib/ajax/gettprojectnodes.php][18/Feb/9 11:50:05]
[<<][5a7d8aed40fda702765856][DEFAULT][/lib/ajax/gettprojectnodes.php][18/Feb/9 11:50:05][18/Feb/9 11:50:05][took 0.046768 secs]
[<<][5a7d8aef73825895230815][DEFAULT][/lib/ajax/gettprojectnodes.php][18/Feb/9 11:50:07][18/Feb/9 11:50:07][took 0.071959 secs]
[>>][5a7d8aef85381130542341][DEFAULT][/lib/ajax/gettprojectnodes.php][18/Feb/9 11:50:07]
[<<][5a7d8aef85381130542341][DEFAULT][/lib/ajax/gettprojectnodes.php][18/Feb/9 11:50:07][18/Feb/9 11:50:07][took 0.0053709999999999 secs]
[>>][5a7d8aef86a66313024551][DEFAULT][/lib/ajax/gettprojectnodes.php][18/Feb/9 11:50:07]
[<<][5a7d8aef86a66313024551][DEFAULT][/lib/ajax/gettprojectnodes.php][18/Feb/9 11:50:07][18/Feb/9 11:50:07][took 0.033365 secs]
[<<][5a7d8af3ab8a3812440621][DEFAULT][/lib/testcases/listTestCases.php][18/Feb/9 11:50:11][18/Feb/9 11:50:11][took 0.072093 secs]
[>>][5a7d8af3bd539390046385][DEFAULT][/lib/testcases/listTestCases.php][18/Feb/9 11:50:11]
[<<][5a7d8af3bd539390046385][DEFAULT][/lib/testcases/listTestCases.php][18/Feb/9 11:50:11][18/Feb/9 11:50:11][took 0.007432 secs]
[>>][5a7d8af3bf4cc159871100][DEFAULT][/lib/testcases/listTestCases.php][18/Feb/9 11:50:11]
	[18/Feb/9 11:50:11][WARNING][61ge8ectgu788sic4vnouqven0][GUI]
		E_WARNING
file_put_contents(/development/var/tracer.log): failed to open stream: No such file or directory - in /var/www/html/testlink/lib/functions/tlFilterControl.class.php - Line 268
[<<][5a7d8af3bf4cc159871100][DEFAULT][/lib/testcases/listTestCases.php][18/Feb/9 11:50:11][18/Feb/9 11:50:11][took 0.106128 secs]
[<<][5a7d8af4079ae645794910][DEFAULT][/lib/ajax/gettprojectnodes.php][18/Feb/9 11:50:12][18/Feb/9 11:50:12][took 0.066483 secs]
[>>][5a7d8af417f62852939546][DEFAULT][/lib/ajax/gettprojectnodes.php][18/Feb/9 11:50:12]
[<<][5a7d8af417f62852939546][DEFAULT][/lib/ajax/gettprojectnodes.php][18/Feb/9 11:50:12][18/Feb/9 11:50:12][took 0.004432 secs]
[>>][5a7d8af41931c843391396][DEFAULT][/lib/ajax/gettprojectnodes.php][18/Feb/9 11:50:12]
[<<][5a7d8af41931c843391396][DEFAULT][/lib/ajax/gettprojectnodes.php][18/Feb/9 11:50:12][18/Feb/9 11:50:12][took 0.037938 secs]
[<<][5a7d8af42cc5b207069982][DEFAULT][/lib/ajax/gettprojectnodes.php][18/Feb/9 11:50:12][18/Feb/9 11:50:12][took 0.063497 secs]
[>>][5a7d8af43c66e836012486][DEFAULT][/lib/ajax/gettprojectnodes.php][18/Feb/9 11:50:12]
[<<][5a7d8af43c66e836012486][DEFAULT][/lib/ajax/gettprojectnodes.php][18/Feb/9 11:50:12][18/Feb/9 11:50:12][took 0.004818 secs]
[>>][5a7d8af43db41655377040][DEFAULT][/lib/ajax/gettprojectnodes.php][18/Feb/9 11:50:12]
[<<][5a7d8af43db41655377040][DEFAULT][/lib/ajax/gettprojectnodes.php][18/Feb/9 11:50:12][18/Feb/9 11:50:12][took 0.04469 secs]
[<<][5a7d8af45e822493660935][DEFAULT][/lib/ajax/gettprojectnodes.php][18/Feb/9 11:50:12][18/Feb/9 11:50:12][took 0.086235 secs]
[>>][5a7d8af473b50072257361][DEFAULT][/lib/ajax/gettprojectnodes.php][18/Feb/9 11:50:12]
[<<][5a7d8af473b50072257361][DEFAULT][/lib/ajax/gettprojectnodes.php][18/Feb/9 11:50:12][18/Feb/9 11:50:12][took 0.004629 secs]
[>>][5a7d8af474f8a514739882][DEFAULT][/lib/ajax/gettprojectnodes.php][18/Feb/9 11:50:12]
[<<][5a7d8af474f8a514739882][DEFAULT][/lib/ajax/gettprojectnodes.php][18/Feb/9 11:50:12][18/Feb/9 11:50:12][took 0.048757 secs]
[<<][5a7d8af48ff34286684153][DEFAULT][/lib/ajax/gettprojectnodes.php][18/Feb/9 11:50:12][18/Feb/9 11:50:12][took 0.063327 secs]
[>>][5a7d8af49f876199384157][DEFAULT][/lib/ajax/gettprojectnodes.php][18/Feb/9 11:50:12]
[<<][5a7d8af49f876199384157][DEFAULT][/lib/ajax/gettprojectnodes.php][18/Feb/9 11:50:12][18/Feb/9 11:50:12][took 0.005582 secs]
[>>][5a7d8af4a1044453387312][DEFAULT][/lib/ajax/gettprojectnodes.php][18/Feb/9 11:50:12]
[<<][5a7d8af4a1044453387312][DEFAULT][/lib/ajax/gettprojectnodes.php][18/Feb/9 11:50:12][18/Feb/9 11:50:12][took 0.039329 secs]
[<<][5a7d8af4b6bb2598430192][DEFAULT][/lib/ajax/gettprojectnodes.php][18/Feb/9 11:50:12][18/Feb/9 11:50:12][took 0.064825 secs]
[>>][5a7d8af4c6b1e948338338][DEFAULT][/lib/ajax/gettprojectnodes.php][18/Feb/9 11:50:12]
[<<][5a7d8af4c6b1e948338338][DEFAULT][/lib/ajax/gettprojectnodes.php][18/Feb/9 11:50:12][18/Feb/9 11:50:12][took 0.0060140000000001 secs]
[>>][5a7d8af4c8516330153384][DEFAULT][/lib/ajax/gettprojectnodes.php][18/Feb/9 11:50:12]
[<<][5a7d8af4c8516330153384][DEFAULT][/lib/ajax/gettprojectnodes.php][18/Feb/9 11:50:12][18/Feb/9 11:50:12][took 0.04193 secs]
[<<][5a7d8b0832214020052588][DEFAULT][/lib/general/frmWorkArea.php][18/Feb/9 11:50:32][18/Feb/9 11:50:32][took 0.076171 secs]
[>>][5a7d8b0844ebf331726234][DEFAULT][/lib/general/frmWorkArea.php][18/Feb/9 11:50:32]
[<<][5a7d8b0844ebf331726234][DEFAULT][/lib/general/frmWorkArea.php][18/Feb/9 11:50:32][18/Feb/9 11:50:32][took 0.007964 secs]
[>>][5a7d8b0847027623675149][DEFAULT][/lib/general/frmWorkArea.php][18/Feb/9 11:50:32]
[<<][5a7d8b0847027623675149][DEFAULT][/lib/general/frmWorkArea.php][18/Feb/9 11:50:32][18/Feb/9 11:50:32][took 0.074374 secs]
[<<][5a7d8b086746e065389528][DEFAULT][/lib/results/resultsNavigator.php][18/Feb/9 11:50:32][18/Feb/9 11:50:32][took 0.068346 secs]
[>>][5a7d8b087817a187693513][DEFAULT][/lib/results/resultsNavigator.php][18/Feb/9 11:50:32]
[<<][5a7d8b087817a187693513][DEFAULT][/lib/results/resultsNavigator.php][18/Feb/9 11:50:32][18/Feb/9 11:50:32][took 0.006909 secs]
[>>][5a7d8b0879edd184547102][DEFAULT][/lib/results/resultsNavigator.php][18/Feb/9 11:50:32]
[<<][5a7d8b0879edd184547102][DEFAULT][/lib/results/resultsNavigator.php][18/Feb/9 11:50:32][18/Feb/9 11:50:32][took 0.090159 secs]
[<<][5a7d8b086a13f608125913][DEFAULT][/lib/general/staticPage.php][18/Feb/9 11:50:32][18/Feb/9 11:50:32][took 0.189848 secs]
[>>][5a7d8b0898973705310327][DEFAULT][/lib/general/staticPage.php][18/Feb/9 11:50:32]
[<<][5a7d8b0898973705310327][DEFAULT][/lib/general/staticPage.php][18/Feb/9 11:50:32][18/Feb/9 11:50:32][took 0.0054569999999999 secs]
[>>][5a7d8b089a0e4552425978][DEFAULT][/lib/general/staticPage.php][18/Feb/9 11:50:32]
[<<][5a7d8b089a0e4552425978][DEFAULT][/lib/general/staticPage.php][18/Feb/9 11:50:32][18/Feb/9 11:50:32][took 0.020693 secs]
[<<][5a7d8b08a3e84887634293][DEFAULT][/lib/general/staticPage.php][18/Feb/9 11:50:32][18/Feb/9 11:50:32][took 0.077885 secs]
[>>][5a7d8b08b70d3468621914][DEFAULT][/lib/general/staticPage.php][18/Feb/9 11:50:32]
[<<][5a7d8b08b70d3468621914][DEFAULT][/lib/general/staticPage.php][18/Feb/9 11:50:32][18/Feb/9 11:50:32][took 0.004853 secs]
[>>][5a7d8b08b860a505209389][DEFAULT][/lib/general/staticPage.php][18/Feb/9 11:50:32]
[<<][5a7d8b08b860a505209389][DEFAULT][/lib/general/staticPage.php][18/Feb/9 11:50:32][18/Feb/9 11:50:32][took 0.021673 secs]
[<<][5a7d8b12b59af943788956][DEFAULT][/lib/results/resultsGeneral.php][18/Feb/9 11:50:42][18/Feb/9 11:50:42][took 0.087187 secs]
[>>][5a7d8b12cb0cf803225982][DEFAULT][/lib/results/resultsGeneral.php][18/Feb/9 11:50:42]
[<<][5a7d8b12cb0cf803225982][DEFAULT][/lib/results/resultsGeneral.php][18/Feb/9 11:50:42][18/Feb/9 11:50:42][took 0.006011 secs]
[>>][5a7d8b12cca51889361512][DEFAULT][/lib/results/resultsGeneral.php][18/Feb/9 11:50:42]
[<<][5a7d8b12cca51889361512][DEFAULT][/lib/results/resultsGeneral.php][18/Feb/9 11:50:42][18/Feb/9 11:50:42][took 0.154528 secs]
[<<][5a7d8b26b1818862303902][DEFAULT][/lib/results/resultsByStatus.php][18/Feb/9 11:51:02][18/Feb/9 11:51:02][took 0.069911 secs]
[>>][5a7d8b26c2b3c261691900][DEFAULT][/lib/results/resultsByStatus.php][18/Feb/9 11:51:02]
[<<][5a7d8b26c2b3c261691900][DEFAULT][/lib/results/resultsByStatus.php][18/Feb/9 11:51:02][18/Feb/9 11:51:02][took 0.005105 secs]
[>>][5a7d8b26c40f3698576537][DEFAULT][/lib/results/resultsByStatus.php][18/Feb/9 11:51:02]
	[18/Feb/9 11:51:02][L18N][61ge8ectgu788sic4vnouqven0][GUI]
		string 'info_only_with_tester_assignment' is not localized for locale 'pt_BR'  - using en_GB
[<<][5a7d8b26c40f3698576537][DEFAULT][/lib/results/resultsByStatus.php][18/Feb/9 11:51:02][18/Feb/9 11:51:03][took 0.321953 secs]
[<<][5a7d8b37ca3c9278886468][DEFAULT][/lib/execute/execHistory.php][18/Feb/9 11:51:19][18/Feb/9 11:51:19][took 0.11195 secs]
[>>][5a7d8b37e5be2533638018][DEFAULT][/lib/execute/execHistory.php][18/Feb/9 11:51:19]
[<<][5a7d8b37e5be2533638018][DEFAULT][/lib/execute/execHistory.php][18/Feb/9 11:51:19][18/Feb/9 11:51:19][took 0.005898 secs]
[>>][5a7d8b37e75d0128780953][DEFAULT][/lib/execute/execHistory.php][18/Feb/9 11:51:19]
	[18/Feb/9 11:51:20][L18N][61ge8ectgu788sic4vnouqven0][GUI]
		string 'display_only_active_test_plans' is not localized for locale 'pt_BR'  - using en_GB
[<<][5a7d8b37e75d0128780953][DEFAULT][/lib/execute/execHistory.php][18/Feb/9 11:51:19][18/Feb/9 11:51:20][took 0.126305 secs]
