	[18/Feb/26 11:38:53][AUDIT][39umuvnrs0ah20lbuems25fer0][GUI]
		Login for '5141' from '192.168.3.84' succeeded
[<<][5a93f1cdd26bc518789070][DEFAULT][/login.php][18/Feb/26 11:38:53][18/Feb/26 11:38:53][took 0.02861 secs]
[<<][5a93f1cde9cdb623407715][DEFAULT][/index.php][18/Feb/26 11:38:53][18/Feb/26 11:38:54][took 0.093219 secs]
[>>][5a93f1ce0c905238035067][DEFAULT][/index.php][18/Feb/26 11:38:54]
[<<][5a93f1ce0c905238035067][DEFAULT][/index.php][18/Feb/26 11:38:54][18/Feb/26 11:38:54][took 0.006227 secs]
[<<][5a93f1ce22708169138262][DEFAULT][/lib/general/mainPage.php][18/Feb/26 11:38:54][18/Feb/26 11:38:54][took 0.082067 secs]
[>>][5a93f1ce36a2c102810267][DEFAULT][/lib/general/mainPage.php][18/Feb/26 11:38:54]
[<<][5a93f1ce36a2c102810267][DEFAULT][/lib/general/mainPage.php][18/Feb/26 11:38:54][18/Feb/26 11:38:54][took 0.005349 secs]
[>>][5a93f1ce38193980693093][DEFAULT][/lib/general/mainPage.php][18/Feb/26 11:38:54]
[<<][5a93f1ce38193980693093][DEFAULT][/lib/general/mainPage.php][18/Feb/26 11:38:54][18/Feb/26 11:38:54][took 0.043486 secs]
[<<][5a93f1ce22cf3361310336][DEFAULT][/lib/general/navBar.php][18/Feb/26 11:38:54][18/Feb/26 11:38:54][took 0.156958 secs]
[>>][5a93f1ce4942c805524606][DEFAULT][/lib/general/navBar.php][18/Feb/26 11:38:54]
[<<][5a93f1ce4942c805524606][DEFAULT][/lib/general/navBar.php][18/Feb/26 11:38:54][18/Feb/26 11:38:54][took 0.005005 secs]
[>>][5a93f1ce4a9e0201200297][DEFAULT][/lib/general/navBar.php][18/Feb/26 11:38:54]
[<<][5a93f1ce4a9e0201200297][DEFAULT][/lib/general/navBar.php][18/Feb/26 11:38:54][18/Feb/26 11:38:54][took 0.028846 secs]
[<<][5a93f1d51b3c5283078380][DEFAULT][/logout.php][18/Feb/26 11:39:01][18/Feb/26 11:39:01][took 0.061788 secs]
[>>][5a93f1d52a759946012988][DEFAULT][/logout.php][18/Feb/26 11:39:01]
[<<][5a93f1d52a759946012988][DEFAULT][/logout.php][18/Feb/26 11:39:01][18/Feb/26 11:39:01][took 0.00664 secs]
[>>][5a93f1d52c326687366807][DEFAULT][/logout.php][18/Feb/26 11:39:01]
	[18/Feb/26 11:39:01][AUDIT][39umuvnrs0ah20lbuems25fer0][GUI]
		Logout of '5141'
	[18/Feb/26 11:39:41][AUDIT][39umuvnrs0ah20lbuems25fer0][GUI]
		Login for '5141' from '192.168.3.84' succeeded
[<<][5a93f1fdd4177277334328][DEFAULT][/login.php][18/Feb/26 11:39:41][18/Feb/26 11:39:41][took 0.030142 secs]
[<<][5a93f1fdf16fc611286517][DEFAULT][/index.php][18/Feb/26 11:39:41][18/Feb/26 11:39:42][took 0.104654 secs]
[>>][5a93f1fe16f98757348100][DEFAULT][/index.php][18/Feb/26 11:39:42]
[<<][5a93f1fe16f98757348100][DEFAULT][/index.php][18/Feb/26 11:39:42][18/Feb/26 11:39:42][took 0.005395 secs]
[<<][5a93f1fe2794a114318585][DEFAULT][/lib/general/navBar.php][18/Feb/26 11:39:42][18/Feb/26 11:39:42][took 0.073243 secs]
[>>][5a93f1fe39970510926880][DEFAULT][/lib/general/navBar.php][18/Feb/26 11:39:42]
[<<][5a93f1fe39970510926880][DEFAULT][/lib/general/navBar.php][18/Feb/26 11:39:42][18/Feb/26 11:39:42][took 0.005299 secs]
[>>][5a93f1fe3b022998876665][DEFAULT][/lib/general/navBar.php][18/Feb/26 11:39:42]
[<<][5a93f1fe3b022998876665][DEFAULT][/lib/general/navBar.php][18/Feb/26 11:39:42][18/Feb/26 11:39:42][took 0.039682 secs]
[<<][5a93f1fe2a368237726328][DEFAULT][/lib/general/mainPage.php][18/Feb/26 11:39:42][18/Feb/26 11:39:42][took 0.142725 secs]
[>>][5a93f1fe4d301509103292][DEFAULT][/lib/general/mainPage.php][18/Feb/26 11:39:42]
[<<][5a93f1fe4d301509103292][DEFAULT][/lib/general/mainPage.php][18/Feb/26 11:39:42][18/Feb/26 11:39:42][took 0.004113 secs]
[>>][5a93f1fe4e4e8485298347][DEFAULT][/lib/general/mainPage.php][18/Feb/26 11:39:42]
	[18/Feb/26 11:39:42][L18N][39umuvnrs0ah20lbuems25fer0][GUI]
		string 'system_config' is not localized for locale 'pt_BR'  - using en_GB
	[18/Feb/26 11:39:42][L18N][39umuvnrs0ah20lbuems25fer0][GUI]
		string 'href_req_monitor_overview' is not localized for locale 'pt_BR'  - using en_GB
[<<][5a93f1fe4e4e8485298347][DEFAULT][/lib/general/mainPage.php][18/Feb/26 11:39:42][18/Feb/26 11:39:42][took 0.096984 secs]
[<<][5a93f28621ed7138571254][DEFAULT][/index.php][18/Feb/26 11:41:58][18/Feb/26 11:41:58][took 0.120864 secs]
[<<][5a93f286589f9006483822][DEFAULT][/login.php][18/Feb/26 11:41:58][18/Feb/26 11:41:58][took 0.090809 secs]
[>>][5a93f2866ef12345917516][DEFAULT][/login.php][18/Feb/26 11:41:58]
	[18/Feb/26 11:41:58][L18N][<nosession>][GUI]
		string 'login' is not localized for locale 'pt_BR'  - using en_GB
	[18/Feb/26 11:41:58][L18N][<nosession>][GUI]
		string 'demo_usage' is not localized for locale 'pt_BR'  - using en_GB
	[18/Feb/26 11:41:58][L18N][<nosession>][GUI]
		string 'demo_mode_suggested_user' is not localized for locale 'pt_BR'  - using en_GB
	[18/Feb/26 11:41:58][L18N][<nosession>][GUI]
		string 'demo_mode_suggested_password' is not localized for locale 'pt_BR'  - using en_GB
	[18/Feb/26 11:41:58][L18N][<nosession>][GUI]
		string 'old_style_login' is not localized for locale 'pt_BR'  - using en_GB
[<<][5a93f2866ef12345917516][DEFAULT][/login.php][18/Feb/26 11:41:58][18/Feb/26 11:41:58][took 0.072128 secs]
[<<][5a93f28fe0602121021004][DEFAULT][/login.php][18/Feb/26 11:42:07][18/Feb/26 11:42:08][took 0.09672 secs]
[>>][5a93f2900401c968237765][DEFAULT][/login.php][18/Feb/26 11:42:08]
[<<][5a93f2900401c968237765][DEFAULT][/login.php][18/Feb/26 11:42:08][18/Feb/26 11:42:08][took 0.016071 secs]
[>>][5a93f290082bf698431009][DEFAULT][/login.php][18/Feb/26 11:42:08]
	[18/Feb/26 11:42:08][AUDIT][39umuvnrs0ah20lbuems25fer0][GUI]
		Login for '5141' from '192.168.3.84' succeeded
[<<][5a93f290082bf698431009][DEFAULT][/login.php][18/Feb/26 11:42:08][18/Feb/26 11:42:08][took 0.0355 secs]
[<<][5a93f290245a7167442005][DEFAULT][/index.php][18/Feb/26 11:42:08][18/Feb/26 11:42:08][took 0.118288 secs]
[>>][5a93f29041621726888691][DEFAULT][/index.php][18/Feb/26 11:42:08]
[<<][5a93f29041621726888691][DEFAULT][/index.php][18/Feb/26 11:42:08][18/Feb/26 11:42:08][took 0.006146 secs]
[<<][5a93f2905305a887765855][DEFAULT][/lib/general/navBar.php][18/Feb/26 11:42:08][18/Feb/26 11:42:08][took 0.103197 secs]
[>>][5a93f2906c5d4585717325][DEFAULT][/lib/general/navBar.php][18/Feb/26 11:42:08]
[<<][5a93f2906c5d4585717325][DEFAULT][/lib/general/navBar.php][18/Feb/26 11:42:08][18/Feb/26 11:42:08][took 0.008573 secs]
[>>][5a93f2906e969655485769][DEFAULT][/lib/general/navBar.php][18/Feb/26 11:42:08]
[<<][5a93f2906e969655485769][DEFAULT][/lib/general/navBar.php][18/Feb/26 11:42:08][18/Feb/26 11:42:08][took 0.067505 secs]
[<<][5a93f2905424c381504719][DEFAULT][/lib/general/mainPage.php][18/Feb/26 11:42:08][18/Feb/26 11:42:08][took 0.215173 secs]
[>>][5a93f29088cdc794355472][DEFAULT][/lib/general/mainPage.php][18/Feb/26 11:42:08]
[<<][5a93f29088cdc794355472][DEFAULT][/lib/general/mainPage.php][18/Feb/26 11:42:08][18/Feb/26 11:42:08][took 0.00452 secs]
[>>][5a93f2908a0c3608395548][DEFAULT][/lib/general/mainPage.php][18/Feb/26 11:42:08]
[<<][5a93f2908a0c3608395548][DEFAULT][/lib/general/mainPage.php][18/Feb/26 11:42:08][18/Feb/26 11:42:08][took 0.080204 secs]
[<<][5a93f402d8079473119937][DEFAULT][/lib/general/frmWorkArea.php][18/Feb/26 11:48:18][18/Feb/26 11:48:18][took 0.095134 secs]
[>>][5a93f402ef74e839750702][DEFAULT][/lib/general/frmWorkArea.php][18/Feb/26 11:48:18]
[<<][5a93f402ef74e839750702][DEFAULT][/lib/general/frmWorkArea.php][18/Feb/26 11:48:18][18/Feb/26 11:48:18][took 0.006983 secs]
[>>][5a93f402f1534709117674][DEFAULT][/lib/general/frmWorkArea.php][18/Feb/26 11:48:18]
[<<][5a93f402f1534709117674][DEFAULT][/lib/general/frmWorkArea.php][18/Feb/26 11:48:18][18/Feb/26 11:48:19][took 0.099234 secs]
[<<][5a93f40328b1b557340692][DEFAULT][/lib/execute/execDashboard.php][18/Feb/26 11:48:19][18/Feb/26 11:48:19][took 0.100053 secs]
[>>][5a93f403413d0270753067][DEFAULT][/lib/execute/execDashboard.php][18/Feb/26 11:48:19]
[<<][5a93f403413d0270753067][DEFAULT][/lib/execute/execDashboard.php][18/Feb/26 11:48:19][18/Feb/26 11:48:19][took 0.005731 secs]
[>>][5a93f40342cb8364447104][DEFAULT][/lib/execute/execDashboard.php][18/Feb/26 11:48:19]
	[18/Feb/26 11:48:19][L18N][39umuvnrs0ah20lbuems25fer0][GUI]
		string 'execution_context' is not localized for locale 'pt_BR'  - using en_GB
[<<][5a93f40342cb8364447104][DEFAULT][/lib/execute/execDashboard.php][18/Feb/26 11:48:19][18/Feb/26 11:48:19][took 0.133608 secs]
[<<][5a93f403273f6765955514][DEFAULT][/lib/execute/execNavigator.php][18/Feb/26 11:48:19][18/Feb/26 11:48:19][took 0.293031 secs]
[>>][5a93f4036efb4939004023][DEFAULT][/lib/execute/execNavigator.php][18/Feb/26 11:48:19]
[<<][5a93f4036efb4939004023][DEFAULT][/lib/execute/execNavigator.php][18/Feb/26 11:48:19][18/Feb/26 11:48:19][took 0.005641 secs]
[>>][5a93f403707d3739746376][DEFAULT][/lib/execute/execNavigator.php][18/Feb/26 11:48:19]
	[18/Feb/26 11:48:19][WARNING][39umuvnrs0ah20lbuems25fer0][GUI]
		E_WARNING
file_put_contents(/development/var/tracer.log): failed to open stream: No such file or directory - in /var/www/html/testlink/lib/functions/tlFilterControl.class.php - Line 268
	[18/Feb/26 11:48:19][L18N][39umuvnrs0ah20lbuems25fer0][GUI]
		string 'without_keywords' is not localized for locale 'pt_BR'  - using en_GB
	[18/Feb/26 11:48:19][L18N][39umuvnrs0ah20lbuems25fer0][GUI]
		string 'not_linked' is not localized for locale 'pt_BR'  - using en_GB
	[18/Feb/26 11:48:19][L18N][39umuvnrs0ah20lbuems25fer0][GUI]
		string 'hint_list_of_bugs' is not localized for locale 'pt_BR'  - using en_GB
	[18/Feb/26 11:48:19][L18N][39umuvnrs0ah20lbuems25fer0][GUI]
		string 'bugs_on_context' is not localized for locale 'pt_BR'  - using en_GB
	[18/Feb/26 11:48:19][L18N][39umuvnrs0ah20lbuems25fer0][GUI]
		string 'btn_export_testplan_tree_for_results' is not localized for locale 'pt_BR'  - using en_GB
	[18/Feb/26 11:48:19][L18N][39umuvnrs0ah20lbuems25fer0][GUI]
		string 'tester_works_with_settings' is not localized for locale 'pt_BR'  - using en_GB
	[18/Feb/26 11:48:19][L18N][39umuvnrs0ah20lbuems25fer0][GUI]
		string 'btn_bulk_remove' is not localized for locale 'pt_BR'  - using en_GB
	[18/Feb/26 11:48:19][L18N][39umuvnrs0ah20lbuems25fer0][GUI]
		string 'btn_bulk_copy' is not localized for locale 'pt_BR'  - using en_GB
[<<][5a93f403707d3739746376][DEFAULT][/lib/execute/execNavigator.php][18/Feb/26 11:48:19][18/Feb/26 11:48:19][took 0.34273 secs]
[<<][5a93f404377d9516004020][DEFAULT][/lib/execute/execDashboard.php][18/Feb/26 11:48:20][18/Feb/26 11:48:20][took 0.092722 secs]
[>>][5a93f4044e43d578023864][DEFAULT][/lib/execute/execDashboard.php][18/Feb/26 11:48:20]
[<<][5a93f4044e43d578023864][DEFAULT][/lib/execute/execDashboard.php][18/Feb/26 11:48:20][18/Feb/26 11:48:20][took 0.005011 secs]
[>>][5a93f4044f9c1339018288][DEFAULT][/lib/execute/execDashboard.php][18/Feb/26 11:48:20]
[<<][5a93f4044f9c1339018288][DEFAULT][/lib/execute/execDashboard.php][18/Feb/26 11:48:20][18/Feb/26 11:48:20][took 0.101444 secs]
[<<][5a93f406a4c8a025000509][DEFAULT][/lib/execute/execDashboard.php][18/Feb/26 11:48:22][18/Feb/26 11:48:22][took 0.096044 secs]
[>>][5a93f406bc5c2465548201][DEFAULT][/lib/execute/execDashboard.php][18/Feb/26 11:48:22]
[<<][5a93f406bc5c2465548201][DEFAULT][/lib/execute/execDashboard.php][18/Feb/26 11:48:22][18/Feb/26 11:48:22][took 0.0050119999999999 secs]
[>>][5a93f406bdbed675107787][DEFAULT][/lib/execute/execDashboard.php][18/Feb/26 11:48:22]
[<<][5a93f406bdbed675107787][DEFAULT][/lib/execute/execDashboard.php][18/Feb/26 11:48:22][18/Feb/26 11:48:22][took 0.103106 secs]
[<<][5a93f40b64994398839612][DEFAULT][/logout.php][18/Feb/26 11:48:27][18/Feb/26 11:48:27][took 0.093025 secs]
[>>][5a93f40b7b730964427607][DEFAULT][/logout.php][18/Feb/26 11:48:27]
[<<][5a93f40b7b730964427607][DEFAULT][/logout.php][18/Feb/26 11:48:27][18/Feb/26 11:48:27][took 0.0061800000000001 secs]
[>>][5a93f40b7d17f690317477][DEFAULT][/logout.php][18/Feb/26 11:48:27]
	[18/Feb/26 11:48:27][AUDIT][39umuvnrs0ah20lbuems25fer0][GUI]
		Logout of '5141'
