	[18/May/17 14:10:40][AUDIT][r81gnp16pb0h1poq1e1b1nscb7][GUI]
		Login for '7719' from '192.168.3.142' succeeded
[<<][5afd8d60a218c587148303][DEFAULT][/login.php][18/May/17 14:10:40][18/May/17 14:10:40][took 0.020804 secs]
[<<][5afd8d60b3dae824278429][DEFAULT][/index.php][18/May/17 14:10:40][18/May/17 14:10:40][took 0.107556 secs]
[>>][5afd8d60ce3ad528695139][DEFAULT][/index.php][18/May/17 14:10:40]
[<<][5afd8d60ce3ad528695139][DEFAULT][/index.php][18/May/17 14:10:40][18/May/17 14:10:40][took 0.005292 secs]
[<<][5afd8d60db5ac519125939][DEFAULT][/lib/general/navBar.php][18/May/17 14:10:40][18/May/17 14:10:40][took 0.086683 secs]
[>>][5afd8d60f09da317765588][DEFAULT][/lib/general/navBar.php][18/May/17 14:10:40]
[<<][5afd8d60f09da317765588][DEFAULT][/lib/general/navBar.php][18/May/17 14:10:40][18/May/17 14:10:40][took 0.004752 secs]
[>>][5afd8d60f1e54851973390][DEFAULT][/lib/general/navBar.php][18/May/17 14:10:40]
[<<][5afd8d60f1e54851973390][DEFAULT][/lib/general/navBar.php][18/May/17 14:10:40][18/May/17 14:10:41][took 0.049304 secs]
[<<][5afd8d60dcdd5543631590][DEFAULT][/lib/general/mainPage.php][18/May/17 14:10:40][18/May/17 14:10:41][took 0.16713 secs]
[>>][5afd8d6111a42849179980][DEFAULT][/lib/general/mainPage.php][18/May/17 14:10:41]
[<<][5afd8d6111a42849179980][DEFAULT][/lib/general/mainPage.php][18/May/17 14:10:41][18/May/17 14:10:41][took 0.004549 secs]
[>>][5afd8d6112de7294304799][DEFAULT][/lib/general/mainPage.php][18/May/17 14:10:41]
	[18/May/17 14:10:41][L18N][r81gnp16pb0h1poq1e1b1nscb7][GUI]
		string 'system_config' is not localized for locale 'pt_BR'  - using en_GB
	[18/May/17 14:10:41][L18N][r81gnp16pb0h1poq1e1b1nscb7][GUI]
		string 'href_req_monitor_overview' is not localized for locale 'pt_BR'  - using en_GB
[<<][5afd8d6112de7294304799][DEFAULT][/lib/general/mainPage.php][18/May/17 14:10:41][18/May/17 14:10:41][took 0.092395 secs]
[<<][5afd8d759cf8f415558095][DEFAULT][/lib/general/frmWorkArea.php][18/May/17 14:11:01][18/May/17 14:11:01][took 0.080091 secs]
[>>][5afd8d75b0a27556971350][DEFAULT][/lib/general/frmWorkArea.php][18/May/17 14:11:01]
[<<][5afd8d75b0a27556971350][DEFAULT][/lib/general/frmWorkArea.php][18/May/17 14:11:01][18/May/17 14:11:01][took 0.004939 secs]
[>>][5afd8d75b1f42346005018][DEFAULT][/lib/general/frmWorkArea.php][18/May/17 14:11:01]
[<<][5afd8d75b1f42346005018][DEFAULT][/lib/general/frmWorkArea.php][18/May/17 14:11:01][18/May/17 14:11:01][took 0.023509 secs]
[<<][5afd8d75cb435293195009][DEFAULT][/lib/testcases/listTestCases.php][18/May/17 14:11:01][18/May/17 14:11:01][took 0.080286 secs]
[>>][5afd8d75defd4879727487][DEFAULT][/lib/testcases/listTestCases.php][18/May/17 14:11:01]
[<<][5afd8d75defd4879727487][DEFAULT][/lib/testcases/listTestCases.php][18/May/17 14:11:01][18/May/17 14:11:01][took 0.0049939999999999 secs]
[>>][5afd8d75e053d274968630][DEFAULT][/lib/testcases/listTestCases.php][18/May/17 14:11:01]
	[18/May/17 14:11:01][WARNING][r81gnp16pb0h1poq1e1b1nscb7][GUI]
		E_WARNING
file_put_contents(/development/var/tracer.log): failed to open stream: No such file or directory - in /var/www/html/testlink/lib/functions/tlFilterControl.class.php - Line 268
	[18/May/17 14:11:01][L18N][r81gnp16pb0h1poq1e1b1nscb7][GUI]
		string 'without_keywords' is not localized for locale 'pt_BR'  - using en_GB
	[18/May/17 14:11:01][L18N][r81gnp16pb0h1poq1e1b1nscb7][GUI]
		string 'not_linked' is not localized for locale 'pt_BR'  - using en_GB
	[18/May/17 14:11:02][L18N][r81gnp16pb0h1poq1e1b1nscb7][GUI]
		string 'testCaseStatus_draft' is not localized for locale 'pt_BR'  - using en_GB
	[18/May/17 14:11:02][L18N][r81gnp16pb0h1poq1e1b1nscb7][GUI]
		string 'testCaseStatus_readyForReview' is not localized for locale 'pt_BR'  - using en_GB
	[18/May/17 14:11:02][L18N][r81gnp16pb0h1poq1e1b1nscb7][GUI]
		string 'testCaseStatus_reviewInProgress' is not localized for locale 'pt_BR'  - using en_GB
	[18/May/17 14:11:02][L18N][r81gnp16pb0h1poq1e1b1nscb7][GUI]
		string 'testCaseStatus_rework' is not localized for locale 'pt_BR'  - using en_GB
	[18/May/17 14:11:02][L18N][r81gnp16pb0h1poq1e1b1nscb7][GUI]
		string 'testCaseStatus_obsolete' is not localized for locale 'pt_BR'  - using en_GB
	[18/May/17 14:11:02][L18N][r81gnp16pb0h1poq1e1b1nscb7][GUI]
		string 'testCaseStatus_future' is not localized for locale 'pt_BR'  - using en_GB
	[18/May/17 14:11:02][L18N][r81gnp16pb0h1poq1e1b1nscb7][GUI]
		string 'testCaseStatus_final' is not localized for locale 'pt_BR'  - using en_GB
	[18/May/17 14:11:02][L18N][r81gnp16pb0h1poq1e1b1nscb7][GUI]
		string 'hint_list_of_bugs' is not localized for locale 'pt_BR'  - using en_GB
	[18/May/17 14:11:02][L18N][r81gnp16pb0h1poq1e1b1nscb7][GUI]
		string 'bugs_on_context' is not localized for locale 'pt_BR'  - using en_GB
	[18/May/17 14:11:02][L18N][r81gnp16pb0h1poq1e1b1nscb7][GUI]
		string 'btn_export_testplan_tree_for_results' is not localized for locale 'pt_BR'  - using en_GB
	[18/May/17 14:11:02][L18N][r81gnp16pb0h1poq1e1b1nscb7][GUI]
		string 'tester_works_with_settings' is not localized for locale 'pt_BR'  - using en_GB
	[18/May/17 14:11:02][L18N][r81gnp16pb0h1poq1e1b1nscb7][GUI]
		string 'btn_bulk_remove' is not localized for locale 'pt_BR'  - using en_GB
	[18/May/17 14:11:02][L18N][r81gnp16pb0h1poq1e1b1nscb7][GUI]
		string 'btn_bulk_copy' is not localized for locale 'pt_BR'  - using en_GB
[<<][5afd8d75e053d274968630][DEFAULT][/lib/testcases/listTestCases.php][18/May/17 14:11:01][18/May/17 14:11:02][took 0.15309 secs]
[<<][5afd8d75cd7d4417488599][DEFAULT][/lib/testcases/archiveData.php][18/May/17 14:11:01][18/May/17 14:11:02][took 0.265949 secs]
[>>][5afd8d761a61b914747727][DEFAULT][/lib/testcases/archiveData.php][18/May/17 14:11:02]
[<<][5afd8d761a61b914747727][DEFAULT][/lib/testcases/archiveData.php][18/May/17 14:11:02][18/May/17 14:11:02][took 0.005381 secs]
[>>][5afd8d761bd0d679843415][DEFAULT][/lib/testcases/archiveData.php][18/May/17 14:11:02]
	[18/May/17 14:11:02][L18N][r81gnp16pb0h1poq1e1b1nscb7][GUI]
		string 'btn_testcases_table_view' is not localized for locale 'pt_BR'  - using en_GB
	[18/May/17 14:11:02][L18N][r81gnp16pb0h1poq1e1b1nscb7][GUI]
		string 'btn_gen_test_spec' is not localized for locale 'pt_BR'  - using en_GB
	[18/May/17 14:11:02][L18N][r81gnp16pb0h1poq1e1b1nscb7][GUI]
		string 'btn_gen_test_spec_new_window' is not localized for locale 'pt_BR'  - using en_GB
	[18/May/17 14:11:02][L18N][r81gnp16pb0h1poq1e1b1nscb7][GUI]
		string 'btn_gen_test_spec_word' is not localized for locale 'pt_BR'  - using en_GB
	[18/May/17 14:11:02][L18N][r81gnp16pb0h1poq1e1b1nscb7][GUI]
		string 'btn_gen_test_suite_spec_word' is not localized for locale 'pt_BR'  - using en_GB
	[18/May/17 14:11:02][L18N][r81gnp16pb0h1poq1e1b1nscb7][GUI]
		string 'btn_gen_test_suite_spec' is not localized for locale 'pt_BR'  - using en_GB
	[18/May/17 14:11:02][L18N][r81gnp16pb0h1poq1e1b1nscb7][GUI]
		string 'btn_gen_test_suite_spec_new_window' is not localized for locale 'pt_BR'  - using en_GB
	[18/May/17 14:11:02][L18N][r81gnp16pb0h1poq1e1b1nscb7][GUI]
		string 'btn_create_from_issue_xml' is not localized for locale 'pt_BR'  - using en_GB
	[18/May/17 14:11:02][L18N][r81gnp16pb0h1poq1e1b1nscb7][GUI]
		string 'attachment_title' is not localized for locale 'pt_BR'  - using en_GB
	[18/May/17 14:11:02][L18N][r81gnp16pb0h1poq1e1b1nscb7][GUI]
		string 'click_to_get_attachment' is not localized for locale 'pt_BR'  - using en_GB
	[18/May/17 14:11:02][L18N][r81gnp16pb0h1poq1e1b1nscb7][GUI]
		string 'display_inline' is not localized for locale 'pt_BR'  - using en_GB
	[18/May/17 14:11:02][L18N][r81gnp16pb0h1poq1e1b1nscb7][GUI]
		string 'display_ea_string' is not localized for locale 'pt_BR'  - using en_GB
	[18/May/17 14:11:02][L18N][r81gnp16pb0h1poq1e1b1nscb7][GUI]
		string 'display_inline_string' is not localized for locale 'pt_BR'  - using en_GB
[<<][5afd8d761bd0d679843415][DEFAULT][/lib/testcases/archiveData.php][18/May/17 14:11:02][18/May/17 14:11:02][took 0.115091 secs]
[<<][5afd8d7654b92304743038][DEFAULT][/lib/ajax/gettprojectnodes.php][18/May/17 14:11:02][18/May/17 14:11:02][took 0.092185 secs]
[>>][5afd8d766b5dc999235918][DEFAULT][/lib/ajax/gettprojectnodes.php][18/May/17 14:11:02]
[<<][5afd8d766b5dc999235918][DEFAULT][/lib/ajax/gettprojectnodes.php][18/May/17 14:11:02][18/May/17 14:11:02][took 0.005161 secs]
[>>][5afd8d766cb8f786111820][DEFAULT][/lib/ajax/gettprojectnodes.php][18/May/17 14:11:02]
[<<][5afd8d766cb8f786111820][DEFAULT][/lib/ajax/gettprojectnodes.php][18/May/17 14:11:02][18/May/17 14:11:02][took 0.036582 secs]
[<<][5afd8d78d2db8205490121][DEFAULT][/lib/testcases/archiveData.php][18/May/17 14:11:04][18/May/17 14:11:04][took 0.083886 secs]
[>>][5afd8d78e7720326879702][DEFAULT][/lib/testcases/archiveData.php][18/May/17 14:11:04]
[<<][5afd8d78e7720326879702][DEFAULT][/lib/testcases/archiveData.php][18/May/17 14:11:04][18/May/17 14:11:04][took 0.004733 secs]
[>>][5afd8d78e8b8a335462588][DEFAULT][/lib/testcases/archiveData.php][18/May/17 14:11:04]
[<<][5afd8d78e8b8a335462588][DEFAULT][/lib/testcases/archiveData.php][18/May/17 14:11:04][18/May/17 14:11:05][took 0.081331 secs]
[<<][5afd8d7ab8b58410327173][DEFAULT][/lib/ajax/gettprojectnodes.php][18/May/17 14:11:06][18/May/17 14:11:06][took 0.08367 secs]
[>>][5afd8d7acd395884199728][DEFAULT][/lib/ajax/gettprojectnodes.php][18/May/17 14:11:06]
[<<][5afd8d7acd395884199728][DEFAULT][/lib/ajax/gettprojectnodes.php][18/May/17 14:11:06][18/May/17 14:11:06][took 0.004331 secs]
[>>][5afd8d7ace5fc148037280][DEFAULT][/lib/ajax/gettprojectnodes.php][18/May/17 14:11:06]
[<<][5afd8d7ace5fc148037280][DEFAULT][/lib/ajax/gettprojectnodes.php][18/May/17 14:11:06][18/May/17 14:11:06][took 0.114031 secs]
[<<][5afd8d7ceb3a4667992735][DEFAULT][/lib/ajax/gettprojectnodes.php][18/May/17 14:11:08][18/May/17 14:11:09][took 0.081981 secs]
[>>][5afd8d7d0b358557496476][DEFAULT][/lib/ajax/gettprojectnodes.php][18/May/17 14:11:09]
[<<][5afd8d7d0b358557496476][DEFAULT][/lib/ajax/gettprojectnodes.php][18/May/17 14:11:09][18/May/17 14:11:09][took 0.004805 secs]
[>>][5afd8d7d0c7e1736252270][DEFAULT][/lib/ajax/gettprojectnodes.php][18/May/17 14:11:09]
[<<][5afd8d7d0c7e1736252270][DEFAULT][/lib/ajax/gettprojectnodes.php][18/May/17 14:11:09][18/May/17 14:11:09][took 0.037142 secs]
[<<][5afd8d7f0f673883501646][DEFAULT][/lib/testcases/archiveData.php][18/May/17 14:11:11][18/May/17 14:11:11][took 0.084306 secs]
[>>][5afd8d7f241be778277313][DEFAULT][/lib/testcases/archiveData.php][18/May/17 14:11:11]
[<<][5afd8d7f241be778277313][DEFAULT][/lib/testcases/archiveData.php][18/May/17 14:11:11][18/May/17 14:11:11][took 0.00508 secs]
[>>][5afd8d7f25797675420079][DEFAULT][/lib/testcases/archiveData.php][18/May/17 14:11:11]
	[18/May/17 14:11:11][L18N][r81gnp16pb0h1poq1e1b1nscb7][GUI]
		string 'unable_to_render_ghost' is not localized for locale 'pt_BR'  - using en_GB
	[18/May/17 14:11:11][L18N][r81gnp16pb0h1poq1e1b1nscb7][GUI]
		string 'parent_of' is not localized for locale 'pt_BR'  - using en_GB
	[18/May/17 14:11:11][L18N][r81gnp16pb0h1poq1e1b1nscb7][GUI]
		string 'child_of' is not localized for locale 'pt_BR'  - using en_GB
	[18/May/17 14:11:11][L18N][r81gnp16pb0h1poq1e1b1nscb7][GUI]
		string 'blocks' is not localized for locale 'pt_BR'  - using en_GB
	[18/May/17 14:11:11][L18N][r81gnp16pb0h1poq1e1b1nscb7][GUI]
		string 'depends' is not localized for locale 'pt_BR'  - using en_GB
	[18/May/17 14:11:11][L18N][r81gnp16pb0h1poq1e1b1nscb7][GUI]
		string 'goto_execute' is not localized for locale 'pt_BR'  - using en_GB
	[18/May/17 14:11:11][L18N][r81gnp16pb0h1poq1e1b1nscb7][GUI]
		string 'hint_new_sibling' is not localized for locale 'pt_BR'  - using en_GB
	[18/May/17 14:11:11][L18N][r81gnp16pb0h1poq1e1b1nscb7][GUI]
		string 'btn_new_sibling' is not localized for locale 'pt_BR'  - using en_GB
	[18/May/17 14:11:11][L18N][r81gnp16pb0h1poq1e1b1nscb7][GUI]
		string 'hint_new_version' is not localized for locale 'pt_BR'  - using en_GB
	[18/May/17 14:11:11][L18N][r81gnp16pb0h1poq1e1b1nscb7][GUI]
		string 'btn_bulk' is not localized for locale 'pt_BR'  - using en_GB
	[18/May/17 14:11:11][L18N][r81gnp16pb0h1poq1e1b1nscb7][GUI]
		string 'show_ghost_string' is not localized for locale 'pt_BR'  - using en_GB
	[18/May/17 14:11:11][L18N][r81gnp16pb0h1poq1e1b1nscb7][GUI]
		string 'display_author_updater' is not localized for locale 'pt_BR'  - using en_GB
	[18/May/17 14:11:11][L18N][r81gnp16pb0h1poq1e1b1nscb7][GUI]
		string 'onchange_save' is not localized for locale 'pt_BR'  - using en_GB
	[18/May/17 14:11:11][L18N][r81gnp16pb0h1poq1e1b1nscb7][GUI]
		string 'estimated_execution_duration' is not localized for locale 'pt_BR'  - using en_GB
	[18/May/17 14:11:11][L18N][r81gnp16pb0h1poq1e1b1nscb7][GUI]
		string 'estimated_execution_duration_short' is not localized for locale 'pt_BR'  - using en_GB
	[18/May/17 14:11:11][L18N][r81gnp16pb0h1poq1e1b1nscb7][GUI]
		string 'link_unlink_requirements' is not localized for locale 'pt_BR'  - using en_GB
	[18/May/17 14:11:11][L18N][r81gnp16pb0h1poq1e1b1nscb7][GUI]
		string 'clear_all_status' is not localized for locale 'pt_BR'  - using en_GB
	[18/May/17 14:11:11][L18N][r81gnp16pb0h1poq1e1b1nscb7][GUI]
		string 'latest_exec_notes' is not localized for locale 'pt_BR'  - using en_GB
	[18/May/17 14:11:11][L18N][r81gnp16pb0h1poq1e1b1nscb7][GUI]
		string 'exec_result' is not localized for locale 'pt_BR'  - using en_GB
	[18/May/17 14:11:11][L18N][r81gnp16pb0h1poq1e1b1nscb7][GUI]
		string 'clear_all_notes' is not localized for locale 'pt_BR'  - using en_GB
	[18/May/17 14:11:11][L18N][r81gnp16pb0h1poq1e1b1nscb7][GUI]
		string 'step_exec_notes' is not localized for locale 'pt_BR'  - using en_GB
	[18/May/17 14:11:11][L18N][r81gnp16pb0h1poq1e1b1nscb7][GUI]
		string 'img_title_remove_keyword' is not localized for locale 'pt_BR'  - using en_GB
	[18/May/17 14:11:11][L18N][r81gnp16pb0h1poq1e1b1nscb7][GUI]
		string 'current_testcase' is not localized for locale 'pt_BR'  - using en_GB
	[18/May/17 14:11:11][L18N][r81gnp16pb0h1poq1e1b1nscb7][GUI]
		string 'remove_kw_msgbox_msg' is not localized for locale 'pt_BR'  - using en_GB
	[18/May/17 14:11:11][L18N][r81gnp16pb0h1poq1e1b1nscb7][GUI]
		string 'remove_kw_msgbox_title' is not localized for locale 'pt_BR'  - using en_GB
	[18/May/17 14:11:11][L18N][r81gnp16pb0h1poq1e1b1nscb7][GUI]
		string 'relation_set_on' is not localized for locale 'pt_BR'  - using en_GB
	[18/May/17 14:11:11][L18N][r81gnp16pb0h1poq1e1b1nscb7][GUI]
		string 'tcase_relation_hint' is not localized for locale 'pt_BR'  - using en_GB
	[18/May/17 14:11:11][L18N][r81gnp16pb0h1poq1e1b1nscb7][GUI]
		string 'tcase_relation_help' is not localized for locale 'pt_BR'  - using en_GB
[<<][5afd8d7f25797675420079][DEFAULT][/lib/testcases/archiveData.php][18/May/17 14:11:11][18/May/17 14:11:11][took 0.195519 secs]
	[18/May/17 16:50:28][AUDIT][4he5h6jbsltsi8uuepb7519ll5][GUI]
		Login for '7719' from '192.168.3.17' succeeded
[<<][5afdb2d479d9b145094954][DEFAULT][/login.php][18/May/17 16:50:28][18/May/17 16:50:28][took 0.026384 secs]
[<<][5afdb2d492e68051509180][DEFAULT][/index.php][18/May/17 16:50:28][18/May/17 16:50:28][took 0.106013 secs]
[>>][5afdb2d4ace48234815013][DEFAULT][/index.php][18/May/17 16:50:28]
[<<][5afdb2d4ace48234815013][DEFAULT][/index.php][18/May/17 16:50:28][18/May/17 16:50:28][took 0.003265 secs]
[<<][5afdb2d4bf881538553610][DEFAULT][/lib/general/mainPage.php][18/May/17 16:50:28][18/May/17 16:50:28][took 0.05317 secs]
[>>][5afdb2d4cc9ab625216442][DEFAULT][/lib/general/mainPage.php][18/May/17 16:50:28]
[<<][5afdb2d4cc9ab625216442][DEFAULT][/lib/general/mainPage.php][18/May/17 16:50:28][18/May/17 16:50:28][took 0.0045620000000001 secs]
[>>][5afdb2d4cdd18305737930][DEFAULT][/lib/general/mainPage.php][18/May/17 16:50:28]
	[18/May/17 16:50:28][L18N][4he5h6jbsltsi8uuepb7519ll5][GUI]
		string 'system_config' is not localized for locale 'pt_BR'  - using en_GB
	[18/May/17 16:50:28][L18N][4he5h6jbsltsi8uuepb7519ll5][GUI]
		string 'href_req_monitor_overview' is not localized for locale 'pt_BR'  - using en_GB
[<<][5afdb2d4cdd18305737930][DEFAULT][/lib/general/mainPage.php][18/May/17 16:50:28][18/May/17 16:50:28][took 0.072774 secs]
[<<][5afdb2d4bf895330391223][DEFAULT][/lib/general/navBar.php][18/May/17 16:50:28][18/May/17 16:50:28][took 0.155727 secs]
[>>][5afdb2d4e5a7a206946252][DEFAULT][/lib/general/navBar.php][18/May/17 16:50:28]
[<<][5afdb2d4e5a7a206946252][DEFAULT][/lib/general/navBar.php][18/May/17 16:50:28][18/May/17 16:50:28][took 0.0033369999999999 secs]
[>>][5afdb2d4e68e6967760546][DEFAULT][/lib/general/navBar.php][18/May/17 16:50:28]
[<<][5afdb2d4e68e6967760546][DEFAULT][/lib/general/navBar.php][18/May/17 16:50:28][18/May/17 16:50:28][took 0.027352 secs]
[<<][5afdb2ee3de7b007254411][DEFAULT][/lib/usermanagement/userInfo.php][18/May/17 16:50:54][18/May/17 16:50:54][took 0.080034 secs]
[>>][5afdb2ee518f0551996283][DEFAULT][/lib/usermanagement/userInfo.php][18/May/17 16:50:54]
[<<][5afdb2ee518f0551996283][DEFAULT][/lib/usermanagement/userInfo.php][18/May/17 16:50:54][18/May/17 16:50:54][took 0.004713 secs]
[>>][5afdb2ee52d2e653466077][DEFAULT][/lib/usermanagement/userInfo.php][18/May/17 16:50:54]
[<<][5afdb2ee52d2e653466077][DEFAULT][/lib/usermanagement/userInfo.php][18/May/17 16:50:54][18/May/17 16:50:54][took 0.343434 secs]
[<<][5afdb2f9e4791021118769][DEFAULT][/index.php][18/May/17 16:51:05][18/May/17 16:51:06][took 0.105573 secs]
[>>][5afdb2fa0a38b867916547][DEFAULT][/index.php][18/May/17 16:51:06]
[<<][5afdb2fa0a38b867916547][DEFAULT][/index.php][18/May/17 16:51:06][18/May/17 16:51:06][took 0.004963 secs]
[<<][5afdb2fa26ad2645415003][DEFAULT][/lib/general/navBar.php][18/May/17 16:51:06][18/May/17 16:51:06][took 0.08061 secs]
[>>][5afdb2fa3a766369655289][DEFAULT][/lib/general/navBar.php][18/May/17 16:51:06]
[<<][5afdb2fa3a766369655289][DEFAULT][/lib/general/navBar.php][18/May/17 16:51:06][18/May/17 16:51:06][took 0.00465 secs]
[>>][5afdb2fa3bb4c676179109][DEFAULT][/lib/general/navBar.php][18/May/17 16:51:06]
[<<][5afdb2fa3bb4c676179109][DEFAULT][/lib/general/navBar.php][18/May/17 16:51:06][18/May/17 16:51:06][took 0.049087 secs]
[<<][5afdb2fa2ce50123396033][DEFAULT][/lib/general/mainPage.php][18/May/17 16:51:06][18/May/17 16:51:06][took 0.140191 secs]
[>>][5afdb2fa4f3bf454852650][DEFAULT][/lib/general/mainPage.php][18/May/17 16:51:06]
[<<][5afdb2fa4f3bf454852650][DEFAULT][/lib/general/mainPage.php][18/May/17 16:51:06][18/May/17 16:51:06][took 0.00492 secs]
[>>][5afdb2fa508d1259386189][DEFAULT][/lib/general/mainPage.php][18/May/17 16:51:06]
[<<][5afdb2fa508d1259386189][DEFAULT][/lib/general/mainPage.php][18/May/17 16:51:06][18/May/17 16:51:06][took 0.066216 secs]
[<<][5afdb2ff6ce08874497218][DEFAULT][/logout.php][18/May/17 16:51:11][18/May/17 16:51:11][took 0.045923 secs]
[>>][5afdb2ff78353798485202][DEFAULT][/logout.php][18/May/17 16:51:11]
[<<][5afdb2ff78353798485202][DEFAULT][/logout.php][18/May/17 16:51:11][18/May/17 16:51:11][took 0.004519 secs]
[>>][5afdb2ff79689947590487][DEFAULT][/logout.php][18/May/17 16:51:11]
	[18/May/17 16:51:11][AUDIT][4he5h6jbsltsi8uuepb7519ll5][GUI]
		Logout of '7719'
