	[18/Jun/21 18:08:56][AUDIT][hvvvnq124so6r6a8fm5j56vrb2][GUI]
		Login for '7779' from '192.168.2.124' succeeded
[<<][5b2be9b8751e8125921240][DEFAULT][/login.php][18/Jun/21 18:08:56][18/Jun/21 18:08:56][took 0.031769 secs]
[<<][5b2be9b896392592151214][DEFAULT][/index.php][18/Jun/21 18:08:56][18/Jun/21 18:08:56][took 0.157135 secs]
[>>][5b2be9b8bcbbc964224594][DEFAULT][/index.php][18/Jun/21 18:08:56]
[<<][5b2be9b8bcbbc964224594][DEFAULT][/index.php][18/Jun/21 18:08:56][18/Jun/21 18:08:56][took 0.0084249999999999 secs]
[<<][5b2be9b8d423c999303727][DEFAULT][/lib/general/navBar.php][18/Jun/21 18:08:56][18/Jun/21 18:08:56][took 0.121904 secs]
[>>][5b2be9b8f20d5441086941][DEFAULT][/lib/general/navBar.php][18/Jun/21 18:08:56]
[<<][5b2be9b8f20d5441086941][DEFAULT][/lib/general/navBar.php][18/Jun/21 18:08:56][18/Jun/21 18:08:56][took 0.00735 secs]
[>>][5b2be9b8f3fc8063292348][DEFAULT][/lib/general/navBar.php][18/Jun/21 18:08:56]
[<<][5b2be9b8f3fc8063292348][DEFAULT][/lib/general/navBar.php][18/Jun/21 18:08:56][18/Jun/21 18:08:57][took 0.07512 secs]
[<<][5b2be9b8d8548979586725][DEFAULT][/lib/general/mainPage.php][18/Jun/21 18:08:56][18/Jun/21 18:08:57][took 0.23993 secs]
[>>][5b2be9b91ee9c265824206][DEFAULT][/lib/general/mainPage.php][18/Jun/21 18:08:57]
[<<][5b2be9b91ee9c265824206][DEFAULT][/lib/general/mainPage.php][18/Jun/21 18:08:57][18/Jun/21 18:08:57][took 0.006458 secs]
[>>][5b2be9b920a48240359462][DEFAULT][/lib/general/mainPage.php][18/Jun/21 18:08:57]
	[18/Jun/21 18:08:57][L18N][hvvvnq124so6r6a8fm5j56vrb2][GUI]
		string 'system_config' is not localized for locale 'pt_BR'  - using en_GB
	[18/Jun/21 18:08:57][L18N][hvvvnq124so6r6a8fm5j56vrb2][GUI]
		string 'href_req_monitor_overview' is not localized for locale 'pt_BR'  - using en_GB
[<<][5b2be9b920a48240359462][DEFAULT][/lib/general/mainPage.php][18/Jun/21 18:08:57][18/Jun/21 18:08:57][took 0.136615 secs]
[<<][5b2be9c27c3c7850529494][DEFAULT][/lib/general/frmWorkArea.php][18/Jun/21 18:09:06][18/Jun/21 18:09:06][took 0.125979 secs]
[>>][5b2be9c29b2a4698354379][DEFAULT][/lib/general/frmWorkArea.php][18/Jun/21 18:09:06]
[<<][5b2be9c29b2a4698354379][DEFAULT][/lib/general/frmWorkArea.php][18/Jun/21 18:09:06][18/Jun/21 18:09:06][took 0.007077 secs]
[>>][5b2be9c29d0c8536514851][DEFAULT][/lib/general/frmWorkArea.php][18/Jun/21 18:09:06]
[<<][5b2be9c29d0c8536514851][DEFAULT][/lib/general/frmWorkArea.php][18/Jun/21 18:09:06][18/Jun/21 18:09:06][took 0.039637 secs]
[<<][5b2be9c2c0371234802894][DEFAULT][/lib/testcases/listTestCases.php][18/Jun/21 18:09:06][18/Jun/21 18:09:06][took 0.123824 secs]
[>>][5b2be9c2de953601167392][DEFAULT][/lib/testcases/listTestCases.php][18/Jun/21 18:09:06]
[<<][5b2be9c2de953601167392][DEFAULT][/lib/testcases/listTestCases.php][18/Jun/21 18:09:06][18/Jun/21 18:09:06][took 0.006544 secs]
[>>][5b2be9c2e046e539610278][DEFAULT][/lib/testcases/listTestCases.php][18/Jun/21 18:09:06]
	[18/Jun/21 18:09:06][WARNING][hvvvnq124so6r6a8fm5j56vrb2][GUI]
		E_WARNING
file_put_contents(/development/var/tracer.log): failed to open stream: No such file or directory - in /var/www/html/testlink/lib/functions/tlFilterControl.class.php - Line 268
	[18/Jun/21 18:09:06][L18N][hvvvnq124so6r6a8fm5j56vrb2][GUI]
		string 'without_keywords' is not localized for locale 'pt_BR'  - using en_GB
	[18/Jun/21 18:09:07][L18N][hvvvnq124so6r6a8fm5j56vrb2][GUI]
		string 'not_linked' is not localized for locale 'pt_BR'  - using en_GB
	[18/Jun/21 18:09:07][L18N][hvvvnq124so6r6a8fm5j56vrb2][GUI]
		string 'testCaseStatus_draft' is not localized for locale 'pt_BR'  - using en_GB
	[18/Jun/21 18:09:07][L18N][hvvvnq124so6r6a8fm5j56vrb2][GUI]
		string 'testCaseStatus_readyForReview' is not localized for locale 'pt_BR'  - using en_GB
	[18/Jun/21 18:09:07][L18N][hvvvnq124so6r6a8fm5j56vrb2][GUI]
		string 'testCaseStatus_reviewInProgress' is not localized for locale 'pt_BR'  - using en_GB
	[18/Jun/21 18:09:07][L18N][hvvvnq124so6r6a8fm5j56vrb2][GUI]
		string 'testCaseStatus_rework' is not localized for locale 'pt_BR'  - using en_GB
	[18/Jun/21 18:09:07][L18N][hvvvnq124so6r6a8fm5j56vrb2][GUI]
		string 'testCaseStatus_obsolete' is not localized for locale 'pt_BR'  - using en_GB
	[18/Jun/21 18:09:07][L18N][hvvvnq124so6r6a8fm5j56vrb2][GUI]
		string 'testCaseStatus_future' is not localized for locale 'pt_BR'  - using en_GB
	[18/Jun/21 18:09:07][L18N][hvvvnq124so6r6a8fm5j56vrb2][GUI]
		string 'testCaseStatus_final' is not localized for locale 'pt_BR'  - using en_GB
	[18/Jun/21 18:09:07][L18N][hvvvnq124so6r6a8fm5j56vrb2][GUI]
		string 'hint_list_of_bugs' is not localized for locale 'pt_BR'  - using en_GB
	[18/Jun/21 18:09:07][L18N][hvvvnq124so6r6a8fm5j56vrb2][GUI]
		string 'bugs_on_context' is not localized for locale 'pt_BR'  - using en_GB
	[18/Jun/21 18:09:07][L18N][hvvvnq124so6r6a8fm5j56vrb2][GUI]
		string 'btn_export_testplan_tree_for_results' is not localized for locale 'pt_BR'  - using en_GB
	[18/Jun/21 18:09:07][L18N][hvvvnq124so6r6a8fm5j56vrb2][GUI]
		string 'tester_works_with_settings' is not localized for locale 'pt_BR'  - using en_GB
	[18/Jun/21 18:09:07][L18N][hvvvnq124so6r6a8fm5j56vrb2][GUI]
		string 'btn_bulk_remove' is not localized for locale 'pt_BR'  - using en_GB
	[18/Jun/21 18:09:07][L18N][hvvvnq124so6r6a8fm5j56vrb2][GUI]
		string 'btn_bulk_copy' is not localized for locale 'pt_BR'  - using en_GB
[<<][5b2be9c2e046e539610278][DEFAULT][/lib/testcases/listTestCases.php][18/Jun/21 18:09:06][18/Jun/21 18:09:07][took 0.153586 secs]
[<<][5b2be9c2c2fff323140553][DEFAULT][/lib/testcases/archiveData.php][18/Jun/21 18:09:06][18/Jun/21 18:09:07][took 0.319249 secs]
[>>][5b2be9c31cee4389793741][DEFAULT][/lib/testcases/archiveData.php][18/Jun/21 18:09:07]
[<<][5b2be9c31cee4389793741][DEFAULT][/lib/testcases/archiveData.php][18/Jun/21 18:09:07][18/Jun/21 18:09:07][took 0.006032 secs]
[>>][5b2be9c31e858341511931][DEFAULT][/lib/testcases/archiveData.php][18/Jun/21 18:09:07]
	[18/Jun/21 18:09:07][L18N][hvvvnq124so6r6a8fm5j56vrb2][GUI]
		string 'btn_testcases_table_view' is not localized for locale 'pt_BR'  - using en_GB
	[18/Jun/21 18:09:07][L18N][hvvvnq124so6r6a8fm5j56vrb2][GUI]
		string 'btn_gen_test_spec' is not localized for locale 'pt_BR'  - using en_GB
	[18/Jun/21 18:09:07][L18N][hvvvnq124so6r6a8fm5j56vrb2][GUI]
		string 'btn_gen_test_spec_new_window' is not localized for locale 'pt_BR'  - using en_GB
	[18/Jun/21 18:09:07][L18N][hvvvnq124so6r6a8fm5j56vrb2][GUI]
		string 'btn_gen_test_spec_word' is not localized for locale 'pt_BR'  - using en_GB
	[18/Jun/21 18:09:07][L18N][hvvvnq124so6r6a8fm5j56vrb2][GUI]
		string 'btn_gen_test_suite_spec_word' is not localized for locale 'pt_BR'  - using en_GB
	[18/Jun/21 18:09:07][L18N][hvvvnq124so6r6a8fm5j56vrb2][GUI]
		string 'btn_gen_test_suite_spec' is not localized for locale 'pt_BR'  - using en_GB
	[18/Jun/21 18:09:07][L18N][hvvvnq124so6r6a8fm5j56vrb2][GUI]
		string 'btn_gen_test_suite_spec_new_window' is not localized for locale 'pt_BR'  - using en_GB
	[18/Jun/21 18:09:07][L18N][hvvvnq124so6r6a8fm5j56vrb2][GUI]
		string 'btn_create_from_issue_xml' is not localized for locale 'pt_BR'  - using en_GB
	[18/Jun/21 18:09:07][L18N][hvvvnq124so6r6a8fm5j56vrb2][GUI]
		string 'attachment_title' is not localized for locale 'pt_BR'  - using en_GB
	[18/Jun/21 18:09:07][L18N][hvvvnq124so6r6a8fm5j56vrb2][GUI]
		string 'click_to_get_attachment' is not localized for locale 'pt_BR'  - using en_GB
	[18/Jun/21 18:09:07][L18N][hvvvnq124so6r6a8fm5j56vrb2][GUI]
		string 'display_inline' is not localized for locale 'pt_BR'  - using en_GB
	[18/Jun/21 18:09:07][L18N][hvvvnq124so6r6a8fm5j56vrb2][GUI]
		string 'display_ea_string' is not localized for locale 'pt_BR'  - using en_GB
	[18/Jun/21 18:09:07][L18N][hvvvnq124so6r6a8fm5j56vrb2][GUI]
		string 'display_inline_string' is not localized for locale 'pt_BR'  - using en_GB
[<<][5b2be9c31e858341511931][DEFAULT][/lib/testcases/archiveData.php][18/Jun/21 18:09:07][18/Jun/21 18:09:07][took 0.150184 secs]
[<<][5b2be9c3585d6503252120][DEFAULT][/lib/ajax/gettprojectnodes.php][18/Jun/21 18:09:07][18/Jun/21 18:09:07][took 0.125552 secs]
[>>][5b2be9c3772cc509720248][DEFAULT][/lib/ajax/gettprojectnodes.php][18/Jun/21 18:09:07]
[<<][5b2be9c3772cc509720248][DEFAULT][/lib/ajax/gettprojectnodes.php][18/Jun/21 18:09:07][18/Jun/21 18:09:07][took 0.008158 secs]
[>>][5b2be9c379545959504060][DEFAULT][/lib/ajax/gettprojectnodes.php][18/Jun/21 18:09:07]
[<<][5b2be9c379545959504060][DEFAULT][/lib/ajax/gettprojectnodes.php][18/Jun/21 18:09:07][18/Jun/21 18:09:07][took 0.094498 secs]
[<<][5b2be9c5b7717619075100][DEFAULT][/lib/testcases/archiveData.php][18/Jun/21 18:09:09][18/Jun/21 18:09:09][took 0.141591 secs]
[>>][5b2be9c5da2e5614030594][DEFAULT][/lib/testcases/archiveData.php][18/Jun/21 18:09:09]
[<<][5b2be9c5da2e5614030594][DEFAULT][/lib/testcases/archiveData.php][18/Jun/21 18:09:09][18/Jun/21 18:09:09][took 0.0073840000000001 secs]
[>>][5b2be9c5dc26a305663339][DEFAULT][/lib/testcases/archiveData.php][18/Jun/21 18:09:09]
[<<][5b2be9c5dc26a305663339][DEFAULT][/lib/testcases/archiveData.php][18/Jun/21 18:09:09][18/Jun/21 18:09:10][took 0.14298 secs]
[<<][5b2be9c820632069624031][DEFAULT][/lib/ajax/gettprojectnodes.php][18/Jun/21 18:09:12][18/Jun/21 18:09:12][took 0.088336 secs]
[>>][5b2be9c836119833038852][DEFAULT][/lib/ajax/gettprojectnodes.php][18/Jun/21 18:09:12]
[<<][5b2be9c836119833038852][DEFAULT][/lib/ajax/gettprojectnodes.php][18/Jun/21 18:09:12][18/Jun/21 18:09:12][took 0.00481 secs]
[>>][5b2be9c83753e744497089][DEFAULT][/lib/ajax/gettprojectnodes.php][18/Jun/21 18:09:12]
[<<][5b2be9c83753e744497089][DEFAULT][/lib/ajax/gettprojectnodes.php][18/Jun/21 18:09:12][18/Jun/21 18:09:12][took 0.082388 secs]
[<<][5b2be9e95d040672421736][DEFAULT][/index.php][18/Jun/21 18:09:45][18/Jun/21 18:09:45][took 0.170753 secs]
[>>][5b2be9e986d65176261380][DEFAULT][/index.php][18/Jun/21 18:09:45]
[<<][5b2be9e986d65176261380][DEFAULT][/index.php][18/Jun/21 18:09:45][18/Jun/21 18:09:45][took 0.006132 secs]
[<<][5b2be9e99ed7d642375575][DEFAULT][/lib/general/navBar.php][18/Jun/21 18:09:45][18/Jun/21 18:09:45][took 0.11454 secs]
[>>][5b2be9e9baf18240244357][DEFAULT][/lib/general/navBar.php][18/Jun/21 18:09:45]
[<<][5b2be9e9baf18240244357][DEFAULT][/lib/general/navBar.php][18/Jun/21 18:09:45][18/Jun/21 18:09:45][took 0.0068859999999999 secs]
[>>][5b2be9e9bcc96327148152][DEFAULT][/lib/general/navBar.php][18/Jun/21 18:09:45]
[<<][5b2be9e9bcc96327148152][DEFAULT][/lib/general/navBar.php][18/Jun/21 18:09:45][18/Jun/21 18:09:45][took 0.075131 secs]
[<<][5b2be9e9a0a55922401974][DEFAULT][/lib/general/mainPage.php][18/Jun/21 18:09:45][18/Jun/21 18:09:45][took 0.239552 secs]
[>>][5b2be9e9db460483455945][DEFAULT][/lib/general/mainPage.php][18/Jun/21 18:09:45]
[<<][5b2be9e9db460483455945][DEFAULT][/lib/general/mainPage.php][18/Jun/21 18:09:45][18/Jun/21 18:09:45][took 0.0065179999999999 secs]
[>>][5b2be9e9dd090054188554][DEFAULT][/lib/general/mainPage.php][18/Jun/21 18:09:45]
[<<][5b2be9e9dd090054188554][DEFAULT][/lib/general/mainPage.php][18/Jun/21 18:09:45][18/Jun/21 18:09:46][took 0.105147 secs]
[<<][5b2be9fe28a9a894636400][DEFAULT][/lib/general/frmWorkArea.php][18/Jun/21 18:10:06][18/Jun/21 18:10:06][took 0.085816 secs]
[>>][5b2be9fe3dc17213189780][DEFAULT][/lib/general/frmWorkArea.php][18/Jun/21 18:10:06]
[<<][5b2be9fe3dc17213189780][DEFAULT][/lib/general/frmWorkArea.php][18/Jun/21 18:10:06][18/Jun/21 18:10:06][took 0.004589 secs]
[>>][5b2be9fe3ef73018873555][DEFAULT][/lib/general/frmWorkArea.php][18/Jun/21 18:10:06]
[<<][5b2be9fe3ef73018873555][DEFAULT][/lib/general/frmWorkArea.php][18/Jun/21 18:10:06][18/Jun/21 18:10:06][took 0.020576 secs]
[<<][5b2be9fe56d25682246509][DEFAULT][/lib/testcases/listTestCases.php][18/Jun/21 18:10:06][18/Jun/21 18:10:06][took 0.070717 secs]
[>>][5b2be9fe682e1893234777][DEFAULT][/lib/testcases/listTestCases.php][18/Jun/21 18:10:06]
[<<][5b2be9fe682e1893234777][DEFAULT][/lib/testcases/listTestCases.php][18/Jun/21 18:10:06][18/Jun/21 18:10:06][took 0.004156 secs]
[>>][5b2be9fe694b5791549214][DEFAULT][/lib/testcases/listTestCases.php][18/Jun/21 18:10:06]
	[18/Jun/21 18:10:06][WARNING][hvvvnq124so6r6a8fm5j56vrb2][GUI]
		E_WARNING
file_put_contents(/development/var/tracer.log): failed to open stream: No such file or directory - in /var/www/html/testlink/lib/functions/tlFilterControl.class.php - Line 268
[<<][5b2be9fe694b5791549214][DEFAULT][/lib/testcases/listTestCases.php][18/Jun/21 18:10:06][18/Jun/21 18:10:06][took 0.098773 secs]
[<<][5b2be9fe5b46b301617672][DEFAULT][/lib/testcases/archiveData.php][18/Jun/21 18:10:06][18/Jun/21 18:10:06][took 0.197971 secs]
[>>][5b2be9fe8bb3f620402749][DEFAULT][/lib/testcases/archiveData.php][18/Jun/21 18:10:06]
[<<][5b2be9fe8bb3f620402749][DEFAULT][/lib/testcases/archiveData.php][18/Jun/21 18:10:06][18/Jun/21 18:10:06][took 0.004228 secs]
[>>][5b2be9fe8cd14424162870][DEFAULT][/lib/testcases/archiveData.php][18/Jun/21 18:10:06]
[<<][5b2be9fe8cd14424162870][DEFAULT][/lib/testcases/archiveData.php][18/Jun/21 18:10:06][18/Jun/21 18:10:06][took 0.068332 secs]
[<<][5b2be9fecbf56414108228][DEFAULT][/lib/ajax/gettprojectnodes.php][18/Jun/21 18:10:06][18/Jun/21 18:10:06][took 0.106517 secs]
[>>][5b2be9fee6166377511866][DEFAULT][/lib/ajax/gettprojectnodes.php][18/Jun/21 18:10:06]
[<<][5b2be9fee6166377511866][DEFAULT][/lib/ajax/gettprojectnodes.php][18/Jun/21 18:10:06][18/Jun/21 18:10:06][took 0.0042749999999999 secs]
[>>][5b2be9fee7373040199370][DEFAULT][/lib/ajax/gettprojectnodes.php][18/Jun/21 18:10:06]
[<<][5b2be9fee7373040199370][DEFAULT][/lib/ajax/gettprojectnodes.php][18/Jun/21 18:10:06][18/Jun/21 18:10:06][took 0.051344 secs]
[<<][5b2bea07a40ed682674259][DEFAULT][/index.php][18/Jun/21 18:10:15][18/Jun/21 18:10:15][took 0.141705 secs]
[>>][5b2bea07c6cad926812746][DEFAULT][/index.php][18/Jun/21 18:10:15]
[<<][5b2bea07c6cad926812746][DEFAULT][/index.php][18/Jun/21 18:10:15][18/Jun/21 18:10:15][took 0.004398 secs]
[<<][5b2bea07ddc7e396586110][DEFAULT][/lib/general/navBar.php][18/Jun/21 18:10:15][18/Jun/21 18:10:16][took 0.092677 secs]
[>>][5b2bea08005f9530677784][DEFAULT][/lib/general/navBar.php][18/Jun/21 18:10:16]
[<<][5b2bea08005f9530677784][DEFAULT][/lib/general/navBar.php][18/Jun/21 18:10:16][18/Jun/21 18:10:16][took 0.005987 secs]
[>>][5b2bea0801f46323113214][DEFAULT][/lib/general/navBar.php][18/Jun/21 18:10:16]
[<<][5b2bea0801f46323113214][DEFAULT][/lib/general/navBar.php][18/Jun/21 18:10:16][18/Jun/21 18:10:16][took 0.075722 secs]
[<<][5b2bea07e0637722108918][DEFAULT][/lib/general/mainPage.php][18/Jun/21 18:10:15][18/Jun/21 18:10:16][took 0.211323 secs]
[>>][5b2bea081ff90249800310][DEFAULT][/lib/general/mainPage.php][18/Jun/21 18:10:16]
[<<][5b2bea081ff90249800310][DEFAULT][/lib/general/mainPage.php][18/Jun/21 18:10:16][18/Jun/21 18:10:16][took 0.00693 secs]
[>>][5b2bea0821d2f461005772][DEFAULT][/lib/general/mainPage.php][18/Jun/21 18:10:16]
[<<][5b2bea0821d2f461005772][DEFAULT][/lib/general/mainPage.php][18/Jun/21 18:10:16][18/Jun/21 18:10:16][took 0.109604 secs]
[<<][5b2bea2ee349f913977076][DEFAULT][/lib/general/frmWorkArea.php][18/Jun/21 18:10:54][18/Jun/21 18:10:55][took 0.127132 secs]
[>>][5b2bea2f0e55c854671173][DEFAULT][/lib/general/frmWorkArea.php][18/Jun/21 18:10:55]
[<<][5b2bea2f0e55c854671173][DEFAULT][/lib/general/frmWorkArea.php][18/Jun/21 18:10:55][18/Jun/21 18:10:55][took 0.00724 secs]
[>>][5b2bea2f10409297911679][DEFAULT][/lib/general/frmWorkArea.php][18/Jun/21 18:10:55]
[<<][5b2bea2f10409297911679][DEFAULT][/lib/general/frmWorkArea.php][18/Jun/21 18:10:55][18/Jun/21 18:10:55][took 0.111369 secs]
[<<][5b2bea2f44507269757953][DEFAULT][/lib/results/resultsNavigator.php][18/Jun/21 18:10:55][18/Jun/21 18:10:55][took 0.124775 secs]
[>>][5b2bea2f62e9f325608613][DEFAULT][/lib/results/resultsNavigator.php][18/Jun/21 18:10:55]
[<<][5b2bea2f62e9f325608613][DEFAULT][/lib/results/resultsNavigator.php][18/Jun/21 18:10:55][18/Jun/21 18:10:55][took 0.00708 secs]
[>>][5b2bea2f64d4f778371125][DEFAULT][/lib/results/resultsNavigator.php][18/Jun/21 18:10:55]
	[18/Jun/21 18:10:55][L18N][hvvvnq124so6r6a8fm5j56vrb2][GUI]
		string 'link_report_test_report_on_build' is not localized for locale 'pt_BR'  - using en_GB
	[18/Jun/21 18:10:55][L18N][hvvvnq124so6r6a8fm5j56vrb2][GUI]
		string 'link_report_test_flat' is not localized for locale 'pt_BR'  - using en_GB
	[18/Jun/21 18:10:55][L18N][hvvvnq124so6r6a8fm5j56vrb2][GUI]
		string 'format_pseudo_msword' is not localized for locale 'pt_BR'  - using en_GB
[<<][5b2bea2f64d4f778371125][DEFAULT][/lib/results/resultsNavigator.php][18/Jun/21 18:10:55][18/Jun/21 18:10:55][took 0.161812 secs]
[<<][5b2bea2f458af758264652][DEFAULT][/lib/general/staticPage.php][18/Jun/21 18:10:55][18/Jun/21 18:10:55][took 0.32427 secs]
[>>][5b2bea2f94d25778544707][DEFAULT][/lib/general/staticPage.php][18/Jun/21 18:10:55]
[<<][5b2bea2f94d25778544707][DEFAULT][/lib/general/staticPage.php][18/Jun/21 18:10:55][18/Jun/21 18:10:55][took 0.004393 secs]
[>>][5b2bea2f95fad233780652][DEFAULT][/lib/general/staticPage.php][18/Jun/21 18:10:55]
[<<][5b2bea2f95fad233780652][DEFAULT][/lib/general/staticPage.php][18/Jun/21 18:10:55][18/Jun/21 18:10:55][took 0.022304 secs]
[<<][5b2bea2fafa3d156458104][DEFAULT][/lib/general/staticPage.php][18/Jun/21 18:10:55][18/Jun/21 18:10:55][took 0.141853 secs]
[>>][5b2bea2fd267d446151426][DEFAULT][/lib/general/staticPage.php][18/Jun/21 18:10:55]
[<<][5b2bea2fd267d446151426][DEFAULT][/lib/general/staticPage.php][18/Jun/21 18:10:55][18/Jun/21 18:10:55][took 0.006947 secs]
[>>][5b2bea2fd4412273205342][DEFAULT][/lib/general/staticPage.php][18/Jun/21 18:10:55]
[<<][5b2bea2fd4412273205342][DEFAULT][/lib/general/staticPage.php][18/Jun/21 18:10:55][18/Jun/21 18:10:55][took 0.038589 secs]
[<<][5b2bea3348531645464039][DEFAULT][/lib/results/resultsTC.php][18/Jun/21 18:10:59][18/Jun/21 18:10:59][took 0.153621 secs]
[>>][5b2bea336df81587453213][DEFAULT][/lib/results/resultsTC.php][18/Jun/21 18:10:59]
[<<][5b2bea336df81587453213][DEFAULT][/lib/results/resultsTC.php][18/Jun/21 18:10:59][18/Jun/21 18:10:59][took 0.004302 secs]
[>>][5b2bea336f1b1634395104][DEFAULT][/lib/results/resultsTC.php][18/Jun/21 18:10:59]
	[18/Jun/21 18:10:59][L18N][hvvvnq124so6r6a8fm5j56vrb2][GUI]
		string 'test_result_matrix_filters' is not localized for locale 'pt_BR'  - using en_GB
	[18/Jun/21 18:10:59][L18N][hvvvnq124so6r6a8fm5j56vrb2][GUI]
		string 'too_much_data' is not localized for locale 'pt_BR'  - using en_GB
	[18/Jun/21 18:10:59][L18N][hvvvnq124so6r6a8fm5j56vrb2][GUI]
		string 'too_much_builds' is not localized for locale 'pt_BR'  - using en_GB
	[18/Jun/21 18:10:59][L18N][hvvvnq124so6r6a8fm5j56vrb2][GUI]
		string 'active_builds' is not localized for locale 'pt_BR'  - using en_GB
	[18/Jun/21 18:10:59][L18N][hvvvnq124so6r6a8fm5j56vrb2][GUI]
		string 'all_active_builds' is not localized for locale 'pt_BR'  - using en_GB
	[18/Jun/21 18:10:59][L18N][hvvvnq124so6r6a8fm5j56vrb2][GUI]
		string 'release_date_start' is not localized for locale 'pt_BR'  - using en_GB
	[18/Jun/21 18:10:59][L18N][hvvvnq124so6r6a8fm5j56vrb2][GUI]
		string 'release_date_end' is not localized for locale 'pt_BR'  - using en_GB
[<<][5b2bea336f1b1634395104][DEFAULT][/lib/results/resultsTC.php][18/Jun/21 18:10:59][18/Jun/21 18:10:59][took 0.085031 secs]
[<<][5b2bea3798856896728199][DEFAULT][/lib/results/resultsTC.php][18/Jun/21 18:11:03][18/Jun/21 18:11:03][took 0.165945 secs]
[>>][5b2bea37c1341561785483][DEFAULT][/lib/results/resultsTC.php][18/Jun/21 18:11:03]
[<<][5b2bea37c1341561785483][DEFAULT][/lib/results/resultsTC.php][18/Jun/21 18:11:03][18/Jun/21 18:11:03][took 0.007776 secs]
[>>][5b2bea37c33f3684120818][DEFAULT][/lib/results/resultsTC.php][18/Jun/21 18:11:03]
	[18/Jun/21 18:11:03][WARNING][hvvvnq124so6r6a8fm5j56vrb2][GUI]
		E_NOTICE
Undefined variable: buildIDSet - in /var/www/html/testlink/lib/results/resultsTC.php - Line 569
	[18/Jun/21 18:11:03][WARNING][hvvvnq124so6r6a8fm5j56vrb2][GUI]
		E_WARNING
implode(): Invalid arguments passed - in /var/www/html/testlink/lib/results/resultsTC.php - Line 569
	[18/Jun/21 18:11:04][WARNING][hvvvnq124so6r6a8fm5j56vrb2][GUI]
		E_NOTICE
Undefined index:  - in /var/www/html/testlink/lib/results/displayMgr.php - Line 133
	[18/Jun/21 18:11:04][L18N][hvvvnq124so6r6a8fm5j56vrb2][GUI]
		string 'builds' is not localized for locale 'pt_BR'  - using en_GB
[<<][5b2bea37c33f3684120818][DEFAULT][/lib/results/resultsTC.php][18/Jun/21 18:11:03][18/Jun/21 18:11:04][took 0.537184 secs]
[<<][5b2bea73181c1623038145][DEFAULT][/lib/execute/execSetResults.php][18/Jun/21 18:12:03][18/Jun/21 18:12:03][took 0.114431 secs]
[>>][5b2bea7334315075413320][DEFAULT][/lib/execute/execSetResults.php][18/Jun/21 18:12:03]
[<<][5b2bea7334315075413320][DEFAULT][/lib/execute/execSetResults.php][18/Jun/21 18:12:03][18/Jun/21 18:12:03][took 0.00519 secs]
[>>][5b2bea73358f3569689660][DEFAULT][/lib/execute/execSetResults.php][18/Jun/21 18:12:03]
	[18/Jun/21 18:12:03][L18N][hvvvnq124so6r6a8fm5j56vrb2][GUI]
		string 'click_passed' is not localized for locale 'pt_BR'  - using en_GB
	[18/Jun/21 18:12:03][L18N][hvvvnq124so6r6a8fm5j56vrb2][GUI]
		string 'click_failed' is not localized for locale 'pt_BR'  - using en_GB
	[18/Jun/21 18:12:03][L18N][hvvvnq124so6r6a8fm5j56vrb2][GUI]
		string 'click_blocked' is not localized for locale 'pt_BR'  - using en_GB
	[18/Jun/21 18:12:03][L18N][hvvvnq124so6r6a8fm5j56vrb2][GUI]
		string 'click_passed_next' is not localized for locale 'pt_BR'  - using en_GB
	[18/Jun/21 18:12:03][L18N][hvvvnq124so6r6a8fm5j56vrb2][GUI]
		string 'click_failed_next' is not localized for locale 'pt_BR'  - using en_GB
	[18/Jun/21 18:12:03][L18N][hvvvnq124so6r6a8fm5j56vrb2][GUI]
		string 'click_blocked_next' is not localized for locale 'pt_BR'  - using en_GB
	[18/Jun/21 18:12:03][L18N][hvvvnq124so6r6a8fm5j56vrb2][GUI]
		string 'unable_to_render_ghost' is not localized for locale 'pt_BR'  - using en_GB
	[18/Jun/21 18:12:03][L18N][hvvvnq124so6r6a8fm5j56vrb2][GUI]
		string 'issue_on_step' is not localized for locale 'pt_BR'  - using en_GB
	[18/Jun/21 18:12:03][L18N][hvvvnq124so6r6a8fm5j56vrb2][GUI]
		string 'btn_next' is not localized for locale 'pt_BR'  - using en_GB
	[18/Jun/21 18:12:03][L18N][hvvvnq124so6r6a8fm5j56vrb2][GUI]
		string 'add_link_to_tlexec' is not localized for locale 'pt_BR'  - using en_GB
	[18/Jun/21 18:12:03][L18N][hvvvnq124so6r6a8fm5j56vrb2][GUI]
		string 'estimated_execution_duration' is not localized for locale 'pt_BR'  - using en_GB
	[18/Jun/21 18:12:03][L18N][hvvvnq124so6r6a8fm5j56vrb2][GUI]
		string 'btn_save_and_exit' is not localized for locale 'pt_BR'  - using en_GB
	[18/Jun/21 18:12:03][L18N][hvvvnq124so6r6a8fm5j56vrb2][GUI]
		string 'bug_copy_from_latest_exec' is not localized for locale 'pt_BR'  - using en_GB
	[18/Jun/21 18:12:03][L18N][hvvvnq124so6r6a8fm5j56vrb2][GUI]
		string 'btn_next_tcase' is not localized for locale 'pt_BR'  - using en_GB
	[18/Jun/21 18:12:03][L18N][hvvvnq124so6r6a8fm5j56vrb2][GUI]
		string 'access_test_steps_exec' is not localized for locale 'pt_BR'  - using en_GB
	[18/Jun/21 18:12:03][L18N][hvvvnq124so6r6a8fm5j56vrb2][GUI]
		string 'assign_exec_task_to_me' is not localized for locale 'pt_BR'  - using en_GB
	[18/Jun/21 18:12:03][L18N][hvvvnq124so6r6a8fm5j56vrb2][GUI]
		string 'bug_summary' is not localized for locale 'pt_BR'  - using en_GB
	[18/Jun/21 18:12:03][L18N][hvvvnq124so6r6a8fm5j56vrb2][GUI]
		string 'bug_description' is not localized for locale 'pt_BR'  - using en_GB
	[18/Jun/21 18:12:03][L18N][hvvvnq124so6r6a8fm5j56vrb2][GUI]
		string 'execution_duration' is not localized for locale 'pt_BR'  - using en_GB
	[18/Jun/21 18:12:03][L18N][hvvvnq124so6r6a8fm5j56vrb2][GUI]
		string 'execution_duration_short' is not localized for locale 'pt_BR'  - using en_GB
	[18/Jun/21 18:12:03][L18N][hvvvnq124so6r6a8fm5j56vrb2][GUI]
		string 'issueType' is not localized for locale 'pt_BR'  - using en_GB
	[18/Jun/21 18:12:03][L18N][hvvvnq124so6r6a8fm5j56vrb2][GUI]
		string 'issuePriority' is not localized for locale 'pt_BR'  - using en_GB
	[18/Jun/21 18:12:03][L18N][hvvvnq124so6r6a8fm5j56vrb2][GUI]
		string 'artifactVersion' is not localized for locale 'pt_BR'  - using en_GB
	[18/Jun/21 18:12:03][L18N][hvvvnq124so6r6a8fm5j56vrb2][GUI]
		string 'artifactComponent' is not localized for locale 'pt_BR'  - using en_GB
	[18/Jun/21 18:12:03][L18N][hvvvnq124so6r6a8fm5j56vrb2][GUI]
		string 'add_issue_note' is not localized for locale 'pt_BR'  - using en_GB
	[18/Jun/21 18:12:03][L18N][hvvvnq124so6r6a8fm5j56vrb2][GUI]
		string 'bug_add_note' is not localized for locale 'pt_BR'  - using en_GB
	[18/Jun/21 18:12:03][L18N][hvvvnq124so6r6a8fm5j56vrb2][GUI]
		string 'create_issue_feedback' is not localized for locale 'pt_BR'  - using en_GB
	[18/Jun/21 18:12:03][L18N][hvvvnq124so6r6a8fm5j56vrb2][GUI]
		string 'clear_all_status' is not localized for locale 'pt_BR'  - using en_GB
	[18/Jun/21 18:12:03][L18N][hvvvnq124so6r6a8fm5j56vrb2][GUI]
		string 'latest_exec_notes' is not localized for locale 'pt_BR'  - using en_GB
	[18/Jun/21 18:12:03][L18N][hvvvnq124so6r6a8fm5j56vrb2][GUI]
		string 'exec_result' is not localized for locale 'pt_BR'  - using en_GB
	[18/Jun/21 18:12:03][L18N][hvvvnq124so6r6a8fm5j56vrb2][GUI]
		string 'clear_all_notes' is not localized for locale 'pt_BR'  - using en_GB
	[18/Jun/21 18:12:03][L18N][hvvvnq124so6r6a8fm5j56vrb2][GUI]
		string 'step_exec_notes' is not localized for locale 'pt_BR'  - using en_GB
	[18/Jun/21 18:12:03][L18N][hvvvnq124so6r6a8fm5j56vrb2][GUI]
		string 'show_ghost_string' is not localized for locale 'pt_BR'  - using en_GB
	[18/Jun/21 18:12:03][L18N][hvvvnq124so6r6a8fm5j56vrb2][GUI]
		string 'relation_type_extended' is not localized for locale 'pt_BR'  - using en_GB
[<<][5b2bea73358f3569689660][DEFAULT][/lib/execute/execSetResults.php][18/Jun/21 18:12:03][18/Jun/21 18:12:03][took 0.278139 secs]
[<<][5b2bea7b34a9e584670365][DEFAULT][/lib/attachments/attachmentdownload.php][18/Jun/21 18:12:11][18/Jun/21 18:12:11][took 0.115027 secs]
[>>][5b2bea7b50ddb023554966][DEFAULT][/lib/attachments/attachmentdownload.php][18/Jun/21 18:12:11]
[<<][5b2bea7b50ddb023554966][DEFAULT][/lib/attachments/attachmentdownload.php][18/Jun/21 18:12:11][18/Jun/21 18:12:11][took 0.001148 secs]
[>>][5b2bea7b51381055372130][DEFAULT][/lib/attachments/attachmentdownload.php][18/Jun/21 18:12:11]
[<<][5b2bea7b51381055372130][DEFAULT][/lib/attachments/attachmentdownload.php][18/Jun/21 18:12:11][18/Jun/21 18:12:11][took 0.023557 secs]
[<<][5b2beacce9df8973685285][DEFAULT][/lib/results/resultsTC.php][18/Jun/21 18:13:32][18/Jun/21 18:13:33][took 0.14217 secs]
[>>][5b2beacd18923725449957][DEFAULT][/lib/results/resultsTC.php][18/Jun/21 18:13:33]
[<<][5b2beacd18923725449957][DEFAULT][/lib/results/resultsTC.php][18/Jun/21 18:13:33][18/Jun/21 18:13:33][took 0.005172 secs]
[>>][5b2beacd19f62277877700][DEFAULT][/lib/results/resultsTC.php][18/Jun/21 18:13:33]
[<<][5b2beacd19f62277877700][DEFAULT][/lib/results/resultsTC.php][18/Jun/21 18:13:33][18/Jun/21 18:13:33][took 0.09743 secs]
[<<][5b2bead00609f111361196][DEFAULT][/lib/results/resultsTC.php][18/Jun/21 18:13:36][18/Jun/21 18:13:36][took 0.16151 secs]
[>>][5b2bead02d9ce020931471][DEFAULT][/lib/results/resultsTC.php][18/Jun/21 18:13:36]
[<<][5b2bead02d9ce020931471][DEFAULT][/lib/results/resultsTC.php][18/Jun/21 18:13:36][18/Jun/21 18:13:36][took 0.004682 secs]
[>>][5b2bead02ed8c484157450][DEFAULT][/lib/results/resultsTC.php][18/Jun/21 18:13:36]
	[18/Jun/21 18:13:36][WARNING][hvvvnq124so6r6a8fm5j56vrb2][GUI]
		E_NOTICE
Undefined variable: buildIDSet - in /var/www/html/testlink/lib/results/resultsTC.php - Line 569
	[18/Jun/21 18:13:36][WARNING][hvvvnq124so6r6a8fm5j56vrb2][GUI]
		E_WARNING
implode(): Invalid arguments passed - in /var/www/html/testlink/lib/results/resultsTC.php - Line 569
	[18/Jun/21 18:13:36][WARNING][hvvvnq124so6r6a8fm5j56vrb2][GUI]
		E_NOTICE
Undefined index:  - in /var/www/html/testlink/lib/results/displayMgr.php - Line 133
[<<][5b2bead02ed8c484157450][DEFAULT][/lib/results/resultsTC.php][18/Jun/21 18:13:36][18/Jun/21 18:13:36][took 0.381084 secs]
