	[18/Jan/18 13:02:22][AUDIT][o7eav2p81v20akghmf7175je54][GUI]
		Login for 'wantunes' from '192.168.26.244' succeeded
[<<][5a609ade0cb30329000589][DEFAULT][/login.php][18/Jan/18 13:02:22][18/Jan/18 13:02:22][took 0.038601 secs]
[<<][5a609ade25edd568907317][DEFAULT][/index.php][18/Jan/18 13:02:22][18/Jan/18 13:02:22][took 0.099834 secs]
[>>][5a609ade3e781254954114][DEFAULT][/index.php][18/Jan/18 13:02:22]
[<<][5a609ade3e781254954114][DEFAULT][/index.php][18/Jan/18 13:02:22][18/Jan/18 13:02:22][took 0.007781 secs]
[<<][5a609ade4ce24276435527][DEFAULT][/lib/general/navBar.php][18/Jan/18 13:02:22][18/Jan/18 13:02:22][took 0.113095 secs]
[>>][5a609ade68a18568061925][DEFAULT][/lib/general/navBar.php][18/Jan/18 13:02:22]
[<<][5a609ade68a18568061925][DEFAULT][/lib/general/navBar.php][18/Jan/18 13:02:22][18/Jan/18 13:02:22][took 0.006562 secs]
[>>][5a609ade6a69a181155871][DEFAULT][/lib/general/navBar.php][18/Jan/18 13:02:22]
[<<][5a609ade6a69a181155871][DEFAULT][/lib/general/navBar.php][18/Jan/18 13:02:22][18/Jan/18 13:02:22][took 0.03825 secs]
[<<][5a609ade5082c501016482][DEFAULT][/lib/general/mainPage.php][18/Jan/18 13:02:22][18/Jan/18 13:02:22][took 0.186172 secs]
[>>][5a609ade7e17b449736324][DEFAULT][/lib/general/mainPage.php][18/Jan/18 13:02:22]
[<<][5a609ade7e17b449736324][DEFAULT][/lib/general/mainPage.php][18/Jan/18 13:02:22][18/Jan/18 13:02:22][took 0.005551 secs]
[>>][5a609ade7f9f0947834198][DEFAULT][/lib/general/mainPage.php][18/Jan/18 13:02:22]
[<<][5a609ade7f9f0947834198][DEFAULT][/lib/general/mainPage.php][18/Jan/18 13:02:22][18/Jan/18 13:02:22][took 0.055604 secs]
[<<][5a609ae5e3445218138732][DEFAULT][/logout.php][18/Jan/18 13:02:29][18/Jan/18 13:02:30][took 0.091884 secs]
[>>][5a609ae605b22506785685][DEFAULT][/logout.php][18/Jan/18 13:02:30]
[<<][5a609ae605b22506785685][DEFAULT][/logout.php][18/Jan/18 13:02:30][18/Jan/18 13:02:30][took 0.006834 secs]
[>>][5a609ae607814198978254][DEFAULT][/logout.php][18/Jan/18 13:02:30]
	[18/Jan/18 13:02:30][AUDIT][o7eav2p81v20akghmf7175je54][GUI]
		Logout of 'wantunes'
	[18/Jan/19 09:19:59][AUDIT][o7eav2p81v20akghmf7175je54][GUI]
		Login for 'wantunes' from '192.168.26.244' succeeded
[<<][5a61b83f4dfb0415007843][DEFAULT][/login.php][18/Jan/19 09:19:59][18/Jan/19 09:19:59][took 0.041525 secs]
[<<][5a61b83f6f21c617011746][DEFAULT][/index.php][18/Jan/19 09:19:59][18/Jan/19 09:19:59][took 0.138075 secs]
[>>][5a61b83f9103d155145417][DEFAULT][/index.php][18/Jan/19 09:19:59]
[<<][5a61b83f9103d155145417][DEFAULT][/index.php][18/Jan/19 09:19:59][18/Jan/19 09:19:59][took 0.006634 secs]
[<<][5a61b83fa4474840950565][DEFAULT][/lib/general/navBar.php][18/Jan/19 09:19:59][18/Jan/19 09:19:59][took 0.071205 secs]
[>>][5a61b83fb5c20661070916][DEFAULT][/lib/general/navBar.php][18/Jan/19 09:19:59]
[<<][5a61b83fb5c20661070916][DEFAULT][/lib/general/navBar.php][18/Jan/19 09:19:59][18/Jan/19 09:19:59][took 0.0044280000000001 secs]
[>>][5a61b83fb6ec6961385215][DEFAULT][/lib/general/navBar.php][18/Jan/19 09:19:59]
[<<][5a61b83fb6ec6961385215][DEFAULT][/lib/general/navBar.php][18/Jan/19 09:19:59][18/Jan/19 09:19:59][took 0.05266 secs]
[<<][5a61b83faa666981552138][DEFAULT][/lib/general/mainPage.php][18/Jan/19 09:19:59][18/Jan/19 09:19:59][took 0.144134 secs]
[>>][5a61b83fcdc22819554361][DEFAULT][/lib/general/mainPage.php][18/Jan/19 09:19:59]
[<<][5a61b83fcdc22819554361][DEFAULT][/lib/general/mainPage.php][18/Jan/19 09:19:59][18/Jan/19 09:19:59][took 0.006507 secs]
[>>][5a61b83fcf7c9292607757][DEFAULT][/lib/general/mainPage.php][18/Jan/19 09:19:59]
	[18/Jan/19 09:19:59][L18N][o7eav2p81v20akghmf7175je54][GUI]
		string 'system_config' is not localized for locale 'pt_BR'  - using en_GB
	[18/Jan/19 09:19:59][L18N][o7eav2p81v20akghmf7175je54][GUI]
		string 'href_req_monitor_overview' is not localized for locale 'pt_BR'  - using en_GB
[<<][5a61b83fcf7c9292607757][DEFAULT][/lib/general/mainPage.php][18/Jan/19 09:19:59][18/Jan/19 09:19:59][took 0.112445 secs]
[<<][5a61b847208f2479606878][DEFAULT][/login.php][18/Jan/19 09:20:07][18/Jan/19 09:20:07][took 0.159312 secs]
[>>][5a61b84747abb843814902][DEFAULT][/login.php][18/Jan/19 09:20:07]
	[18/Jan/19 09:20:07][WARNING][o7eav2p81v20akghmf7175je54][GUI]
		E_WARNING
strtotime(): It is not safe to rely on the system's timezone settings. You are *required* to use the date.timezone setting or the date_default_timezone_set() function. In case you used any of those methods and you are still getting this warning, you most likely misspelled the timezone identifier. We selected the timezone 'UTC' for now, but please set date.timezone to select your timezone. - in /var/www/html/testlink/login.php - Line 244
	[18/Jan/19 09:20:07][L18N][o7eav2p81v20akghmf7175je54][GUI]
		string 'login' is not localized for locale 'pt_BR'  - using en_GB
	[18/Jan/19 09:20:07][L18N][o7eav2p81v20akghmf7175je54][GUI]
		string 'demo_usage' is not localized for locale 'pt_BR'  - using en_GB
	[18/Jan/19 09:20:07][L18N][o7eav2p81v20akghmf7175je54][GUI]
		string 'demo_mode_suggested_user' is not localized for locale 'pt_BR'  - using en_GB
	[18/Jan/19 09:20:07][L18N][o7eav2p81v20akghmf7175je54][GUI]
		string 'demo_mode_suggested_password' is not localized for locale 'pt_BR'  - using en_GB
	[18/Jan/19 09:20:07][L18N][o7eav2p81v20akghmf7175je54][GUI]
		string 'old_style_login' is not localized for locale 'pt_BR'  - using en_GB
[<<][5a61b84747abb843814902][DEFAULT][/login.php][18/Jan/19 09:20:07][18/Jan/19 09:20:07][took 0.09601 secs]
[<<][5a61b84fed39d691589148][DEFAULT][/login.php][18/Jan/19 09:20:15][18/Jan/19 09:20:16][took 0.11534 secs]
[>>][5a61b85015672247736532][DEFAULT][/login.php][18/Jan/19 09:20:16]
	[18/Jan/19 09:20:16][WARNING][o7eav2p81v20akghmf7175je54][GUI]
		E_WARNING
strtotime(): It is not safe to rely on the system's timezone settings. You are *required* to use the date.timezone setting or the date_default_timezone_set() function. In case you used any of those methods and you are still getting this warning, you most likely misspelled the timezone identifier. We selected the timezone 'UTC' for now, but please set date.timezone to select your timezone. - in /var/www/html/testlink/login.php - Line 244
[<<][5a61b85015672247736532][DEFAULT][/login.php][18/Jan/19 09:20:16][18/Jan/19 09:20:16][took 0.028942 secs]
[<<][5a61b8535b080094959441][DEFAULT][/logout.php][18/Jan/19 09:20:19][18/Jan/19 09:20:19][took 0.093791 secs]
[>>][5a61b85372104036408883][DEFAULT][/logout.php][18/Jan/19 09:20:19]
[<<][5a61b85372104036408883][DEFAULT][/logout.php][18/Jan/19 09:20:19][18/Jan/19 09:20:19][took 0.006827 secs]
[>>][5a61b85373e94932210980][DEFAULT][/logout.php][18/Jan/19 09:20:19]
	[18/Jan/19 09:20:19][AUDIT][o7eav2p81v20akghmf7175je54][GUI]
		Logout of 'wantunes'
	[18/Jan/19 09:20:20][AUDIT][o7eav2p81v20akghmf7175je54][GUI]
		Login for 'wantunes' from '192.168.26.244' succeeded
[<<][5a61b854aa173589327535][DEFAULT][/login.php][18/Jan/19 09:20:20][18/Jan/19 09:20:20][took 0.040195 secs]
[<<][5a61b854c2e93451356732][DEFAULT][/index.php][18/Jan/19 09:20:20][18/Jan/19 09:20:20][took 0.14265 secs]
[>>][5a61b854e5e22991429927][DEFAULT][/index.php][18/Jan/19 09:20:20]
[<<][5a61b854e5e22991429927][DEFAULT][/index.php][18/Jan/19 09:20:20][18/Jan/19 09:20:20][took 0.006777 secs]
[<<][5a61b854f2aae482402602][DEFAULT][/lib/general/navBar.php][18/Jan/19 09:20:20][18/Jan/19 09:20:21][took 0.070514 secs]
[>>][5a61b8550fd7d364698899][DEFAULT][/lib/general/navBar.php][18/Jan/19 09:20:21]
[<<][5a61b8550fd7d364698899][DEFAULT][/lib/general/navBar.php][18/Jan/19 09:20:21][18/Jan/19 09:20:21][took 0.004348 secs]
[>>][5a61b85511015858839503][DEFAULT][/lib/general/navBar.php][18/Jan/19 09:20:21]
[<<][5a61b85511015858839503][DEFAULT][/lib/general/navBar.php][18/Jan/19 09:20:21][18/Jan/19 09:20:21][took 0.051233 secs]
[<<][5a61b85507158755504797][DEFAULT][/lib/general/mainPage.php][18/Jan/19 09:20:21][18/Jan/19 09:20:21][took 0.138664 secs]
[>>][5a61b855291ad823876495][DEFAULT][/lib/general/mainPage.php][18/Jan/19 09:20:21]
[<<][5a61b855291ad823876495][DEFAULT][/lib/general/mainPage.php][18/Jan/19 09:20:21][18/Jan/19 09:20:21][took 0.006527 secs]
[>>][5a61b8552ad8e625370290][DEFAULT][/lib/general/mainPage.php][18/Jan/19 09:20:21]
	[18/Jan/19 09:20:21][L18N][o7eav2p81v20akghmf7175je54][GUI]
		string 'system_config' is not localized for locale 'pt_BR'  - using en_GB
	[18/Jan/19 09:20:21][L18N][o7eav2p81v20akghmf7175je54][GUI]
		string 'href_req_monitor_overview' is not localized for locale 'pt_BR'  - using en_GB
[<<][5a61b8552ad8e625370290][DEFAULT][/lib/general/mainPage.php][18/Jan/19 09:20:21][18/Jan/19 09:20:21][took 0.207065 secs]
[<<][5a61b85e63035766549978][DEFAULT][/lib/keywords/keywordsView.php][18/Jan/19 09:20:30][18/Jan/19 09:20:30][took 0.102204 secs]
[>>][5a61b85e7c1ee922017711][DEFAULT][/lib/keywords/keywordsView.php][18/Jan/19 09:20:30]
[<<][5a61b85e7c1ee922017711][DEFAULT][/lib/keywords/keywordsView.php][18/Jan/19 09:20:30][18/Jan/19 09:20:30][took 0.006373 secs]
[>>][5a61b85e7dd53415654036][DEFAULT][/lib/keywords/keywordsView.php][18/Jan/19 09:20:30]
	[18/Jan/19 09:20:30][WARNING][o7eav2p81v20akghmf7175je54][GUI]
		E_WARNING
strftime(): It is not safe to rely on the system's timezone settings. You are *required* to use the date.timezone setting or the date_default_timezone_set() function. In case you used any of those methods and you are still getting this warning, you most likely misspelled the timezone identifier. We selected the timezone 'UTC' for now, but please set date.timezone to select your timezone. - in /var/www/html/testlink/third_party/smarty3/libs/sysplugins/smarty_internal_templatecompilerbase.php - Line 177
[<<][5a61b85e7dd53415654036][DEFAULT][/lib/keywords/keywordsView.php][18/Jan/19 09:20:30][18/Jan/19 09:20:30][took 0.240191 secs]
[<<][5a61b8649008b116665538][DEFAULT][/lib/general/mainPage.php][18/Jan/19 09:20:36][18/Jan/19 09:20:36][took 0.123582 secs]
[>>][5a61b864ae591880790815][DEFAULT][/lib/general/mainPage.php][18/Jan/19 09:20:36]
[<<][5a61b864ae591880790815][DEFAULT][/lib/general/mainPage.php][18/Jan/19 09:20:36][18/Jan/19 09:20:36][took 0.0056539999999999 secs]
[>>][5a61b864afe92458698643][DEFAULT][/lib/general/mainPage.php][18/Jan/19 09:20:36]
[<<][5a61b864afe92458698643][DEFAULT][/lib/general/mainPage.php][18/Jan/19 09:20:36][18/Jan/19 09:20:36][took 0.069192 secs]
[<<][5a61b86694c59825035309][DEFAULT][/login.php][18/Jan/19 09:20:38][18/Jan/19 09:20:38][took 0.101593 secs]
[>>][5a61b866adb90974383014][DEFAULT][/login.php][18/Jan/19 09:20:38]
	[18/Jan/19 09:20:38][WARNING][o7eav2p81v20akghmf7175je54][GUI]
		E_WARNING
strtotime(): It is not safe to rely on the system's timezone settings. You are *required* to use the date.timezone setting or the date_default_timezone_set() function. In case you used any of those methods and you are still getting this warning, you most likely misspelled the timezone identifier. We selected the timezone 'UTC' for now, but please set date.timezone to select your timezone. - in /var/www/html/testlink/login.php - Line 244
	[18/Jan/19 09:20:38][L18N][o7eav2p81v20akghmf7175je54][GUI]
		string 'login' is not localized for locale 'pt_BR'  - using en_GB
	[18/Jan/19 09:20:38][L18N][o7eav2p81v20akghmf7175je54][GUI]
		string 'demo_usage' is not localized for locale 'pt_BR'  - using en_GB
	[18/Jan/19 09:20:38][L18N][o7eav2p81v20akghmf7175je54][GUI]
		string 'demo_mode_suggested_user' is not localized for locale 'pt_BR'  - using en_GB
	[18/Jan/19 09:20:38][L18N][o7eav2p81v20akghmf7175je54][GUI]
		string 'demo_mode_suggested_password' is not localized for locale 'pt_BR'  - using en_GB
	[18/Jan/19 09:20:38][L18N][o7eav2p81v20akghmf7175je54][GUI]
		string 'old_style_login' is not localized for locale 'pt_BR'  - using en_GB
[<<][5a61b866adb90974383014][DEFAULT][/login.php][18/Jan/19 09:20:38][18/Jan/19 09:20:38][took 0.063865 secs]
[<<][5a61b86bdfbb0432762312][DEFAULT][/lostPassword.php][18/Jan/19 09:20:43][18/Jan/19 09:20:44][took 0.143655 secs]
[>>][5a61b86c0ed73717758421][DEFAULT][/lostPassword.php][18/Jan/19 09:20:44]
	[18/Jan/19 09:20:44][WARNING][o7eav2p81v20akghmf7175je54][GUI]
		E_NOTICE
Undefined property: stdClass::$reqURI - in /var/www/html/testlink/gui/templates_c/d66941b693be214c83ec9ccf2f3afe6a63569453.file.lostPassword-model-marcobiedermann.tpl.php - Line 64
	[18/Jan/19 09:20:44][WARNING][o7eav2p81v20akghmf7175je54][GUI]
		E_NOTICE
Undefined property: stdClass::$destination - in /var/www/html/testlink/gui/templates_c/d66941b693be214c83ec9ccf2f3afe6a63569453.file.lostPassword-model-marcobiedermann.tpl.php - Line 66
[<<][5a61b86c0ed73717758421][DEFAULT][/lostPassword.php][18/Jan/19 09:20:44][18/Jan/19 09:20:44][took 0.019865 secs]
[<<][5a61b871e589c789263468][DEFAULT][/lostPassword.php][18/Jan/19 09:20:49][18/Jan/19 09:20:50][took 0.158622 secs]
[>>][5a61b8721847e901369194][DEFAULT][/lostPassword.php][18/Jan/19 09:20:50]
	[18/Jan/19 09:20:50][AUDIT][o7eav2p81v20akghmf7175je54][GUI]
		Password reset requested for 'wantunes'
[<<][5a61b8721847e901369194][DEFAULT][/lostPassword.php][18/Jan/19 09:20:50][18/Jan/19 09:20:50][took 0.119747 secs]
[<<][5a61b87245645455072184][DEFAULT][/login.php][18/Jan/19 09:20:50][18/Jan/19 09:20:50][took 0.092667 secs]
[>>][5a61b8725c331726374924][DEFAULT][/login.php][18/Jan/19 09:20:50]
	[18/Jan/19 09:20:50][WARNING][o7eav2p81v20akghmf7175je54][GUI]
		E_WARNING
strtotime(): It is not safe to rely on the system's timezone settings. You are *required* to use the date.timezone setting or the date_default_timezone_set() function. In case you used any of those methods and you are still getting this warning, you most likely misspelled the timezone identifier. We selected the timezone 'UTC' for now, but please set date.timezone to select your timezone. - in /var/www/html/testlink/login.php - Line 244
[<<][5a61b8725c331726374924][DEFAULT][/login.php][18/Jan/19 09:20:50][18/Jan/19 09:20:50][took 0.04252 secs]
[<<][5a61b8818f9d0466608822][DEFAULT][/login.php][18/Jan/19 09:21:05][18/Jan/19 09:21:05][took 0.096657 secs]
[>>][5a61b881a75c9970905810][DEFAULT][/login.php][18/Jan/19 09:21:05]
	[18/Jan/19 09:21:05][WARNING][o7eav2p81v20akghmf7175je54][GUI]
		E_WARNING
strtotime(): It is not safe to rely on the system's timezone settings. You are *required* to use the date.timezone setting or the date_default_timezone_set() function. In case you used any of those methods and you are still getting this warning, you most likely misspelled the timezone identifier. We selected the timezone 'UTC' for now, but please set date.timezone to select your timezone. - in /var/www/html/testlink/login.php - Line 244
[<<][5a61b881a75c9970905810][DEFAULT][/login.php][18/Jan/19 09:21:05][18/Jan/19 09:21:05][took 0.032562 secs]
[<<][5a61b88d9a4aa941237577][DEFAULT][/login.php][18/Jan/19 09:21:17][18/Jan/19 09:21:17][took 0.106579 secs]
[>>][5a61b88db47ea707500079][DEFAULT][/login.php][18/Jan/19 09:21:17]
	[18/Jan/19 09:21:17][WARNING][o7eav2p81v20akghmf7175je54][GUI]
		E_WARNING
strtotime(): It is not safe to rely on the system's timezone settings. You are *required* to use the date.timezone setting or the date_default_timezone_set() function. In case you used any of those methods and you are still getting this warning, you most likely misspelled the timezone identifier. We selected the timezone 'UTC' for now, but please set date.timezone to select your timezone. - in /var/www/html/testlink/login.php - Line 244
[<<][5a61b88db47ea707500079][DEFAULT][/login.php][18/Jan/19 09:21:17][18/Jan/19 09:21:17][took 0.031376 secs]
[<<][5a61b895ebbe0382912561][DEFAULT][/logout.php][18/Jan/19 09:21:25][18/Jan/19 09:21:26][took 0.102524 secs]
[>>][5a61b89610c3e967893546][DEFAULT][/logout.php][18/Jan/19 09:21:26]
[<<][5a61b89610c3e967893546][DEFAULT][/logout.php][18/Jan/19 09:21:26][18/Jan/19 09:21:26][took 0.005717 secs]
[>>][5a61b8961255e477579985][DEFAULT][/logout.php][18/Jan/19 09:21:26]
	[18/Jan/19 09:21:26][AUDIT][o7eav2p81v20akghmf7175je54][GUI]
		Logout of 'wantunes'
	[18/Jan/19 09:21:30][AUDIT][o7eav2p81v20akghmf7175je54][GUI]
		Login for 'wantunes' from '192.168.26.244' succeeded
[<<][5a61b899f1706306209183][DEFAULT][/login.php][18/Jan/19 09:21:29][18/Jan/19 09:21:30][took 0.036366 secs]
[<<][5a61b89a19001614532519][DEFAULT][/index.php][18/Jan/19 09:21:30][18/Jan/19 09:21:30][took 0.132915 secs]
[>>][5a61b89a39a62729967022][DEFAULT][/index.php][18/Jan/19 09:21:30]
[<<][5a61b89a39a62729967022][DEFAULT][/index.php][18/Jan/19 09:21:30][18/Jan/19 09:21:30][took 0.008454 secs]
[<<][5a61b89a47293203364338][DEFAULT][/lib/general/navBar.php][18/Jan/19 09:21:30][18/Jan/19 09:21:30][took 0.088379 secs]
[>>][5a61b89a5cdb1140899430][DEFAULT][/lib/general/navBar.php][18/Jan/19 09:21:30]
[<<][5a61b89a5cdb1140899430][DEFAULT][/lib/general/navBar.php][18/Jan/19 09:21:30][18/Jan/19 09:21:30][took 0.004603 secs]
[>>][5a61b89a5e1c2104606038][DEFAULT][/lib/general/navBar.php][18/Jan/19 09:21:30]
[<<][5a61b89a5e1c2104606038][DEFAULT][/lib/general/navBar.php][18/Jan/19 09:21:30][18/Jan/19 09:21:30][took 0.049876 secs]
[<<][5a61b89a49825915998021][DEFAULT][/lib/general/mainPage.php][18/Jan/19 09:21:30][18/Jan/19 09:21:30][took 0.170324 secs]
[>>][5a61b89a733ce318328158][DEFAULT][/lib/general/mainPage.php][18/Jan/19 09:21:30]
[<<][5a61b89a733ce318328158][DEFAULT][/lib/general/mainPage.php][18/Jan/19 09:21:30][18/Jan/19 09:21:30][took 0.008005 secs]
[>>][5a61b89a7567f624456886][DEFAULT][/lib/general/mainPage.php][18/Jan/19 09:21:30]
	[18/Jan/19 09:21:30][L18N][o7eav2p81v20akghmf7175je54][GUI]
		string 'system_config' is not localized for locale 'pt_BR'  - using en_GB
	[18/Jan/19 09:21:30][L18N][o7eav2p81v20akghmf7175je54][GUI]
		string 'href_req_monitor_overview' is not localized for locale 'pt_BR'  - using en_GB
[<<][5a61b89a7567f624456886][DEFAULT][/lib/general/mainPage.php][18/Jan/19 09:21:30][18/Jan/19 09:21:30][took 0.094405 secs]
[<<][5a61b8a9e859b940389899][DEFAULT][/lib/usermanagement/userInfo.php][18/Jan/19 09:21:45][18/Jan/19 09:21:46][took 0.132453 secs]
[>>][5a61b8aa14bdd861501011][DEFAULT][/lib/usermanagement/userInfo.php][18/Jan/19 09:21:46]
[<<][5a61b8aa14bdd861501011][DEFAULT][/lib/usermanagement/userInfo.php][18/Jan/19 09:21:46][18/Jan/19 09:21:46][took 0.006307 secs]
[>>][5a61b8aa166e6949841350][DEFAULT][/lib/usermanagement/userInfo.php][18/Jan/19 09:21:46]
	[18/Jan/19 09:21:46][WARNING][o7eav2p81v20akghmf7175je54][GUI]
		E_WARNING
strftime(): It is not safe to rely on the system's timezone settings. You are *required* to use the date.timezone setting or the date_default_timezone_set() function. In case you used any of those methods and you are still getting this warning, you most likely misspelled the timezone identifier. We selected the timezone 'UTC' for now, but please set date.timezone to select your timezone. - in /var/www/html/testlink/lib/functions/lang_api.php - Line 395
	[18/Jan/19 09:21:46][WARNING][o7eav2p81v20akghmf7175je54][GUI]
		E_WARNING
strftime(): It is not safe to rely on the system's timezone settings. You are *required* to use the date.timezone setting or the date_default_timezone_set() function. In case you used any of those methods and you are still getting this warning, you most likely misspelled the timezone identifier. We selected the timezone 'UTC' for now, but please set date.timezone to select your timezone. - in /var/www/html/testlink/lib/functions/lang_api.php - Line 395
	[18/Jan/19 09:21:46][WARNING][o7eav2p81v20akghmf7175je54][GUI]
		E_WARNING
strftime(): It is not safe to rely on the system's timezone settings. You are *required* to use the date.timezone setting or the date_default_timezone_set() function. In case you used any of those methods and you are still getting this warning, you most likely misspelled the timezone identifier. We selected the timezone 'UTC' for now, but please set date.timezone to select your timezone. - in /var/www/html/testlink/lib/functions/lang_api.php - Line 395
	[18/Jan/19 09:21:46][WARNING][o7eav2p81v20akghmf7175je54][GUI]
		E_WARNING
strftime(): It is not safe to rely on the system's timezone settings. You are *required* to use the date.timezone setting or the date_default_timezone_set() function. In case you used any of those methods and you are still getting this warning, you most likely misspelled the timezone identifier. We selected the timezone 'UTC' for now, but please set date.timezone to select your timezone. - in /var/www/html/testlink/lib/functions/lang_api.php - Line 395
[<<][5a61b8aa166e6949841350][DEFAULT][/lib/usermanagement/userInfo.php][18/Jan/19 09:21:46][18/Jan/19 09:21:46][took 0.29373 secs]
[<<][5a61b8b5f2922382968290][DEFAULT][/lib/usermanagement/userInfo.php][18/Jan/19 09:21:57][18/Jan/19 09:21:58][took 0.117178 secs]
[>>][5a61b8b61b372203892296][DEFAULT][/lib/usermanagement/userInfo.php][18/Jan/19 09:21:58]
[<<][5a61b8b61b372203892296][DEFAULT][/lib/usermanagement/userInfo.php][18/Jan/19 09:21:58][18/Jan/19 09:21:58][took 0.006799 secs]
[>>][5a61b8b61d04e125234214][DEFAULT][/lib/usermanagement/userInfo.php][18/Jan/19 09:21:58]
	[18/Jan/19 09:21:58][AUDIT][o7eav2p81v20akghmf7175je54][GUI]
		Password of user 'wantunes' was saved
	[18/Jan/19 09:21:58][WARNING][o7eav2p81v20akghmf7175je54][GUI]
		E_WARNING
strftime(): It is not safe to rely on the system's timezone settings. You are *required* to use the date.timezone setting or the date_default_timezone_set() function. In case you used any of those methods and you are still getting this warning, you most likely misspelled the timezone identifier. We selected the timezone 'UTC' for now, but please set date.timezone to select your timezone. - in /var/www/html/testlink/lib/functions/lang_api.php - Line 395
	[18/Jan/19 09:21:58][WARNING][o7eav2p81v20akghmf7175je54][GUI]
		E_WARNING
strftime(): It is not safe to rely on the system's timezone settings. You are *required* to use the date.timezone setting or the date_default_timezone_set() function. In case you used any of those methods and you are still getting this warning, you most likely misspelled the timezone identifier. We selected the timezone 'UTC' for now, but please set date.timezone to select your timezone. - in /var/www/html/testlink/lib/functions/lang_api.php - Line 395
	[18/Jan/19 09:21:58][WARNING][o7eav2p81v20akghmf7175je54][GUI]
		E_WARNING
strftime(): It is not safe to rely on the system's timezone settings. You are *required* to use the date.timezone setting or the date_default_timezone_set() function. In case you used any of those methods and you are still getting this warning, you most likely misspelled the timezone identifier. We selected the timezone 'UTC' for now, but please set date.timezone to select your timezone. - in /var/www/html/testlink/lib/functions/lang_api.php - Line 395
	[18/Jan/19 09:21:58][WARNING][o7eav2p81v20akghmf7175je54][GUI]
		E_WARNING
strftime(): It is not safe to rely on the system's timezone settings. You are *required* to use the date.timezone setting or the date_default_timezone_set() function. In case you used any of those methods and you are still getting this warning, you most likely misspelled the timezone identifier. We selected the timezone 'UTC' for now, but please set date.timezone to select your timezone. - in /var/www/html/testlink/lib/functions/lang_api.php - Line 395
[<<][5a61b8b61d04e125234214][DEFAULT][/lib/usermanagement/userInfo.php][18/Jan/19 09:21:58][18/Jan/19 09:21:58][took 0.465825 secs]
[<<][5a61b8bfb2b5b381464730][DEFAULT][/logout.php][18/Jan/19 09:22:07][18/Jan/19 09:22:07][took 0.09618 secs]
[>>][5a61b8bfca578231651064][DEFAULT][/logout.php][18/Jan/19 09:22:07]
[<<][5a61b8bfca578231651064][DEFAULT][/logout.php][18/Jan/19 09:22:07][18/Jan/19 09:22:07][took 0.005645 secs]
[>>][5a61b8bfcbda5852882539][DEFAULT][/logout.php][18/Jan/19 09:22:07]
	[18/Jan/19 09:22:07][AUDIT][o7eav2p81v20akghmf7175je54][GUI]
		Logout of 'wantunes'
	[18/Jan/19 09:22:09][AUDIT][o7eav2p81v20akghmf7175je54][GUI]
		Login for 'wantunes' from '192.168.26.244' succeeded
[<<][5a61b8c1461e6238383698][DEFAULT][/login.php][18/Jan/19 09:22:09][18/Jan/19 09:22:09][took 0.040612 secs]
[<<][5a61b8c15ec28133229976][DEFAULT][/index.php][18/Jan/19 09:22:09][18/Jan/19 09:22:09][took 0.122148 secs]
[>>][5a61b8c17cb8c679272348][DEFAULT][/index.php][18/Jan/19 09:22:09]
[<<][5a61b8c17cb8c679272348][DEFAULT][/index.php][18/Jan/19 09:22:09][18/Jan/19 09:22:09][took 0.0064510000000001 secs]
[<<][5a61b8c18b641664526831][DEFAULT][/lib/general/navBar.php][18/Jan/19 09:22:09][18/Jan/19 09:22:09][took 0.099212 secs]
[>>][5a61b8c1a3ca1863906612][DEFAULT][/lib/general/navBar.php][18/Jan/19 09:22:09]
[<<][5a61b8c1a3ca1863906612][DEFAULT][/lib/general/navBar.php][18/Jan/19 09:22:09][18/Jan/19 09:22:09][took 0.006567 secs]
[>>][5a61b8c1a58c7810605651][DEFAULT][/lib/general/navBar.php][18/Jan/19 09:22:09]
[<<][5a61b8c1a58c7810605651][DEFAULT][/lib/general/navBar.php][18/Jan/19 09:22:09][18/Jan/19 09:22:09][took 0.058968 secs]
[<<][5a61b8c192e7e557175851][DEFAULT][/lib/general/mainPage.php][18/Jan/19 09:22:09][18/Jan/19 09:22:09][took 0.18475 secs]
[>>][5a61b8c1c02fd455541822][DEFAULT][/lib/general/mainPage.php][18/Jan/19 09:22:09]
[<<][5a61b8c1c02fd455541822][DEFAULT][/lib/general/mainPage.php][18/Jan/19 09:22:09][18/Jan/19 09:22:09][took 0.006185 secs]
[>>][5a61b8c1c1dd2091173860][DEFAULT][/lib/general/mainPage.php][18/Jan/19 09:22:09]
	[18/Jan/19 09:22:09][L18N][o7eav2p81v20akghmf7175je54][GUI]
		string 'system_config' is not localized for locale 'pt_BR'  - using en_GB
	[18/Jan/19 09:22:09][L18N][o7eav2p81v20akghmf7175je54][GUI]
		string 'href_req_monitor_overview' is not localized for locale 'pt_BR'  - using en_GB
[<<][5a61b8c1c1dd2091173860][DEFAULT][/lib/general/mainPage.php][18/Jan/19 09:22:09][18/Jan/19 09:22:09][took 0.104162 secs]
[<<][5a61b8c6c540c287755072][DEFAULT][/logout.php][18/Jan/19 09:22:14][18/Jan/19 09:22:14][took 0.110964 secs]
[>>][5a61b8c6e07e5076161336][DEFAULT][/logout.php][18/Jan/19 09:22:14]
[<<][5a61b8c6e07e5076161336][DEFAULT][/logout.php][18/Jan/19 09:22:14][18/Jan/19 09:22:14][took 0.006126 secs]
[>>][5a61b8c6e22df759712279][DEFAULT][/logout.php][18/Jan/19 09:22:14]
	[18/Jan/19 09:22:14][AUDIT][o7eav2p81v20akghmf7175je54][GUI]
		Logout of 'wantunes'
	[18/Jan/19 09:22:18][AUDIT][o7eav2p81v20akghmf7175je54][GUI]
		Login for 'wantunes' from '192.168.26.244' succeeded
[<<][5a61b8ca3f1d3181153579][DEFAULT][/login.php][18/Jan/19 09:22:18][18/Jan/19 09:22:18][took 0.026698 secs]
[<<][5a61b8ca523d2886838157][DEFAULT][/index.php][18/Jan/19 09:22:18][18/Jan/19 09:22:18][took 0.126045 secs]
[>>][5a61b8ca712b5543549627][DEFAULT][/index.php][18/Jan/19 09:22:18]
[<<][5a61b8ca712b5543549627][DEFAULT][/index.php][18/Jan/19 09:22:18][18/Jan/19 09:22:18][took 0.007309 secs]
[<<][5a61b8ca80017238731443][DEFAULT][/lib/general/navBar.php][18/Jan/19 09:22:18][18/Jan/19 09:22:18][took 0.095348 secs]
[>>][5a61b8ca97730746102999][DEFAULT][/lib/general/navBar.php][18/Jan/19 09:22:18]
[<<][5a61b8ca97730746102999][DEFAULT][/lib/general/navBar.php][18/Jan/19 09:22:18][18/Jan/19 09:22:18][took 0.0057440000000001 secs]
[>>][5a61b8ca98fe5816300183][DEFAULT][/lib/general/navBar.php][18/Jan/19 09:22:18]
[<<][5a61b8ca98fe5816300183][DEFAULT][/lib/general/navBar.php][18/Jan/19 09:22:18][18/Jan/19 09:22:18][took 0.053446 secs]
[<<][5a61b8ca827a0184182217][DEFAULT][/lib/general/mainPage.php][18/Jan/19 09:22:18][18/Jan/19 09:22:18][took 0.179701 secs]
[>>][5a61b8caae7e8549647411][DEFAULT][/lib/general/mainPage.php][18/Jan/19 09:22:18]
[<<][5a61b8caae7e8549647411][DEFAULT][/lib/general/mainPage.php][18/Jan/19 09:22:18][18/Jan/19 09:22:18][took 0.0045769999999999 secs]
[>>][5a61b8caafc9e006854439][DEFAULT][/lib/general/mainPage.php][18/Jan/19 09:22:18]
	[18/Jan/19 09:22:18][L18N][o7eav2p81v20akghmf7175je54][GUI]
		string 'system_config' is not localized for locale 'pt_BR'  - using en_GB
	[18/Jan/19 09:22:18][L18N][o7eav2p81v20akghmf7175je54][GUI]
		string 'href_req_monitor_overview' is not localized for locale 'pt_BR'  - using en_GB
[<<][5a61b8caafc9e006854439][DEFAULT][/lib/general/mainPage.php][18/Jan/19 09:22:18][18/Jan/19 09:22:18][took 0.109234 secs]
[<<][5a61b8ce91ccd399931986][DEFAULT][/lib/usermanagement/userInfo.php][18/Jan/19 09:22:22][18/Jan/19 09:22:22][took 0.092053 secs]
[>>][5a61b8cea871f045657279][DEFAULT][/lib/usermanagement/userInfo.php][18/Jan/19 09:22:22]
[<<][5a61b8cea871f045657279][DEFAULT][/lib/usermanagement/userInfo.php][18/Jan/19 09:22:22][18/Jan/19 09:22:22][took 0.006302 secs]
[>>][5a61b8ceaa285571710226][DEFAULT][/lib/usermanagement/userInfo.php][18/Jan/19 09:22:22]
	[18/Jan/19 09:22:23][WARNING][o7eav2p81v20akghmf7175je54][GUI]
		E_WARNING
strftime(): It is not safe to rely on the system's timezone settings. You are *required* to use the date.timezone setting or the date_default_timezone_set() function. In case you used any of those methods and you are still getting this warning, you most likely misspelled the timezone identifier. We selected the timezone 'UTC' for now, but please set date.timezone to select your timezone. - in /var/www/html/testlink/lib/functions/lang_api.php - Line 395
	[18/Jan/19 09:22:23][WARNING][o7eav2p81v20akghmf7175je54][GUI]
		E_WARNING
strftime(): It is not safe to rely on the system's timezone settings. You are *required* to use the date.timezone setting or the date_default_timezone_set() function. In case you used any of those methods and you are still getting this warning, you most likely misspelled the timezone identifier. We selected the timezone 'UTC' for now, but please set date.timezone to select your timezone. - in /var/www/html/testlink/lib/functions/lang_api.php - Line 395
	[18/Jan/19 09:22:23][WARNING][o7eav2p81v20akghmf7175je54][GUI]
		E_WARNING
strftime(): It is not safe to rely on the system's timezone settings. You are *required* to use the date.timezone setting or the date_default_timezone_set() function. In case you used any of those methods and you are still getting this warning, you most likely misspelled the timezone identifier. We selected the timezone 'UTC' for now, but please set date.timezone to select your timezone. - in /var/www/html/testlink/lib/functions/lang_api.php - Line 395
	[18/Jan/19 09:22:23][WARNING][o7eav2p81v20akghmf7175je54][GUI]
		E_WARNING
strftime(): It is not safe to rely on the system's timezone settings. You are *required* to use the date.timezone setting or the date_default_timezone_set() function. In case you used any of those methods and you are still getting this warning, you most likely misspelled the timezone identifier. We selected the timezone 'UTC' for now, but please set date.timezone to select your timezone. - in /var/www/html/testlink/lib/functions/lang_api.php - Line 395
	[18/Jan/19 09:22:23][WARNING][o7eav2p81v20akghmf7175je54][GUI]
		E_WARNING
strftime(): It is not safe to rely on the system's timezone settings. You are *required* to use the date.timezone setting or the date_default_timezone_set() function. In case you used any of those methods and you are still getting this warning, you most likely misspelled the timezone identifier. We selected the timezone 'UTC' for now, but please set date.timezone to select your timezone. - in /var/www/html/testlink/lib/functions/lang_api.php - Line 395
	[18/Jan/19 09:22:23][WARNING][o7eav2p81v20akghmf7175je54][GUI]
		E_WARNING
strftime(): It is not safe to rely on the system's timezone settings. You are *required* to use the date.timezone setting or the date_default_timezone_set() function. In case you used any of those methods and you are still getting this warning, you most likely misspelled the timezone identifier. We selected the timezone 'UTC' for now, but please set date.timezone to select your timezone. - in /var/www/html/testlink/lib/functions/lang_api.php - Line 395
[<<][5a61b8ceaa285571710226][DEFAULT][/lib/usermanagement/userInfo.php][18/Jan/19 09:22:22][18/Jan/19 09:22:23][took 0.358071 secs]
[<<][5a61b8d74465a763763862][DEFAULT][/index.php][18/Jan/19 09:22:31][18/Jan/19 09:22:31][took 0.119816 secs]
[>>][5a61b8d761d1c485299261][DEFAULT][/index.php][18/Jan/19 09:22:31]
[<<][5a61b8d761d1c485299261][DEFAULT][/index.php][18/Jan/19 09:22:31][18/Jan/19 09:22:31][took 0.006487 secs]
[<<][5a61b8d770dda110890498][DEFAULT][/lib/general/navBar.php][18/Jan/19 09:22:31][18/Jan/19 09:22:31][took 0.108088 secs]
[>>][5a61b8d78b68f810351888][DEFAULT][/lib/general/navBar.php][18/Jan/19 09:22:31]
[<<][5a61b8d78b68f810351888][DEFAULT][/lib/general/navBar.php][18/Jan/19 09:22:31][18/Jan/19 09:22:31][took 0.0062179999999999 secs]
[>>][5a61b8d78d145675171784][DEFAULT][/lib/general/navBar.php][18/Jan/19 09:22:31]
[<<][5a61b8d78d145675171784][DEFAULT][/lib/general/navBar.php][18/Jan/19 09:22:31][18/Jan/19 09:22:31][took 0.064116 secs]
[<<][5a61b8d772364424981025][DEFAULT][/lib/general/mainPage.php][18/Jan/19 09:22:31][18/Jan/19 09:22:31][took 0.212702 secs]
[>>][5a61b8d7a6482146539203][DEFAULT][/lib/general/mainPage.php][18/Jan/19 09:22:31]
[<<][5a61b8d7a6482146539203][DEFAULT][/lib/general/mainPage.php][18/Jan/19 09:22:31][18/Jan/19 09:22:31][took 0.0066339999999999 secs]
[>>][5a61b8d7a80dd835416830][DEFAULT][/lib/general/mainPage.php][18/Jan/19 09:22:31]
[<<][5a61b8d7a80dd835416830][DEFAULT][/lib/general/mainPage.php][18/Jan/19 09:22:31][18/Jan/19 09:22:31][took 0.070301 secs]
[<<][5a61b8d953d54279391835][DEFAULT][/logout.php][18/Jan/19 09:22:33][18/Jan/19 09:22:33][took 0.099471 secs]
[>>][5a61b8d96c40b806308235][DEFAULT][/logout.php][18/Jan/19 09:22:33]
[<<][5a61b8d96c40b806308235][DEFAULT][/logout.php][18/Jan/19 09:22:33][18/Jan/19 09:22:33][took 0.005191 secs]
[>>][5a61b8d96daa0687767099][DEFAULT][/logout.php][18/Jan/19 09:22:33]
	[18/Jan/19 09:22:33][AUDIT][o7eav2p81v20akghmf7175je54][GUI]
		Logout of 'wantunes'
	[18/Jan/19 09:22:58][AUDIT][o7eav2p81v20akghmf7175je54][GUI]
		Login for 'wantunes' from '192.168.26.244' succeeded
[<<][5a61b8f256a95736617313][DEFAULT][/login.php][18/Jan/19 09:22:58][18/Jan/19 09:22:58][took 0.030602 secs]
[<<][5a61b8f27bd3f755404382][DEFAULT][/index.php][18/Jan/19 09:22:58][18/Jan/19 09:22:58][took 0.163712 secs]
[>>][5a61b8f2a3f5b098377867][DEFAULT][/index.php][18/Jan/19 09:22:58]
[<<][5a61b8f2a3f5b098377867][DEFAULT][/index.php][18/Jan/19 09:22:58][18/Jan/19 09:22:58][took 0.005796 secs]
[<<][5a61b8f2b322c211505793][DEFAULT][/lib/general/navBar.php][18/Jan/19 09:22:58][18/Jan/19 09:22:58][took 0.107805 secs]
[>>][5a61b8f2cda0f980290157][DEFAULT][/lib/general/navBar.php][18/Jan/19 09:22:58]
[<<][5a61b8f2cda0f980290157][DEFAULT][/lib/general/navBar.php][18/Jan/19 09:22:58][18/Jan/19 09:22:58][took 0.005744 secs]
[>>][5a61b8f2cf332477967047][DEFAULT][/lib/general/navBar.php][18/Jan/19 09:22:58]
[<<][5a61b8f2cf332477967047][DEFAULT][/lib/general/navBar.php][18/Jan/19 09:22:58][18/Jan/19 09:22:58][took 0.041477 secs]
[<<][5a61b8f2b5932642510280][DEFAULT][/lib/general/mainPage.php][18/Jan/19 09:22:58][18/Jan/19 09:22:58][took 0.174027 secs]
[>>][5a61b8f2e0393266110236][DEFAULT][/lib/general/mainPage.php][18/Jan/19 09:22:58]
[<<][5a61b8f2e0393266110236][DEFAULT][/lib/general/mainPage.php][18/Jan/19 09:22:58][18/Jan/19 09:22:58][took 0.0057480000000001 secs]
[>>][5a61b8f2e1c12266536454][DEFAULT][/lib/general/mainPage.php][18/Jan/19 09:22:58]
	[18/Jan/19 09:22:58][L18N][o7eav2p81v20akghmf7175je54][GUI]
		string 'system_config' is not localized for locale 'pt_BR'  - using en_GB
	[18/Jan/19 09:22:58][L18N][o7eav2p81v20akghmf7175je54][GUI]
		string 'href_req_monitor_overview' is not localized for locale 'pt_BR'  - using en_GB
[<<][5a61b8f2e1c12266536454][DEFAULT][/lib/general/mainPage.php][18/Jan/19 09:22:58][18/Jan/19 09:22:59][took 0.081291 secs]
[<<][5a61b8f9f238b552135596][DEFAULT][/login.php][18/Jan/19 09:23:05][18/Jan/19 09:23:06][took 0.117479 secs]
[>>][5a61b8fa1af16884265295][DEFAULT][/login.php][18/Jan/19 09:23:06]
	[18/Jan/19 09:23:06][WARNING][o7eav2p81v20akghmf7175je54][GUI]
		E_WARNING
strtotime(): It is not safe to rely on the system's timezone settings. You are *required* to use the date.timezone setting or the date_default_timezone_set() function. In case you used any of those methods and you are still getting this warning, you most likely misspelled the timezone identifier. We selected the timezone 'UTC' for now, but please set date.timezone to select your timezone. - in /var/www/html/testlink/login.php - Line 244
	[18/Jan/19 09:23:06][L18N][o7eav2p81v20akghmf7175je54][GUI]
		string 'login' is not localized for locale 'pt_BR'  - using en_GB
	[18/Jan/19 09:23:06][L18N][o7eav2p81v20akghmf7175je54][GUI]
		string 'demo_usage' is not localized for locale 'pt_BR'  - using en_GB
	[18/Jan/19 09:23:06][L18N][o7eav2p81v20akghmf7175je54][GUI]
		string 'demo_mode_suggested_user' is not localized for locale 'pt_BR'  - using en_GB
	[18/Jan/19 09:23:06][L18N][o7eav2p81v20akghmf7175je54][GUI]
		string 'demo_mode_suggested_password' is not localized for locale 'pt_BR'  - using en_GB
	[18/Jan/19 09:23:06][L18N][o7eav2p81v20akghmf7175je54][GUI]
		string 'old_style_login' is not localized for locale 'pt_BR'  - using en_GB
[<<][5a61b8fa1af16884265295][DEFAULT][/login.php][18/Jan/19 09:23:06][18/Jan/19 09:23:06][took 0.062077 secs]
[<<][5a61b909266f9867118732][DEFAULT][/login.php][18/Jan/19 09:23:21][18/Jan/19 09:23:21][took 0.100326 secs]
[>>][5a61b9093f0fc103074579][DEFAULT][/login.php][18/Jan/19 09:23:21]
	[18/Jan/19 09:23:21][WARNING][o7eav2p81v20akghmf7175je54][GUI]
		E_WARNING
strtotime(): It is not safe to rely on the system's timezone settings. You are *required* to use the date.timezone setting or the date_default_timezone_set() function. In case you used any of those methods and you are still getting this warning, you most likely misspelled the timezone identifier. We selected the timezone 'UTC' for now, but please set date.timezone to select your timezone. - in /var/www/html/testlink/login.php - Line 244
[<<][5a61b9093f0fc103074579][DEFAULT][/login.php][18/Jan/19 09:23:21][18/Jan/19 09:23:21][took 0.028718 secs]
[<<][5a61b90a678a4772993689][DEFAULT][/login.php][18/Jan/19 09:23:22][18/Jan/19 09:23:22][took 0.093624 secs]
[>>][5a61b90a7e941714805704][DEFAULT][/login.php][18/Jan/19 09:23:22]
	[18/Jan/19 09:23:22][WARNING][o7eav2p81v20akghmf7175je54][GUI]
		E_WARNING
strtotime(): It is not safe to rely on the system's timezone settings. You are *required* to use the date.timezone setting or the date_default_timezone_set() function. In case you used any of those methods and you are still getting this warning, you most likely misspelled the timezone identifier. We selected the timezone 'UTC' for now, but please set date.timezone to select your timezone. - in /var/www/html/testlink/login.php - Line 244
[<<][5a61b90a7e941714805704][DEFAULT][/login.php][18/Jan/19 09:23:22][18/Jan/19 09:23:22][took 0.029302 secs]
[<<][5a61b90be80a8985234741][DEFAULT][/logout.php][18/Jan/19 09:23:23][18/Jan/19 09:23:24][took 0.099548 secs]
[>>][5a61b90c0c581611660709][DEFAULT][/logout.php][18/Jan/19 09:23:24]
[<<][5a61b90c0c581611660709][DEFAULT][/logout.php][18/Jan/19 09:23:24][18/Jan/19 09:23:24][took 0.005781 secs]
[>>][5a61b90c0de6c521679389][DEFAULT][/logout.php][18/Jan/19 09:23:24]
	[18/Jan/19 09:23:24][AUDIT][o7eav2p81v20akghmf7175je54][GUI]
		Logout of 'wantunes'
	[18/Jan/19 09:23:24][AUDIT][o7eav2p81v20akghmf7175je54][GUI]
		Login for 'wantunes' from '192.168.26.244' succeeded
[<<][5a61b90cebedd800586351][DEFAULT][/login.php][18/Jan/19 09:23:24][18/Jan/19 09:23:24][took 0.032819 secs]
[<<][5a61b90d1237a544803593][DEFAULT][/index.php][18/Jan/19 09:23:25][18/Jan/19 09:23:25][took 0.11806 secs]
[>>][5a61b90d2f297950235911][DEFAULT][/index.php][18/Jan/19 09:23:25]
[<<][5a61b90d2f297950235911][DEFAULT][/index.php][18/Jan/19 09:23:25][18/Jan/19 09:23:25][took 0.005885 secs]
[<<][5a61b90d3c967435422591][DEFAULT][/lib/general/navBar.php][18/Jan/19 09:23:25][18/Jan/19 09:23:25][took 0.092806 secs]
[>>][5a61b90d5365d965174265][DEFAULT][/lib/general/navBar.php][18/Jan/19 09:23:25]
[<<][5a61b90d5365d965174265][DEFAULT][/lib/general/navBar.php][18/Jan/19 09:23:25][18/Jan/19 09:23:25][took 0.005527 secs]
[>>][5a61b90d54e72218079617][DEFAULT][/lib/general/navBar.php][18/Jan/19 09:23:25]
[<<][5a61b90d54e72218079617][DEFAULT][/lib/general/navBar.php][18/Jan/19 09:23:25][18/Jan/19 09:23:25][took 0.060617 secs]
[<<][5a61b90d3e3e0231552865][DEFAULT][/lib/general/mainPage.php][18/Jan/19 09:23:25][18/Jan/19 09:23:25][took 0.190042 secs]
[>>][5a61b90d6ccc2525647233][DEFAULT][/lib/general/mainPage.php][18/Jan/19 09:23:25]
[<<][5a61b90d6ccc2525647233][DEFAULT][/lib/general/mainPage.php][18/Jan/19 09:23:25][18/Jan/19 09:23:25][took 0.005923 secs]
[>>][5a61b90d6e688190902063][DEFAULT][/lib/general/mainPage.php][18/Jan/19 09:23:25]
	[18/Jan/19 09:23:25][L18N][o7eav2p81v20akghmf7175je54][GUI]
		string 'system_config' is not localized for locale 'pt_BR'  - using en_GB
	[18/Jan/19 09:23:25][L18N][o7eav2p81v20akghmf7175je54][GUI]
		string 'href_req_monitor_overview' is not localized for locale 'pt_BR'  - using en_GB
[<<][5a61b90d6e688190902063][DEFAULT][/lib/general/mainPage.php][18/Jan/19 09:23:25][18/Jan/19 09:23:25][took 0.08902 secs]
[<<][5a61b9117adb5409150627][DEFAULT][/lib/keywords/keywordsView.php][18/Jan/19 09:23:29][18/Jan/19 09:23:29][took 0.111036 secs]
[>>][5a61b911961e2036332172][DEFAULT][/lib/keywords/keywordsView.php][18/Jan/19 09:23:29]
[<<][5a61b911961e2036332172][DEFAULT][/lib/keywords/keywordsView.php][18/Jan/19 09:23:29][18/Jan/19 09:23:29][took 0.005431 secs]
[>>][5a61b9119791d160406945][DEFAULT][/lib/keywords/keywordsView.php][18/Jan/19 09:23:29]
[<<][5a61b9119791d160406945][DEFAULT][/lib/keywords/keywordsView.php][18/Jan/19 09:23:29][18/Jan/19 09:23:29][took 0.058282 secs]
[<<][5a61b91363d1d108658766][DEFAULT][/lib/general/mainPage.php][18/Jan/19 09:23:31][18/Jan/19 09:23:31][took 0.097394 secs]
[>>][5a61b9137bbd7166723663][DEFAULT][/lib/general/mainPage.php][18/Jan/19 09:23:31]
[<<][5a61b9137bbd7166723663][DEFAULT][/lib/general/mainPage.php][18/Jan/19 09:23:31][18/Jan/19 09:23:31][took 0.006204 secs]
[>>][5a61b9137d6ad848962121][DEFAULT][/lib/general/mainPage.php][18/Jan/19 09:23:31]
[<<][5a61b9137d6ad848962121][DEFAULT][/lib/general/mainPage.php][18/Jan/19 09:23:31][18/Jan/19 09:23:31][took 0.063112 secs]
[<<][5a61b9143c150670127476][DEFAULT][/lib/general/frmWorkArea.php][18/Jan/19 09:23:32][18/Jan/19 09:23:32][took 0.09347 secs]
[>>][5a61b91453060528364663][DEFAULT][/lib/general/frmWorkArea.php][18/Jan/19 09:23:32]
[<<][5a61b91453060528364663][DEFAULT][/lib/general/frmWorkArea.php][18/Jan/19 09:23:32][18/Jan/19 09:23:32][took 0.005379 secs]
[>>][5a61b914547ab694306953][DEFAULT][/lib/general/frmWorkArea.php][18/Jan/19 09:23:32]
[<<][5a61b914547ab694306953][DEFAULT][/lib/general/frmWorkArea.php][18/Jan/19 09:23:32][18/Jan/19 09:23:32][took 0.031014 secs]
[<<][5a61b91472f56059365527][DEFAULT][/lib/testcases/listTestCases.php][18/Jan/19 09:23:32][18/Jan/19 09:23:32][took 0.095795 secs]
[>>][5a61b9148a76c196277852][DEFAULT][/lib/testcases/listTestCases.php][18/Jan/19 09:23:32]
[<<][5a61b9148a76c196277852][DEFAULT][/lib/testcases/listTestCases.php][18/Jan/19 09:23:32][18/Jan/19 09:23:32][took 0.006019 secs]
[>>][5a61b9148c17b342259757][DEFAULT][/lib/testcases/listTestCases.php][18/Jan/19 09:23:32]
	[18/Jan/19 09:23:32][WARNING][o7eav2p81v20akghmf7175je54][GUI]
		E_WARNING
file_put_contents(/development/var/tracer.log): failed to open stream: No such file or directory - in /var/www/html/testlink/lib/functions/tlFilterControl.class.php - Line 268
	[18/Jan/19 09:23:32][L18N][o7eav2p81v20akghmf7175je54][GUI]
		string 'without_keywords' is not localized for locale 'pt_BR'  - using en_GB
	[18/Jan/19 09:23:32][L18N][o7eav2p81v20akghmf7175je54][GUI]
		string 'not_linked' is not localized for locale 'pt_BR'  - using en_GB
	[18/Jan/19 09:23:32][L18N][o7eav2p81v20akghmf7175je54][GUI]
		string 'testCaseStatus_draft' is not localized for locale 'pt_BR'  - using en_GB
	[18/Jan/19 09:23:32][L18N][o7eav2p81v20akghmf7175je54][GUI]
		string 'testCaseStatus_readyForReview' is not localized for locale 'pt_BR'  - using en_GB
	[18/Jan/19 09:23:32][L18N][o7eav2p81v20akghmf7175je54][GUI]
		string 'testCaseStatus_reviewInProgress' is not localized for locale 'pt_BR'  - using en_GB
	[18/Jan/19 09:23:32][L18N][o7eav2p81v20akghmf7175je54][GUI]
		string 'testCaseStatus_rework' is not localized for locale 'pt_BR'  - using en_GB
	[18/Jan/19 09:23:32][L18N][o7eav2p81v20akghmf7175je54][GUI]
		string 'testCaseStatus_obsolete' is not localized for locale 'pt_BR'  - using en_GB
	[18/Jan/19 09:23:32][L18N][o7eav2p81v20akghmf7175je54][GUI]
		string 'testCaseStatus_future' is not localized for locale 'pt_BR'  - using en_GB
	[18/Jan/19 09:23:32][L18N][o7eav2p81v20akghmf7175je54][GUI]
		string 'testCaseStatus_final' is not localized for locale 'pt_BR'  - using en_GB
	[18/Jan/19 09:23:32][L18N][o7eav2p81v20akghmf7175je54][GUI]
		string 'hint_list_of_bugs' is not localized for locale 'pt_BR'  - using en_GB
	[18/Jan/19 09:23:32][L18N][o7eav2p81v20akghmf7175je54][GUI]
		string 'bugs_on_context' is not localized for locale 'pt_BR'  - using en_GB
	[18/Jan/19 09:23:32][L18N][o7eav2p81v20akghmf7175je54][GUI]
		string 'btn_export_testplan_tree_for_results' is not localized for locale 'pt_BR'  - using en_GB
	[18/Jan/19 09:23:32][L18N][o7eav2p81v20akghmf7175je54][GUI]
		string 'tester_works_with_settings' is not localized for locale 'pt_BR'  - using en_GB
	[18/Jan/19 09:23:32][L18N][o7eav2p81v20akghmf7175je54][GUI]
		string 'btn_bulk_remove' is not localized for locale 'pt_BR'  - using en_GB
	[18/Jan/19 09:23:32][L18N][o7eav2p81v20akghmf7175je54][GUI]
		string 'btn_bulk_copy' is not localized for locale 'pt_BR'  - using en_GB
[<<][5a61b9148c17b342259757][DEFAULT][/lib/testcases/listTestCases.php][18/Jan/19 09:23:32][18/Jan/19 09:23:32][took 0.192638 secs]
[<<][5a61b91475aa2168731546][DEFAULT][/lib/testcases/archiveData.php][18/Jan/19 09:23:32][18/Jan/19 09:23:32][took 0.331923 secs]
[>>][5a61b914c6d9c350284737][DEFAULT][/lib/testcases/archiveData.php][18/Jan/19 09:23:32]
[<<][5a61b914c6d9c350284737][DEFAULT][/lib/testcases/archiveData.php][18/Jan/19 09:23:32][18/Jan/19 09:23:32][took 0.005953 secs]
[>>][5a61b914c87cd701837685][DEFAULT][/lib/testcases/archiveData.php][18/Jan/19 09:23:32]
	[18/Jan/19 09:23:32][L18N][o7eav2p81v20akghmf7175je54][GUI]
		string 'btn_testcases_table_view' is not localized for locale 'pt_BR'  - using en_GB
	[18/Jan/19 09:23:32][L18N][o7eav2p81v20akghmf7175je54][GUI]
		string 'btn_gen_test_spec' is not localized for locale 'pt_BR'  - using en_GB
	[18/Jan/19 09:23:32][L18N][o7eav2p81v20akghmf7175je54][GUI]
		string 'btn_gen_test_spec_new_window' is not localized for locale 'pt_BR'  - using en_GB
	[18/Jan/19 09:23:32][L18N][o7eav2p81v20akghmf7175je54][GUI]
		string 'btn_gen_test_spec_word' is not localized for locale 'pt_BR'  - using en_GB
	[18/Jan/19 09:23:32][L18N][o7eav2p81v20akghmf7175je54][GUI]
		string 'btn_gen_test_suite_spec_word' is not localized for locale 'pt_BR'  - using en_GB
	[18/Jan/19 09:23:32][L18N][o7eav2p81v20akghmf7175je54][GUI]
		string 'btn_gen_test_suite_spec' is not localized for locale 'pt_BR'  - using en_GB
	[18/Jan/19 09:23:32][L18N][o7eav2p81v20akghmf7175je54][GUI]
		string 'btn_gen_test_suite_spec_new_window' is not localized for locale 'pt_BR'  - using en_GB
	[18/Jan/19 09:23:32][L18N][o7eav2p81v20akghmf7175je54][GUI]
		string 'btn_create_from_issue_xml' is not localized for locale 'pt_BR'  - using en_GB
	[18/Jan/19 09:23:33][L18N][o7eav2p81v20akghmf7175je54][GUI]
		string 'attachment_title' is not localized for locale 'pt_BR'  - using en_GB
	[18/Jan/19 09:23:33][L18N][o7eav2p81v20akghmf7175je54][GUI]
		string 'click_to_get_attachment' is not localized for locale 'pt_BR'  - using en_GB
	[18/Jan/19 09:23:33][L18N][o7eav2p81v20akghmf7175je54][GUI]
		string 'display_inline' is not localized for locale 'pt_BR'  - using en_GB
	[18/Jan/19 09:23:33][L18N][o7eav2p81v20akghmf7175je54][GUI]
		string 'display_ea_string' is not localized for locale 'pt_BR'  - using en_GB
	[18/Jan/19 09:23:33][L18N][o7eav2p81v20akghmf7175je54][GUI]
		string 'display_inline_string' is not localized for locale 'pt_BR'  - using en_GB
[<<][5a61b914c87cd701837685][DEFAULT][/lib/testcases/archiveData.php][18/Jan/19 09:23:32][18/Jan/19 09:23:33][took 0.220742 secs]
[<<][5a61b9151c46f276163162][DEFAULT][/lib/ajax/gettprojectnodes.php][18/Jan/19 09:23:33][18/Jan/19 09:23:33][took 0.085343 secs]
[>>][5a61b915313d8231256376][DEFAULT][/lib/ajax/gettprojectnodes.php][18/Jan/19 09:23:33]
[<<][5a61b915313d8231256376][DEFAULT][/lib/ajax/gettprojectnodes.php][18/Jan/19 09:23:33][18/Jan/19 09:23:33][took 0.005736 secs]
[>>][5a61b91532c5d753067301][DEFAULT][/lib/ajax/gettprojectnodes.php][18/Jan/19 09:23:33]
[<<][5a61b91532c5d753067301][DEFAULT][/lib/ajax/gettprojectnodes.php][18/Jan/19 09:23:33][18/Jan/19 09:23:33][took 0.028112 secs]
[<<][5a61b91883c01790856708][DEFAULT][/lib/testcases/archiveData.php][18/Jan/19 09:23:36][18/Jan/19 09:23:36][took 0.106342 secs]
[>>][5a61b9189ddd8004540466][DEFAULT][/lib/testcases/archiveData.php][18/Jan/19 09:23:36]
[<<][5a61b9189ddd8004540466][DEFAULT][/lib/testcases/archiveData.php][18/Jan/19 09:23:36][18/Jan/19 09:23:36][took 0.00519 secs]
[>>][5a61b9189f450562377005][DEFAULT][/lib/testcases/archiveData.php][18/Jan/19 09:23:36]
[<<][5a61b9189f450562377005][DEFAULT][/lib/testcases/archiveData.php][18/Jan/19 09:23:36][18/Jan/19 09:23:36][took 0.062799 secs]
