	[18/Apr/3 14:32:48][AUDIT][ragvor6ppf99fptk1imvp4nvk3][GUI]
		Login for 'S3312' from '192.168.3.17' succeeded
[<<][5ac390901764c028453227][DEFAULT][/login.php][18/Apr/3 14:32:48][18/Apr/3 14:32:48][took 0.018788 secs]
[<<][5ac390903b192756156164][DEFAULT][/index.php][18/Apr/3 14:32:48][18/Apr/3 14:32:48][took 0.113503 secs]
[>>][5ac3909056fa4159744410][DEFAULT][/index.php][18/Apr/3 14:32:48]
[<<][5ac3909056fa4159744410][DEFAULT][/index.php][18/Apr/3 14:32:48][18/Apr/3 14:32:48][took 0.006126 secs]
[<<][5ac390906bcfc652210211][DEFAULT][/lib/general/navBar.php][18/Apr/3 14:32:48][18/Apr/3 14:32:48][took 0.103555 secs]
[>>][5ac390908537d076828568][DEFAULT][/lib/general/navBar.php][18/Apr/3 14:32:48]
[<<][5ac390908537d076828568][DEFAULT][/lib/general/navBar.php][18/Apr/3 14:32:48][18/Apr/3 14:32:48][took 0.006664 secs]
[>>][5ac3909087021642445997][DEFAULT][/lib/general/navBar.php][18/Apr/3 14:32:48]
[<<][5ac3909087021642445997][DEFAULT][/lib/general/navBar.php][18/Apr/3 14:32:48][18/Apr/3 14:32:48][took 0.041959 secs]
[<<][5ac3909070460744324758][DEFAULT][/lib/general/mainPage.php][18/Apr/3 14:32:48][18/Apr/3 14:32:48][took 0.187303 secs]
[>>][5ac390909e20f359625325][DEFAULT][/lib/general/mainPage.php][18/Apr/3 14:32:48]
[<<][5ac390909e20f359625325][DEFAULT][/lib/general/mainPage.php][18/Apr/3 14:32:48][18/Apr/3 14:32:48][took 0.007345 secs]
[>>][5ac39090a0113228342476][DEFAULT][/lib/general/mainPage.php][18/Apr/3 14:32:48]
[<<][5ac39090a0113228342476][DEFAULT][/lib/general/mainPage.php][18/Apr/3 14:32:48][18/Apr/3 14:32:48][took 0.110504 secs]
[<<][5ac3909311e14526273511][DEFAULT][/lib/usermanagement/userInfo.php][18/Apr/3 14:32:51][18/Apr/3 14:32:51][took 0.130221 secs]
[>>][5ac3909331d6f766943651][DEFAULT][/lib/usermanagement/userInfo.php][18/Apr/3 14:32:51]
[<<][5ac3909331d6f766943651][DEFAULT][/lib/usermanagement/userInfo.php][18/Apr/3 14:32:51][18/Apr/3 14:32:51][took 0.007067 secs]
[>>][5ac3909333b69300941196][DEFAULT][/lib/usermanagement/userInfo.php][18/Apr/3 14:32:51]
[<<][5ac3909333b69300941196][DEFAULT][/lib/usermanagement/userInfo.php][18/Apr/3 14:32:51][18/Apr/3 14:32:51][took 0.458813 secs]
[<<][5ac3909844e30529974353][DEFAULT][/lib/usermanagement/userInfo.php][18/Apr/3 14:32:56][18/Apr/3 14:32:56][took 0.116592 secs]
[>>][5ac3909861781454536706][DEFAULT][/lib/usermanagement/userInfo.php][18/Apr/3 14:32:56]
[<<][5ac3909861781454536706][DEFAULT][/lib/usermanagement/userInfo.php][18/Apr/3 14:32:56][18/Apr/3 14:32:56][took 0.004744 secs]
[>>][5ac3909862bae972891452][DEFAULT][/lib/usermanagement/userInfo.php][18/Apr/3 14:32:56]
	[18/Apr/3 14:32:56][AUDIT][ragvor6ppf99fptk1imvp4nvk3][GUI]
		User 'S3312' was saved
[<<][5ac3909862bae972891452][DEFAULT][/lib/usermanagement/userInfo.php][18/Apr/3 14:32:56][18/Apr/3 14:32:56][took 0.501659 secs]
[<<][5ac390991a129080796358][DEFAULT][/lib/general/navBar.php][18/Apr/3 14:32:57][18/Apr/3 14:32:57][took 0.06747 secs]
[>>][5ac390992aa34372144181][DEFAULT][/lib/general/navBar.php][18/Apr/3 14:32:57]
[<<][5ac390992aa34372144181][DEFAULT][/lib/general/navBar.php][18/Apr/3 14:32:57][18/Apr/3 14:32:57][took 0.004613 secs]
[>>][5ac390992bde7397970012][DEFAULT][/lib/general/navBar.php][18/Apr/3 14:32:57]
[<<][5ac390992bde7397970012][DEFAULT][/lib/general/navBar.php][18/Apr/3 14:32:57][18/Apr/3 14:32:57][took 0.042989 secs]
[<<][5ac3920b064a5385591774][DEFAULT][/index.php][18/Apr/3 14:39:07][18/Apr/3 14:39:07][took 0.127472 secs]
[>>][5ac3920b2587b775656330][DEFAULT][/index.php][18/Apr/3 14:39:07]
[<<][5ac3920b2587b775656330][DEFAULT][/index.php][18/Apr/3 14:39:07][18/Apr/3 14:39:07][took 0.004962 secs]
[<<][5ac3920b36cda024303848][DEFAULT][/lib/general/navBar.php][18/Apr/3 14:39:07][18/Apr/3 14:39:07][took 0.095587 secs]
[>>][5ac3920b4e44c266393930][DEFAULT][/lib/general/navBar.php][18/Apr/3 14:39:07]
[<<][5ac3920b4e44c266393930][DEFAULT][/lib/general/navBar.php][18/Apr/3 14:39:07][18/Apr/3 14:39:07][took 0.006674 secs]
[>>][5ac3920b5019d410774875][DEFAULT][/lib/general/navBar.php][18/Apr/3 14:39:07]
[<<][5ac3920b5019d410774875][DEFAULT][/lib/general/navBar.php][18/Apr/3 14:39:07][18/Apr/3 14:39:07][took 0.114484 secs]
[<<][5ac3920b3a5e1704521209][DEFAULT][/lib/general/mainPage.php][18/Apr/3 14:39:07][18/Apr/3 14:39:07][took 0.251824 secs]
[>>][5ac3920b77fd1735821088][DEFAULT][/lib/general/mainPage.php][18/Apr/3 14:39:07]
[<<][5ac3920b77fd1735821088][DEFAULT][/lib/general/mainPage.php][18/Apr/3 14:39:07][18/Apr/3 14:39:07][took 0.006856 secs]
[>>][5ac3920b79cd7752342904][DEFAULT][/lib/general/mainPage.php][18/Apr/3 14:39:07]
	[18/Apr/3 14:39:07][L18N][ragvor6ppf99fptk1imvp4nvk3][GUI]
		string 'system_config' is not localized for locale 'pt_BR'  - using en_GB
	[18/Apr/3 14:39:07][L18N][ragvor6ppf99fptk1imvp4nvk3][GUI]
		string 'href_req_monitor_overview' is not localized for locale 'pt_BR'  - using en_GB
[<<][5ac3920b79cd7752342904][DEFAULT][/lib/general/mainPage.php][18/Apr/3 14:39:07][18/Apr/3 14:39:07][took 0.145443 secs]
[<<][5ac3922399d08858380763][DEFAULT][/lib/general/mainPage.php][18/Apr/3 14:39:31][18/Apr/3 14:39:31][took 0.131774 secs]
[>>][5ac39223ba18a088682287][DEFAULT][/lib/general/mainPage.php][18/Apr/3 14:39:31]
[<<][5ac39223ba18a088682287][DEFAULT][/lib/general/mainPage.php][18/Apr/3 14:39:31][18/Apr/3 14:39:31][took 0.004409 secs]
[>>][5ac39223bb445856192522][DEFAULT][/lib/general/mainPage.php][18/Apr/3 14:39:31]
[<<][5ac39223bb445856192522][DEFAULT][/lib/general/mainPage.php][18/Apr/3 14:39:31][18/Apr/3 14:39:31][took 0.110764 secs]
[<<][5ac3927971e98413536788][DEFAULT][/logout.php][18/Apr/3 14:40:57][18/Apr/3 14:40:57][took 0.125296 secs]
[>>][5ac3927990a69868828074][DEFAULT][/logout.php][18/Apr/3 14:40:57]
[<<][5ac3927990a69868828074][DEFAULT][/logout.php][18/Apr/3 14:40:57][18/Apr/3 14:40:57][took 0.007069 secs]
[>>][5ac3927992832308627099][DEFAULT][/logout.php][18/Apr/3 14:40:57]
	[18/Apr/3 14:40:57][AUDIT][ragvor6ppf99fptk1imvp4nvk3][GUI]
		Logout of 'S3312'
