	[18/Jan/18 10:39:37][AUDIT][orkrdg6lc8hb4k4nhb51cm0hv4][GUI]
		Login for 'admin1' from '192.168.27.124' succeeded
[<<][5a607969794c7585633525][DEFAULT][/login.php][18/Jan/18 10:39:37][18/Jan/18 10:39:37][took 0.047519 secs]
[<<][5a607969b2a0d194266963][DEFAULT][/index.php][18/Jan/18 10:39:37][18/Jan/18 10:39:37][took 0.100968 secs]
[>>][5a607969cb77e215894570][DEFAULT][/index.php][18/Jan/18 10:39:37]
[<<][5a607969cb77e215894570][DEFAULT][/index.php][18/Jan/18 10:39:37][18/Jan/18 10:39:37][took 0.014736 secs]
[<<][5a607969f1740319909477][DEFAULT][/lib/general/navBar.php][18/Jan/18 10:39:37][18/Jan/18 10:39:38][took 0.089442 secs]
[>>][5a60796a13454213000095][DEFAULT][/lib/general/navBar.php][18/Jan/18 10:39:38]
[<<][5a60796a13454213000095][DEFAULT][/lib/general/navBar.php][18/Jan/18 10:39:38][18/Jan/18 10:39:38][took 0.008596 secs]
[>>][5a60796a15812874268366][DEFAULT][/lib/general/navBar.php][18/Jan/18 10:39:38]
[<<][5a60796a15812874268366][DEFAULT][/lib/general/navBar.php][18/Jan/18 10:39:38][18/Jan/18 10:39:38][took 0.030463 secs]
[<<][5a607969f324c327207186][DEFAULT][/lib/general/mainPage.php][18/Jan/18 10:39:37][18/Jan/18 10:39:38][took 0.158923 secs]
[>>][5a60796a25f1d017160505][DEFAULT][/lib/general/mainPage.php][18/Jan/18 10:39:38]
[<<][5a60796a25f1d017160505][DEFAULT][/lib/general/mainPage.php][18/Jan/18 10:39:38][18/Jan/18 10:39:38][took 0.009531 secs]
[>>][5a60796a286bb901904930][DEFAULT][/lib/general/mainPage.php][18/Jan/18 10:39:38]
[<<][5a60796a286bb901904930][DEFAULT][/lib/general/mainPage.php][18/Jan/18 10:39:38][18/Jan/18 10:39:38][took 0.043545 secs]
[<<][5a60797d3bd20978682032][DEFAULT][/logout.php][18/Jan/18 10:39:57][18/Jan/18 10:39:57][took 0.094014 secs]
[>>][5a60797d52e9f790308257][DEFAULT][/logout.php][18/Jan/18 10:39:57]
[<<][5a60797d52e9f790308257][DEFAULT][/logout.php][18/Jan/18 10:39:57][18/Jan/18 10:39:57][took 0.008755 secs]
[>>][5a60797d55322159733836][DEFAULT][/logout.php][18/Jan/18 10:39:57]
	[18/Jan/18 10:39:57][AUDIT][orkrdg6lc8hb4k4nhb51cm0hv4][GUI]
		Logout of 'admin1'
	[18/Jan/18 10:40:48][AUDIT][3mpar44b9vr8p4kb0cg058s5v7][GUI]
		Login for 'admin1' from '192.168.0.71' succeeded
[<<][5a6079afef728414752931][DEFAULT][/login.php][18/Jan/18 10:40:47][18/Jan/18 10:40:48][took 0.040671 secs]
[<<][5a6079b01922f254256166][DEFAULT][/index.php][18/Jan/18 10:40:48][18/Jan/18 10:40:48][took 0.098046 secs]
[>>][5a6079b031371487679748][DEFAULT][/index.php][18/Jan/18 10:40:48]
[<<][5a6079b031371487679748][DEFAULT][/index.php][18/Jan/18 10:40:48][18/Jan/18 10:40:48][took 0.009085 secs]
[<<][5a6079b046575679474642][DEFAULT][/lib/general/navBar.php][18/Jan/18 10:40:48][18/Jan/18 10:40:48][took 0.093296 secs]
[>>][5a6079b05d4b2884688361][DEFAULT][/lib/general/navBar.php][18/Jan/18 10:40:48]
[<<][5a6079b05d4b2884688361][DEFAULT][/lib/general/navBar.php][18/Jan/18 10:40:48][18/Jan/18 10:40:48][took 0.008286 secs]
[>>][5a6079b05f7a5661101659][DEFAULT][/lib/general/navBar.php][18/Jan/18 10:40:48]
[<<][5a6079b05f7a5661101659][DEFAULT][/lib/general/navBar.php][18/Jan/18 10:40:48][18/Jan/18 10:40:48][took 0.035128 secs]
[<<][5a6079b04be8d826168251][DEFAULT][/lib/general/mainPage.php][18/Jan/18 10:40:48][18/Jan/18 10:40:48][took 0.151129 secs]
[>>][5a6079b070f1e202985442][DEFAULT][/lib/general/mainPage.php][18/Jan/18 10:40:48]
[<<][5a6079b070f1e202985442][DEFAULT][/lib/general/mainPage.php][18/Jan/18 10:40:48][18/Jan/18 10:40:48][took 0.008922 secs]
[>>][5a6079b073482629526677][DEFAULT][/lib/general/mainPage.php][18/Jan/18 10:40:48]
[<<][5a6079b073482629526677][DEFAULT][/lib/general/mainPage.php][18/Jan/18 10:40:48][18/Jan/18 10:40:48][took 0.056036 secs]
[<<][5a607ad761dad470557916][DEFAULT][/lib/usermanagement/userInfo.php][18/Jan/18 10:45:43][18/Jan/18 10:45:43][took 0.120143 secs]
[>>][5a607ad77f594800020449][DEFAULT][/lib/usermanagement/userInfo.php][18/Jan/18 10:45:43]
[<<][5a607ad77f594800020449][DEFAULT][/lib/usermanagement/userInfo.php][18/Jan/18 10:45:43][18/Jan/18 10:45:43][took 0.0087700000000001 secs]
[>>][5a607ad781adb304108471][DEFAULT][/lib/usermanagement/userInfo.php][18/Jan/18 10:45:43]
	[18/Jan/18 10:45:43][WARNING][3mpar44b9vr8p4kb0cg058s5v7][GUI]
		E_WARNING
strftime(): It is not safe to rely on the system's timezone settings. You are *required* to use the date.timezone setting or the date_default_timezone_set() function. In case you used any of those methods and you are still getting this warning, you most likely misspelled the timezone identifier. We selected the timezone 'UTC' for now, but please set date.timezone to select your timezone. - in /var/www/html/testlink/lib/functions/lang_api.php - Line 395
	[18/Jan/18 10:45:43][WARNING][3mpar44b9vr8p4kb0cg058s5v7][GUI]
		E_WARNING
strftime(): It is not safe to rely on the system's timezone settings. You are *required* to use the date.timezone setting or the date_default_timezone_set() function. In case you used any of those methods and you are still getting this warning, you most likely misspelled the timezone identifier. We selected the timezone 'UTC' for now, but please set date.timezone to select your timezone. - in /var/www/html/testlink/lib/functions/lang_api.php - Line 395
[<<][5a607ad781adb304108471][DEFAULT][/lib/usermanagement/userInfo.php][18/Jan/18 10:45:43][18/Jan/18 10:45:43][took 0.401937 secs]
[<<][5a6089e0c9a6e280602933][DEFAULT][/lib/testcases/archiveData.php][18/Jan/18 11:49:52][18/Jan/18 11:49:52][took 0.103795 secs]
[>>][5a6089e0e3271777774598][DEFAULT][/lib/testcases/archiveData.php][18/Jan/18 11:49:52]
[<<][5a6089e0e3271777774598][DEFAULT][/lib/testcases/archiveData.php][18/Jan/18 11:49:52][18/Jan/18 11:49:52][took 0.0098830000000001 secs]
[>>][5a6089e0e5bad177196916][DEFAULT][/lib/testcases/archiveData.php][18/Jan/18 11:49:52]
	[18/Jan/18 11:49:53][WARNING][3mpar44b9vr8p4kb0cg058s5v7][GUI]
		E_WARNING
strftime(): It is not safe to rely on the system's timezone settings. You are *required* to use the date.timezone setting or the date_default_timezone_set() function. In case you used any of those methods and you are still getting this warning, you most likely misspelled the timezone identifier. We selected the timezone 'UTC' for now, but please set date.timezone to select your timezone. - in /var/www/html/testlink/third_party/smarty3/libs/sysplugins/smarty_internal_templatecompilerbase.php - Line 177
	[18/Jan/18 11:49:53][WARNING][3mpar44b9vr8p4kb0cg058s5v7][GUI]
		E_WARNING
strftime(): It is not safe to rely on the system's timezone settings. You are *required* to use the date.timezone setting or the date_default_timezone_set() function. In case you used any of those methods and you are still getting this warning, you most likely misspelled the timezone identifier. We selected the timezone 'UTC' for now, but please set date.timezone to select your timezone. - in /var/www/html/testlink/third_party/smarty3/libs/sysplugins/smarty_internal_templatecompilerbase.php - Line 177
[<<][5a6089e0e5bad177196916][DEFAULT][/lib/testcases/archiveData.php][18/Jan/18 11:49:52][18/Jan/18 11:49:53][took 0.345569 secs]
[<<][5a6089e4b6592353387194][DEFAULT][/lib/testcases/archiveData.php][18/Jan/18 11:49:56][18/Jan/18 11:49:56][took 0.100113 secs]
[>>][5a6089e4cef05116132732][DEFAULT][/lib/testcases/archiveData.php][18/Jan/18 11:49:56]
[<<][5a6089e4cef05116132732][DEFAULT][/lib/testcases/archiveData.php][18/Jan/18 11:49:56][18/Jan/18 11:49:56][took 0.010279 secs]
[>>][5a6089e4d195f869123240][DEFAULT][/lib/testcases/archiveData.php][18/Jan/18 11:49:56]
[<<][5a6089e4d195f869123240][DEFAULT][/lib/testcases/archiveData.php][18/Jan/18 11:49:56][18/Jan/18 11:49:56][took 0.078472 secs]
[<<][5a6089e7a9ec8826942472][DEFAULT][/lib/testcases/tcSearch.php][18/Jan/18 11:49:59][18/Jan/18 11:49:59][took 0.105517 secs]
[>>][5a6089e7c3d88686833610][DEFAULT][/lib/testcases/tcSearch.php][18/Jan/18 11:49:59]
[<<][5a6089e7c3d88686833610][DEFAULT][/lib/testcases/tcSearch.php][18/Jan/18 11:49:59][18/Jan/18 11:49:59][took 0.009754 secs]
[>>][5a6089e7c6657799588785][DEFAULT][/lib/testcases/tcSearch.php][18/Jan/18 11:49:59]
[<<][5a6089e7c6657799588785][DEFAULT][/lib/testcases/tcSearch.php][18/Jan/18 11:49:59][18/Jan/18 11:49:59][took 0.077405 secs]
[<<][5a6089eec8da6639691579][DEFAULT][/index.php][18/Jan/18 11:50:06][18/Jan/18 11:50:06][took 0.114588 secs]
[>>][5a6089eee4fcf570667571][DEFAULT][/index.php][18/Jan/18 11:50:06]
[<<][5a6089eee4fcf570667571][DEFAULT][/index.php][18/Jan/18 11:50:06][18/Jan/18 11:50:06][took 0.010046 secs]
[<<][5a6089ef012ff073362216][DEFAULT][/lib/general/navBar.php][18/Jan/18 11:50:07][18/Jan/18 11:50:07][took 0.096858 secs]
[>>][5a6089ef18f49116617368][DEFAULT][/lib/general/navBar.php][18/Jan/18 11:50:07]
[<<][5a6089ef18f49116617368][DEFAULT][/lib/general/navBar.php][18/Jan/18 11:50:07][18/Jan/18 11:50:07][took 0.009948 secs]
[>>][5a6089ef1b920783745531][DEFAULT][/lib/general/navBar.php][18/Jan/18 11:50:07]
[<<][5a6089ef1b920783745531][DEFAULT][/lib/general/navBar.php][18/Jan/18 11:50:07][18/Jan/18 11:50:07][took 0.048579 secs]
[<<][5a6089ef06d63165512804][DEFAULT][/lib/general/mainPage.php][18/Jan/18 11:50:07][18/Jan/18 11:50:07][took 0.174347 secs]
[>>][5a6089ef31870119447907][DEFAULT][/lib/general/mainPage.php][18/Jan/18 11:50:07]
[<<][5a6089ef31870119447907][DEFAULT][/lib/general/mainPage.php][18/Jan/18 11:50:07][18/Jan/18 11:50:07][took 0.007424 secs]
[>>][5a6089ef3374b151075880][DEFAULT][/lib/general/mainPage.php][18/Jan/18 11:50:07]
[<<][5a6089ef3374b151075880][DEFAULT][/lib/general/mainPage.php][18/Jan/18 11:50:07][18/Jan/18 11:50:07][took 0.038667 secs]
[<<][5a608a21e6bc1031030533][DEFAULT][/lib/usermanagement/usersView.php][18/Jan/18 11:50:57][18/Jan/18 11:50:58][took 0.136298 secs]
[>>][5a608a22141b7726619053][DEFAULT][/lib/usermanagement/usersView.php][18/Jan/18 11:50:58]
[<<][5a608a22141b7726619053][DEFAULT][/lib/usermanagement/usersView.php][18/Jan/18 11:50:58][18/Jan/18 11:50:58][took 0.012569 secs]
[>>][5a608a22174ff150023857][DEFAULT][/lib/usermanagement/usersView.php][18/Jan/18 11:50:58]
[<<][5a608a22174ff150023857][DEFAULT][/lib/usermanagement/usersView.php][18/Jan/18 11:50:58][18/Jan/18 11:50:58][took 0.012863 secs]
[<<][5a608a3269bb5740907374][DEFAULT][/lib/usermanagement/usersEdit.php][18/Jan/18 11:51:14][18/Jan/18 11:51:14][took 0.066838 secs]
[>>][5a608a327a2e1284055221][DEFAULT][/lib/usermanagement/usersEdit.php][18/Jan/18 11:51:14]
[<<][5a608a327a2e1284055221][DEFAULT][/lib/usermanagement/usersEdit.php][18/Jan/18 11:51:14][18/Jan/18 11:51:14][took 0.006628 secs]
[>>][5a608a327be85822322161][DEFAULT][/lib/usermanagement/usersEdit.php][18/Jan/18 11:51:14]
[<<][5a608a327be85822322161][DEFAULT][/lib/usermanagement/usersEdit.php][18/Jan/18 11:51:14][18/Jan/18 11:51:14][took 0.015892 secs]
[<<][5a608a4b09984089284857][DEFAULT][/lib/usermanagement/usersView.php][18/Jan/18 11:51:39][18/Jan/18 11:51:39][took 0.111813 secs]
[>>][5a608a4b2504e595771044][DEFAULT][/lib/usermanagement/usersView.php][18/Jan/18 11:51:39]
[<<][5a608a4b2504e595771044][DEFAULT][/lib/usermanagement/usersView.php][18/Jan/18 11:51:39][18/Jan/18 11:51:39][took 0.007168 secs]
[>>][5a608a4b26f27931282496][DEFAULT][/lib/usermanagement/usersView.php][18/Jan/18 11:51:39]
[<<][5a608a4b26f27931282496][DEFAULT][/lib/usermanagement/usersView.php][18/Jan/18 11:51:39][18/Jan/18 11:51:39][took 0.022492 secs]
[<<][5a608bb42e8ee765316989][DEFAULT][/lib/usermanagement/usersEdit.php][18/Jan/18 11:57:40][18/Jan/18 11:57:40][took 0.121591 secs]
[>>][5a608bb44c6a1020686590][DEFAULT][/lib/usermanagement/usersEdit.php][18/Jan/18 11:57:40]
[<<][5a608bb44c6a1020686590][DEFAULT][/lib/usermanagement/usersEdit.php][18/Jan/18 11:57:40][18/Jan/18 11:57:40][took 0.011394 secs]
[>>][5a608bb44f637065989568][DEFAULT][/lib/usermanagement/usersEdit.php][18/Jan/18 11:57:40]
[<<][5a608bb44f637065989568][DEFAULT][/lib/usermanagement/usersEdit.php][18/Jan/18 11:57:40][18/Jan/18 11:57:40][took 0.033311 secs]
[<<][5a608bc235f57676860077][DEFAULT][/lib/usermanagement/usersEdit.php][18/Jan/18 11:57:54][18/Jan/18 11:57:54][took 0.104799 secs]
[>>][5a608bc24faec236121427][DEFAULT][/lib/usermanagement/usersEdit.php][18/Jan/18 11:57:54]
[<<][5a608bc24faec236121427][DEFAULT][/lib/usermanagement/usersEdit.php][18/Jan/18 11:57:54][18/Jan/18 11:57:54][took 0.012156 secs]
[>>][5a608bc252d73554757077][DEFAULT][/lib/usermanagement/usersEdit.php][18/Jan/18 11:57:54]
	[18/Jan/18 11:57:54][AUDIT][3mpar44b9vr8p4kb0cg058s5v7][GUI]
		User 'admin' was saved
[<<][5a608bc252d73554757077][DEFAULT][/lib/usermanagement/usersEdit.php][18/Jan/18 11:57:54][18/Jan/18 11:57:54][took 0.039978 secs]
[<<][5a608bc267145937609181][DEFAULT][/lib/usermanagement/usersView.php][18/Jan/18 11:57:54][18/Jan/18 11:57:54][took 0.09996 secs]
[>>][5a608bc27fa54002874753][DEFAULT][/lib/usermanagement/usersView.php][18/Jan/18 11:57:54]
[<<][5a608bc27fa54002874753][DEFAULT][/lib/usermanagement/usersView.php][18/Jan/18 11:57:54][18/Jan/18 11:57:54][took 0.009586 secs]
[>>][5a608bc28222e972964876][DEFAULT][/lib/usermanagement/usersView.php][18/Jan/18 11:57:54]
[<<][5a608bc28222e972964876][DEFAULT][/lib/usermanagement/usersView.php][18/Jan/18 11:57:54][18/Jan/18 11:57:54][took 0.01515 secs]
[<<][5a608bc6d689e167911146][DEFAULT][/lib/usermanagement/usersEdit.php][18/Jan/18 11:57:58][18/Jan/18 11:57:59][took 0.131128 secs]
[>>][5a608bc702880939640712][DEFAULT][/lib/usermanagement/usersEdit.php][18/Jan/18 11:57:59]
[<<][5a608bc702880939640712][DEFAULT][/lib/usermanagement/usersEdit.php][18/Jan/18 11:57:59][18/Jan/18 11:57:59][took 0.006922 secs]
[>>][5a608bc704563042180504][DEFAULT][/lib/usermanagement/usersEdit.php][18/Jan/18 11:57:59]
[<<][5a608bc704563042180504][DEFAULT][/lib/usermanagement/usersEdit.php][18/Jan/18 11:57:59][18/Jan/18 11:57:59][took 0.017039 secs]
[<<][5a608bca7ca95602910615][DEFAULT][/lib/usermanagement/usersEdit.php][18/Jan/18 11:58:02][18/Jan/18 11:58:02][took 0.097998 secs]
[>>][5a608bca94b23176181454][DEFAULT][/lib/usermanagement/usersEdit.php][18/Jan/18 11:58:02]
[<<][5a608bca94b23176181454][DEFAULT][/lib/usermanagement/usersEdit.php][18/Jan/18 11:58:02][18/Jan/18 11:58:02][took 0.005978 secs]
[>>][5a608bca964ad249443272][DEFAULT][/lib/usermanagement/usersEdit.php][18/Jan/18 11:58:02]
	[18/Jan/18 11:58:02][AUDIT][3mpar44b9vr8p4kb0cg058s5v7][GUI]
		User 'admin1' was saved
[<<][5a608bca964ad249443272][DEFAULT][/lib/usermanagement/usersEdit.php][18/Jan/18 11:58:02][18/Jan/18 11:58:02][took 0.056391 secs]
[<<][5a608bcab150e598388268][DEFAULT][/lib/usermanagement/usersView.php][18/Jan/18 11:58:02][18/Jan/18 11:58:02][took 0.096436 secs]
[>>][5a608bcac8fd7260018851][DEFAULT][/lib/usermanagement/usersView.php][18/Jan/18 11:58:02]
[<<][5a608bcac8fd7260018851][DEFAULT][/lib/usermanagement/usersView.php][18/Jan/18 11:58:02][18/Jan/18 11:58:02][took 0.0081100000000001 secs]
[>>][5a608bcacb1cc911725292][DEFAULT][/lib/usermanagement/usersView.php][18/Jan/18 11:58:02]
[<<][5a608bcacb1cc911725292][DEFAULT][/lib/usermanagement/usersView.php][18/Jan/18 11:58:02][18/Jan/18 11:58:02][took 0.013989 secs]
[<<][5a608bcf76f27118228158][DEFAULT][/lib/usermanagement/usersEdit.php][18/Jan/18 11:58:07][18/Jan/18 11:58:07][took 0.106812 secs]
[>>][5a608bcf91349088168361][DEFAULT][/lib/usermanagement/usersEdit.php][18/Jan/18 11:58:07]
[<<][5a608bcf91349088168361][DEFAULT][/lib/usermanagement/usersEdit.php][18/Jan/18 11:58:07][18/Jan/18 11:58:07][took 0.007148 secs]
[>>][5a608bcf93157007287026][DEFAULT][/lib/usermanagement/usersEdit.php][18/Jan/18 11:58:07]
[<<][5a608bcf93157007287026][DEFAULT][/lib/usermanagement/usersEdit.php][18/Jan/18 11:58:07][18/Jan/18 11:58:07][took 0.022929 secs]
