	[18/Jan/17 21:22:59][AUDIT][7pcktbih44r53fmea52u8cver1][GUI]
		Login for 'admin' from '192.168.0.71' succeeded
[<<][5a5fbeb3bae7d632479220][DEFAULT][/login.php][18/Jan/17 21:22:59][18/Jan/17 21:22:59][took 0.036211 secs]
[<<][5a5fbeb3d815d540555370][DEFAULT][/index.php][18/Jan/17 21:22:59][18/Jan/17 21:22:59][took 0.109714 secs]
[>>][5a5fbeb3f308a907417737][DEFAULT][/index.php][18/Jan/17 21:22:59]
	[18/Jan/17 21:23:00][WARNING][7pcktbih44r53fmea52u8cver1][GUI]
		E_WARNING
strftime(): It is not safe to rely on the system's timezone settings. You are *required* to use the date.timezone setting or the date_default_timezone_set() function. In case you used any of those methods and you are still getting this warning, you most likely misspelled the timezone identifier. We selected the timezone 'UTC' for now, but please set date.timezone to select your timezone. - in /var/www/html/testlink/third_party/smarty3/libs/sysplugins/smarty_internal_templatecompilerbase.php - Line 177
[<<][5a5fbeb3f308a907417737][DEFAULT][/index.php][18/Jan/17 21:22:59][18/Jan/17 21:23:00][took 0.05731 secs]
[<<][5a5fbeb4206f4799847901][DEFAULT][/lib/general/mainPage.php][18/Jan/17 21:23:00][18/Jan/17 21:23:00][took 0.107504 secs]
[>>][5a5fbeb43ad34389745628][DEFAULT][/lib/general/mainPage.php][18/Jan/17 21:23:00]
[<<][5a5fbeb43ad34389745628][DEFAULT][/lib/general/mainPage.php][18/Jan/17 21:23:00][18/Jan/17 21:23:00][took 0.014913 secs]
[>>][5a5fbeb43ea0c118988131][DEFAULT][/lib/general/mainPage.php][18/Jan/17 21:23:00]
	[18/Jan/17 21:23:00][WARNING][7pcktbih44r53fmea52u8cver1][GUI]
		No project found: Assume a new installation and redirect to create it
[<<][5a5fbeb43ea0c118988131][DEFAULT][/lib/general/mainPage.php][18/Jan/17 21:23:00][18/Jan/17 21:23:00][took 0.034867 secs]
[<<][5a5fbeb41e8bf940562679][DEFAULT][/lib/general/navBar.php][18/Jan/17 21:23:00][18/Jan/17 21:23:00][took 0.212654 secs]
[>>][5a5fbeb4529f7235520208][DEFAULT][/lib/general/navBar.php][18/Jan/17 21:23:00]
[<<][5a5fbeb4529f7235520208][DEFAULT][/lib/general/navBar.php][18/Jan/17 21:23:00][18/Jan/17 21:23:00][took 0.011741 secs]
[>>][5a5fbeb4559fb035575334][DEFAULT][/lib/general/navBar.php][18/Jan/17 21:23:00]
	[18/Jan/17 21:23:00][WARNING][7pcktbih44r53fmea52u8cver1][GUI]
		E_WARNING
strftime(): It is not safe to rely on the system's timezone settings. You are *required* to use the date.timezone setting or the date_default_timezone_set() function. In case you used any of those methods and you are still getting this warning, you most likely misspelled the timezone identifier. We selected the timezone 'UTC' for now, but please set date.timezone to select your timezone. - in /var/www/html/testlink/third_party/smarty3/libs/sysplugins/smarty_internal_templatecompilerbase.php - Line 177
	[18/Jan/17 21:23:00][WARNING][7pcktbih44r53fmea52u8cver1][GUI]
		E_WARNING
strftime(): It is not safe to rely on the system's timezone settings. You are *required* to use the date.timezone setting or the date_default_timezone_set() function. In case you used any of those methods and you are still getting this warning, you most likely misspelled the timezone identifier. We selected the timezone 'UTC' for now, but please set date.timezone to select your timezone. - in /var/www/html/testlink/third_party/smarty3/libs/sysplugins/smarty_internal_templatecompilerbase.php - Line 177
[<<][5a5fbeb4559fb035575334][DEFAULT][/lib/general/navBar.php][18/Jan/17 21:23:00][18/Jan/17 21:23:00][took 0.209466 secs]
[<<][5a5fbeb458411082707671][DEFAULT][/lib/project/projectEdit.php][18/Jan/17 21:23:00][18/Jan/17 21:23:00][took 0.244354 secs]
[>>][5a5fbeb4940e7766626154][DEFAULT][/lib/project/projectEdit.php][18/Jan/17 21:23:00]
[<<][5a5fbeb4940e7766626154][DEFAULT][/lib/project/projectEdit.php][18/Jan/17 21:23:00][18/Jan/17 21:23:00][took 0.009012 secs]
[>>][5a5fbeb49664a421466227][DEFAULT][/lib/project/projectEdit.php][18/Jan/17 21:23:00]
	[18/Jan/17 21:23:00][WARNING][7pcktbih44r53fmea52u8cver1][GUI]
		E_WARNING
strftime(): It is not safe to rely on the system's timezone settings. You are *required* to use the date.timezone setting or the date_default_timezone_set() function. In case you used any of those methods and you are still getting this warning, you most likely misspelled the timezone identifier. We selected the timezone 'UTC' for now, but please set date.timezone to select your timezone. - in /var/www/html/testlink/third_party/smarty3/libs/sysplugins/smarty_internal_templatecompilerbase.php - Line 177
	[18/Jan/17 21:23:00][WARNING][7pcktbih44r53fmea52u8cver1][GUI]
		E_WARNING
strftime(): It is not safe to rely on the system's timezone settings. You are *required* to use the date.timezone setting or the date_default_timezone_set() function. In case you used any of those methods and you are still getting this warning, you most likely misspelled the timezone identifier. We selected the timezone 'UTC' for now, but please set date.timezone to select your timezone. - in /var/www/html/testlink/third_party/smarty3/libs/sysplugins/smarty_internal_templatecompilerbase.php - Line 177
	[18/Jan/17 21:23:00][WARNING][7pcktbih44r53fmea52u8cver1][GUI]
		E_WARNING
strftime(): It is not safe to rely on the system's timezone settings. You are *required* to use the date.timezone setting or the date_default_timezone_set() function. In case you used any of those methods and you are still getting this warning, you most likely misspelled the timezone identifier. We selected the timezone 'UTC' for now, but please set date.timezone to select your timezone. - in /var/www/html/testlink/third_party/smarty3/libs/sysplugins/smarty_internal_templatecompilerbase.php - Line 177
	[18/Jan/17 21:23:00][WARNING][7pcktbih44r53fmea52u8cver1][GUI]
		E_WARNING
strftime(): It is not safe to rely on the system's timezone settings. You are *required* to use the date.timezone setting or the date_default_timezone_set() function. In case you used any of those methods and you are still getting this warning, you most likely misspelled the timezone identifier. We selected the timezone 'UTC' for now, but please set date.timezone to select your timezone. - in /var/www/html/testlink/third_party/smarty3/libs/sysplugins/smarty_internal_templatecompilerbase.php - Line 177
	[18/Jan/17 21:23:01][WARNING][7pcktbih44r53fmea52u8cver1][GUI]
		E_WARNING
strftime(): It is not safe to rely on the system's timezone settings. You are *required* to use the date.timezone setting or the date_default_timezone_set() function. In case you used any of those methods and you are still getting this warning, you most likely misspelled the timezone identifier. We selected the timezone 'UTC' for now, but please set date.timezone to select your timezone. - in /var/www/html/testlink/third_party/smarty3/libs/sysplugins/smarty_internal_templatecompilerbase.php - Line 177
[<<][5a5fbeb49664a421466227][DEFAULT][/lib/project/projectEdit.php][18/Jan/17 21:23:00][18/Jan/17 21:23:01][took 0.407314 secs]
	[18/Jan/18 09:19:40][AUDIT][orkrdg6lc8hb4k4nhb51cm0hv4][GUI]
		Login for 'admin' from '192.168.27.124' succeeded
[<<][5a6066acea337575671281][DEFAULT][/login.php][18/Jan/18 09:19:40][18/Jan/18 09:19:40][took 0.036772 secs]
[<<][5a6066ada353e832686990][DEFAULT][/index.php][18/Jan/18 09:19:41][18/Jan/18 09:19:41][took 0.113129 secs]
[>>][5a6066adbf1cc930186492][DEFAULT][/index.php][18/Jan/18 09:19:41]
[<<][5a6066adbf1cc930186492][DEFAULT][/index.php][18/Jan/18 09:19:41][18/Jan/18 09:19:41][took 0.009571 secs]
[<<][5a6066adef22b231330756][DEFAULT][/lib/general/navBar.php][18/Jan/18 09:19:41][18/Jan/18 09:19:42][took 0.117652 secs]
[>>][5a6066ae17db2086621668][DEFAULT][/lib/general/navBar.php][18/Jan/18 09:19:42]
[<<][5a6066ae17db2086621668][DEFAULT][/lib/general/navBar.php][18/Jan/18 09:19:42][18/Jan/18 09:19:42][took 0.012525 secs]
[>>][5a6066ae1b0b3205358679][DEFAULT][/lib/general/navBar.php][18/Jan/18 09:19:42]
[<<][5a6066ae1b0b3205358679][DEFAULT][/lib/general/navBar.php][18/Jan/18 09:19:42][18/Jan/18 09:19:42][took 0.036906 secs]
[<<][5a6066ae098bc587509461][DEFAULT][/lib/general/mainPage.php][18/Jan/18 09:19:42][18/Jan/18 09:19:42][took 0.151901 secs]
[>>][5a6066ae2ec5b201967344][DEFAULT][/lib/general/mainPage.php][18/Jan/18 09:19:42]
[<<][5a6066ae2ec5b201967344][DEFAULT][/lib/general/mainPage.php][18/Jan/18 09:19:42][18/Jan/18 09:19:42][took 0.009162 secs]
[>>][5a6066ae311f3640545610][DEFAULT][/lib/general/mainPage.php][18/Jan/18 09:19:42]
	[18/Jan/18 09:19:42][WARNING][orkrdg6lc8hb4k4nhb51cm0hv4][GUI]
		No project found: Assume a new installation and redirect to create it
[<<][5a6066ae311f3640545610][DEFAULT][/lib/general/mainPage.php][18/Jan/18 09:19:42][18/Jan/18 09:19:42][took 0.043172 secs]
[<<][5a6066ae7064d379109708][DEFAULT][/lib/project/projectEdit.php][18/Jan/18 09:19:42][18/Jan/18 09:19:42][took 0.100628 secs]
[>>][5a6066ae89180173878839][DEFAULT][/lib/project/projectEdit.php][18/Jan/18 09:19:42]
[<<][5a6066ae89180173878839][DEFAULT][/lib/project/projectEdit.php][18/Jan/18 09:19:42][18/Jan/18 09:19:42][took 0.009318 secs]
[>>][5a6066ae8b823537507501][DEFAULT][/lib/project/projectEdit.php][18/Jan/18 09:19:42]
[<<][5a6066ae8b823537507501][DEFAULT][/lib/project/projectEdit.php][18/Jan/18 09:19:42][18/Jan/18 09:19:42][took 0.043793 secs]
[<<][5a6066b76bd1c384204748][DEFAULT][/lib/usermanagement/userInfo.php][18/Jan/18 09:19:51][18/Jan/18 09:19:51][took 0.112232 secs]
[>>][5a6066b7876c3047409615][DEFAULT][/lib/usermanagement/userInfo.php][18/Jan/18 09:19:51]
[<<][5a6066b7876c3047409615][DEFAULT][/lib/usermanagement/userInfo.php][18/Jan/18 09:19:51][18/Jan/18 09:19:51][took 0.009841 secs]
[>>][5a6066b78a057372890630][DEFAULT][/lib/usermanagement/userInfo.php][18/Jan/18 09:19:51]
	[18/Jan/18 09:19:51][WARNING][orkrdg6lc8hb4k4nhb51cm0hv4][GUI]
		E_WARNING
strftime(): It is not safe to rely on the system's timezone settings. You are *required* to use the date.timezone setting or the date_default_timezone_set() function. In case you used any of those methods and you are still getting this warning, you most likely misspelled the timezone identifier. We selected the timezone 'UTC' for now, but please set date.timezone to select your timezone. - in /var/www/html/testlink/third_party/smarty3/libs/sysplugins/smarty_internal_templatecompilerbase.php - Line 177
	[18/Jan/18 09:19:51][WARNING][orkrdg6lc8hb4k4nhb51cm0hv4][GUI]
		E_WARNING
strftime(): It is not safe to rely on the system's timezone settings. You are *required* to use the date.timezone setting or the date_default_timezone_set() function. In case you used any of those methods and you are still getting this warning, you most likely misspelled the timezone identifier. We selected the timezone 'UTC' for now, but please set date.timezone to select your timezone. - in /var/www/html/testlink/third_party/smarty3/libs/sysplugins/smarty_internal_templatecompilerbase.php - Line 177
	[18/Jan/18 09:19:52][WARNING][orkrdg6lc8hb4k4nhb51cm0hv4][GUI]
		E_WARNING
strftime(): It is not safe to rely on the system's timezone settings. You are *required* to use the date.timezone setting or the date_default_timezone_set() function. In case you used any of those methods and you are still getting this warning, you most likely misspelled the timezone identifier. We selected the timezone 'UTC' for now, but please set date.timezone to select your timezone. - in /var/www/html/testlink/lib/functions/lang_api.php - Line 395
	[18/Jan/18 09:19:52][WARNING][orkrdg6lc8hb4k4nhb51cm0hv4][GUI]
		E_WARNING
strftime(): It is not safe to rely on the system's timezone settings. You are *required* to use the date.timezone setting or the date_default_timezone_set() function. In case you used any of those methods and you are still getting this warning, you most likely misspelled the timezone identifier. We selected the timezone 'UTC' for now, but please set date.timezone to select your timezone. - in /var/www/html/testlink/lib/functions/lang_api.php - Line 395
[<<][5a6066b78a057372890630][DEFAULT][/lib/usermanagement/userInfo.php][18/Jan/18 09:19:51][18/Jan/18 09:19:52][took 0.640468 secs]
[<<][5a6066ba112ce326663219][DEFAULT][/logout.php][18/Jan/18 09:19:54][18/Jan/18 09:19:54][took 0.110143 secs]
[>>][5a6066ba2c359471121098][DEFAULT][/logout.php][18/Jan/18 09:19:54]
[<<][5a6066ba2c359471121098][DEFAULT][/logout.php][18/Jan/18 09:19:54][18/Jan/18 09:19:54][took 0.008472 secs]
[>>][5a6066ba2e6b9794880210][DEFAULT][/logout.php][18/Jan/18 09:19:54]
	[18/Jan/18 09:19:54][AUDIT][orkrdg6lc8hb4k4nhb51cm0hv4][GUI]
		Logout of 'admin'
	[18/Jan/18 09:34:51][AUDIT][57mb4kjfkgcgdc628c53sap0m3][GUI]
		Login for 'admin' from '192.168.27.149' succeeded
[<<][5a606a3b4172e896809329][DEFAULT][/login.php][18/Jan/18 09:34:51][18/Jan/18 09:34:51][took 0.035824 secs]
[<<][5a606a3b5be28422504276][DEFAULT][/index.php][18/Jan/18 09:34:51][18/Jan/18 09:34:51][took 0.095214 secs]
[>>][5a606a3b734c5753310413][DEFAULT][/index.php][18/Jan/18 09:34:51]
[<<][5a606a3b734c5753310413][DEFAULT][/index.php][18/Jan/18 09:34:51][18/Jan/18 09:34:51][took 0.01135 secs]
[<<][5a606a3b81a8d274335640][DEFAULT][/lib/general/navBar.php][18/Jan/18 09:34:51][18/Jan/18 09:34:51][took 0.063812 secs]
[>>][5a606a3b915b0416696389][DEFAULT][/lib/general/navBar.php][18/Jan/18 09:34:51]
[<<][5a606a3b915b0416696389][DEFAULT][/lib/general/navBar.php][18/Jan/18 09:34:51][18/Jan/18 09:34:51][took 0.005858 secs]
[>>][5a606a3b92df2594849694][DEFAULT][/lib/general/navBar.php][18/Jan/18 09:34:51]
[<<][5a606a3b92df2594849694][DEFAULT][/lib/general/navBar.php][18/Jan/18 09:34:51][18/Jan/18 09:34:51][took 0.022901 secs]
[<<][5a606a3b84cde140052934][DEFAULT][/lib/general/mainPage.php][18/Jan/18 09:34:51][18/Jan/18 09:34:51][took 0.119795 secs]
[>>][5a606a3ba2340184560639][DEFAULT][/lib/general/mainPage.php][18/Jan/18 09:34:51]
[<<][5a606a3ba2340184560639][DEFAULT][/lib/general/mainPage.php][18/Jan/18 09:34:51][18/Jan/18 09:34:51][took 0.007762 secs]
[>>][5a606a3ba447b155373076][DEFAULT][/lib/general/mainPage.php][18/Jan/18 09:34:51]
	[18/Jan/18 09:34:51][WARNING][57mb4kjfkgcgdc628c53sap0m3][GUI]
		No project found: Assume a new installation and redirect to create it
[<<][5a606a3ba447b155373076][DEFAULT][/lib/general/mainPage.php][18/Jan/18 09:34:51][18/Jan/18 09:34:51][took 0.037851 secs]
[<<][5a606a3bbe1ba447513296][DEFAULT][/lib/project/projectEdit.php][18/Jan/18 09:34:51][18/Jan/18 09:34:51][took 0.088926 secs]
[>>][5a606a3bd3f29387490152][DEFAULT][/lib/project/projectEdit.php][18/Jan/18 09:34:51]
[<<][5a606a3bd3f29387490152][DEFAULT][/lib/project/projectEdit.php][18/Jan/18 09:34:51][18/Jan/18 09:34:51][took 0.009448 secs]
[>>][5a606a3bd663a895980674][DEFAULT][/lib/project/projectEdit.php][18/Jan/18 09:34:51]
[<<][5a606a3bd663a895980674][DEFAULT][/lib/project/projectEdit.php][18/Jan/18 09:34:51][18/Jan/18 09:34:51][took 0.03872 secs]
[<<][5a606a458cab4146706843][DEFAULT][/index.php][18/Jan/18 09:35:01][18/Jan/18 09:35:01][took 0.102582 secs]
[>>][5a606a45a5e62535874077][DEFAULT][/index.php][18/Jan/18 09:35:01]
[<<][5a606a45a5e62535874077][DEFAULT][/index.php][18/Jan/18 09:35:01][18/Jan/18 09:35:01][took 0.01004 secs]
[<<][5a606a45b6e62674955408][DEFAULT][/lib/general/navBar.php][18/Jan/18 09:35:01][18/Jan/18 09:35:01][took 0.063451 secs]
[>>][5a606a45c67e5634736392][DEFAULT][/lib/general/navBar.php][18/Jan/18 09:35:01]
[<<][5a606a45c67e5634736392][DEFAULT][/lib/general/navBar.php][18/Jan/18 09:35:01][18/Jan/18 09:35:01][took 0.007682 secs]
[>>][5a606a45c8767665862088][DEFAULT][/lib/general/navBar.php][18/Jan/18 09:35:01]
[<<][5a606a45c8767665862088][DEFAULT][/lib/general/navBar.php][18/Jan/18 09:35:01][18/Jan/18 09:35:01][took 0.028893 secs]
[<<][5a606a45c276f453890044][DEFAULT][/lib/general/mainPage.php][18/Jan/18 09:35:01][18/Jan/18 09:35:01][took 0.106626 secs]
[>>][5a606a45dcaab272038003][DEFAULT][/lib/general/mainPage.php][18/Jan/18 09:35:01]
[<<][5a606a45dcaab272038003][DEFAULT][/lib/general/mainPage.php][18/Jan/18 09:35:01][18/Jan/18 09:35:01][took 0.010275 secs]
[>>][5a606a45df5e0860988185][DEFAULT][/lib/general/mainPage.php][18/Jan/18 09:35:01]
	[18/Jan/18 09:35:01][WARNING][57mb4kjfkgcgdc628c53sap0m3][GUI]
		No project found: Assume a new installation and redirect to create it
[<<][5a606a45df5e0860988185][DEFAULT][/lib/general/mainPage.php][18/Jan/18 09:35:01][18/Jan/18 09:35:01][took 0.041609 secs]
[<<][5a606a4603616874865289][DEFAULT][/lib/project/projectEdit.php][18/Jan/18 09:35:02][18/Jan/18 09:35:02][took 0.117444 secs]
[>>][5a606a462035b370761092][DEFAULT][/lib/project/projectEdit.php][18/Jan/18 09:35:02]
[<<][5a606a462035b370761092][DEFAULT][/lib/project/projectEdit.php][18/Jan/18 09:35:02][18/Jan/18 09:35:02][took 0.009288 secs]
[>>][5a606a4622a5b913382030][DEFAULT][/lib/project/projectEdit.php][18/Jan/18 09:35:02]
[<<][5a606a4622a5b913382030][DEFAULT][/lib/project/projectEdit.php][18/Jan/18 09:35:02][18/Jan/18 09:35:02][took 0.050414 secs]
[<<][5a606a57d27f9492015167][DEFAULT][/lib/project/projectEdit.php][18/Jan/18 09:35:19][18/Jan/18 09:35:19][took 0.093326 secs]
[>>][5a606a57e96e1248793984][DEFAULT][/lib/project/projectEdit.php][18/Jan/18 09:35:19]
[<<][5a606a57e96e1248793984][DEFAULT][/lib/project/projectEdit.php][18/Jan/18 09:35:19][18/Jan/18 09:35:19][took 0.009554 secs]
[>>][5a606a57ebe8d380140604][DEFAULT][/lib/project/projectEdit.php][18/Jan/18 09:35:19]
	[18/Jan/18 09:35:20][AUDIT][57mb4kjfkgcgdc628c53sap0m3][GUI]
		Test Project 'MES/LES' was created
	[18/Jan/18 09:35:20][WARNING][57mb4kjfkgcgdc628c53sap0m3][GUI]
		E_WARNING
strftime(): It is not safe to rely on the system's timezone settings. You are *required* to use the date.timezone setting or the date_default_timezone_set() function. In case you used any of those methods and you are still getting this warning, you most likely misspelled the timezone identifier. We selected the timezone 'UTC' for now, but please set date.timezone to select your timezone. - in /var/www/html/testlink/third_party/smarty3/libs/sysplugins/smarty_internal_templatecompilerbase.php - Line 177
[<<][5a606a57ebe8d380140604][DEFAULT][/lib/project/projectEdit.php][18/Jan/18 09:35:19][18/Jan/18 09:35:20][took 0.23923 secs]
[<<][5a606a5878767049312398][DEFAULT][/lib/general/navBar.php][18/Jan/18 09:35:20][18/Jan/18 09:35:20][took 0.093158 secs]
[>>][5a606a588f594395319393][DEFAULT][/lib/general/navBar.php][18/Jan/18 09:35:20]
[<<][5a606a588f594395319393][DEFAULT][/lib/general/navBar.php][18/Jan/18 09:35:20][18/Jan/18 09:35:20][took 0.009068 secs]
[>>][5a606a5891be9016687523][DEFAULT][/lib/general/navBar.php][18/Jan/18 09:35:20]
[<<][5a606a5891be9016687523][DEFAULT][/lib/general/navBar.php][18/Jan/18 09:35:20][18/Jan/18 09:35:20][took 0.032272 secs]
[<<][5a606a5d59641853771705][DEFAULT][/index.php][18/Jan/18 09:35:25][18/Jan/18 09:35:25][took 0.100359 secs]
[>>][5a606a5d720d6254751214][DEFAULT][/index.php][18/Jan/18 09:35:25]
[<<][5a606a5d720d6254751214][DEFAULT][/index.php][18/Jan/18 09:35:25][18/Jan/18 09:35:25][took 0.011738 secs]
[<<][5a606a5d84d9f251210633][DEFAULT][/lib/general/navBar.php][18/Jan/18 09:35:25][18/Jan/18 09:35:25][took 0.098552 secs]
[>>][5a606a5d9d0aa938396577][DEFAULT][/lib/general/navBar.php][18/Jan/18 09:35:25]
[<<][5a606a5d9d0aa938396577][DEFAULT][/lib/general/navBar.php][18/Jan/18 09:35:25][18/Jan/18 09:35:25][took 0.008586 secs]
[>>][5a606a5d9f4f2351746145][DEFAULT][/lib/general/navBar.php][18/Jan/18 09:35:25]
[<<][5a606a5d9f4f2351746145][DEFAULT][/lib/general/navBar.php][18/Jan/18 09:35:25][18/Jan/18 09:35:25][took 0.037191 secs]
[<<][5a606a5d84f3c314437909][DEFAULT][/lib/general/mainPage.php][18/Jan/18 09:35:25][18/Jan/18 09:35:25][took 0.183719 secs]
[>>][5a606a5db1ef2570475511][DEFAULT][/lib/general/mainPage.php][18/Jan/18 09:35:25]
[<<][5a606a5db1ef2570475511][DEFAULT][/lib/general/mainPage.php][18/Jan/18 09:35:25][18/Jan/18 09:35:25][took 0.009157 secs]
[>>][5a606a5db451f672511838][DEFAULT][/lib/general/mainPage.php][18/Jan/18 09:35:25]
	[18/Jan/18 09:35:25][WARNING][57mb4kjfkgcgdc628c53sap0m3][GUI]
		E_WARNING
strftime(): It is not safe to rely on the system's timezone settings. You are *required* to use the date.timezone setting or the date_default_timezone_set() function. In case you used any of those methods and you are still getting this warning, you most likely misspelled the timezone identifier. We selected the timezone 'UTC' for now, but please set date.timezone to select your timezone. - in /var/www/html/testlink/third_party/smarty3/libs/sysplugins/smarty_internal_templatecompilerbase.php - Line 177
	[18/Jan/18 09:35:25][WARNING][57mb4kjfkgcgdc628c53sap0m3][GUI]
		E_WARNING
strftime(): It is not safe to rely on the system's timezone settings. You are *required* to use the date.timezone setting or the date_default_timezone_set() function. In case you used any of those methods and you are still getting this warning, you most likely misspelled the timezone identifier. We selected the timezone 'UTC' for now, but please set date.timezone to select your timezone. - in /var/www/html/testlink/third_party/smarty3/libs/sysplugins/smarty_internal_templatecompilerbase.php - Line 177
	[18/Jan/18 09:35:25][WARNING][57mb4kjfkgcgdc628c53sap0m3][GUI]
		E_WARNING
strftime(): It is not safe to rely on the system's timezone settings. You are *required* to use the date.timezone setting or the date_default_timezone_set() function. In case you used any of those methods and you are still getting this warning, you most likely misspelled the timezone identifier. We selected the timezone 'UTC' for now, but please set date.timezone to select your timezone. - in /var/www/html/testlink/third_party/smarty3/libs/sysplugins/smarty_internal_templatecompilerbase.php - Line 177
	[18/Jan/18 09:35:26][WARNING][57mb4kjfkgcgdc628c53sap0m3][GUI]
		E_WARNING
strftime(): It is not safe to rely on the system's timezone settings. You are *required* to use the date.timezone setting or the date_default_timezone_set() function. In case you used any of those methods and you are still getting this warning, you most likely misspelled the timezone identifier. We selected the timezone 'UTC' for now, but please set date.timezone to select your timezone. - in /var/www/html/testlink/third_party/smarty3/libs/sysplugins/smarty_internal_templatecompilerbase.php - Line 177
[<<][5a606a5db451f672511838][DEFAULT][/lib/general/mainPage.php][18/Jan/18 09:35:25][18/Jan/18 09:35:26][took 0.493956 secs]
[<<][5a606e3be66f2894992321][DEFAULT][/lib/usermanagement/userInfo.php][18/Jan/18 09:51:55][18/Jan/18 09:51:56][took 0.106653 secs]
[>>][5a606e3c0c7d9184543570][DEFAULT][/lib/usermanagement/userInfo.php][18/Jan/18 09:51:56]
[<<][5a606e3c0c7d9184543570][DEFAULT][/lib/usermanagement/userInfo.php][18/Jan/18 09:51:56][18/Jan/18 09:51:56][took 0.00929 secs]
[>>][5a606e3c0eecf119060654][DEFAULT][/lib/usermanagement/userInfo.php][18/Jan/18 09:51:56]
	[18/Jan/18 09:51:56][WARNING][57mb4kjfkgcgdc628c53sap0m3][GUI]
		E_WARNING
strftime(): It is not safe to rely on the system's timezone settings. You are *required* to use the date.timezone setting or the date_default_timezone_set() function. In case you used any of those methods and you are still getting this warning, you most likely misspelled the timezone identifier. We selected the timezone 'UTC' for now, but please set date.timezone to select your timezone. - in /var/www/html/testlink/lib/functions/lang_api.php - Line 395
	[18/Jan/18 09:51:56][WARNING][57mb4kjfkgcgdc628c53sap0m3][GUI]
		E_WARNING
strftime(): It is not safe to rely on the system's timezone settings. You are *required* to use the date.timezone setting or the date_default_timezone_set() function. In case you used any of those methods and you are still getting this warning, you most likely misspelled the timezone identifier. We selected the timezone 'UTC' for now, but please set date.timezone to select your timezone. - in /var/www/html/testlink/lib/functions/lang_api.php - Line 395
	[18/Jan/18 09:51:56][WARNING][57mb4kjfkgcgdc628c53sap0m3][GUI]
		E_WARNING
strftime(): It is not safe to rely on the system's timezone settings. You are *required* to use the date.timezone setting or the date_default_timezone_set() function. In case you used any of those methods and you are still getting this warning, you most likely misspelled the timezone identifier. We selected the timezone 'UTC' for now, but please set date.timezone to select your timezone. - in /var/www/html/testlink/lib/functions/lang_api.php - Line 395
[<<][5a606e3c0eecf119060654][DEFAULT][/lib/usermanagement/userInfo.php][18/Jan/18 09:51:56][18/Jan/18 09:51:56][took 0.392624 secs]
[<<][5a606eba15cfd064899229][DEFAULT][/lib/usermanagement/userInfo.php][18/Jan/18 09:54:02][18/Jan/18 09:54:02][took 0.117024 secs]
[>>][5a606eba3287f747109367][DEFAULT][/lib/usermanagement/userInfo.php][18/Jan/18 09:54:02]
[<<][5a606eba3287f747109367][DEFAULT][/lib/usermanagement/userInfo.php][18/Jan/18 09:54:02][18/Jan/18 09:54:02][took 0.012527 secs]
[>>][5a606eba35caa987811493][DEFAULT][/lib/usermanagement/userInfo.php][18/Jan/18 09:54:02]
	[18/Jan/18 09:54:02][AUDIT][57mb4kjfkgcgdc628c53sap0m3][GUI]
		Password of user 'admin' was saved
	[18/Jan/18 09:54:02][WARNING][57mb4kjfkgcgdc628c53sap0m3][GUI]
		E_WARNING
strftime(): It is not safe to rely on the system's timezone settings. You are *required* to use the date.timezone setting or the date_default_timezone_set() function. In case you used any of those methods and you are still getting this warning, you most likely misspelled the timezone identifier. We selected the timezone 'UTC' for now, but please set date.timezone to select your timezone. - in /var/www/html/testlink/lib/functions/lang_api.php - Line 395
	[18/Jan/18 09:54:02][WARNING][57mb4kjfkgcgdc628c53sap0m3][GUI]
		E_WARNING
strftime(): It is not safe to rely on the system's timezone settings. You are *required* to use the date.timezone setting or the date_default_timezone_set() function. In case you used any of those methods and you are still getting this warning, you most likely misspelled the timezone identifier. We selected the timezone 'UTC' for now, but please set date.timezone to select your timezone. - in /var/www/html/testlink/lib/functions/lang_api.php - Line 395
	[18/Jan/18 09:54:02][WARNING][57mb4kjfkgcgdc628c53sap0m3][GUI]
		E_WARNING
strftime(): It is not safe to rely on the system's timezone settings. You are *required* to use the date.timezone setting or the date_default_timezone_set() function. In case you used any of those methods and you are still getting this warning, you most likely misspelled the timezone identifier. We selected the timezone 'UTC' for now, but please set date.timezone to select your timezone. - in /var/www/html/testlink/lib/functions/lang_api.php - Line 395
[<<][5a606eba35caa987811493][DEFAULT][/lib/usermanagement/userInfo.php][18/Jan/18 09:54:02][18/Jan/18 09:54:02][took 0.320515 secs]
[<<][5a606ec1ac689098335381][DEFAULT][/lib/usermanagement/usersView.php][18/Jan/18 09:54:09][18/Jan/18 09:54:09][took 0.093071 secs]
[>>][5a606ec1c3431467313742][DEFAULT][/lib/usermanagement/usersView.php][18/Jan/18 09:54:09]
[<<][5a606ec1c3431467313742][DEFAULT][/lib/usermanagement/usersView.php][18/Jan/18 09:54:09][18/Jan/18 09:54:09][took 0.0096309999999999 secs]
[>>][5a606ec1c5bf4934363770][DEFAULT][/lib/usermanagement/usersView.php][18/Jan/18 09:54:09]
	[18/Jan/18 09:54:09][WARNING][57mb4kjfkgcgdc628c53sap0m3][GUI]
		E_WARNING
strftime(): It is not safe to rely on the system's timezone settings. You are *required* to use the date.timezone setting or the date_default_timezone_set() function. In case you used any of those methods and you are still getting this warning, you most likely misspelled the timezone identifier. We selected the timezone 'UTC' for now, but please set date.timezone to select your timezone. - in /var/www/html/testlink/third_party/smarty3/libs/sysplugins/smarty_internal_templatecompilerbase.php - Line 177
	[18/Jan/18 09:54:09][WARNING][57mb4kjfkgcgdc628c53sap0m3][GUI]
		E_WARNING
strftime(): It is not safe to rely on the system's timezone settings. You are *required* to use the date.timezone setting or the date_default_timezone_set() function. In case you used any of those methods and you are still getting this warning, you most likely misspelled the timezone identifier. We selected the timezone 'UTC' for now, but please set date.timezone to select your timezone. - in /var/www/html/testlink/third_party/smarty3/libs/sysplugins/smarty_internal_templatecompilerbase.php - Line 177
	[18/Jan/18 09:54:10][WARNING][57mb4kjfkgcgdc628c53sap0m3][GUI]
		E_WARNING
strftime(): It is not safe to rely on the system's timezone settings. You are *required* to use the date.timezone setting or the date_default_timezone_set() function. In case you used any of those methods and you are still getting this warning, you most likely misspelled the timezone identifier. We selected the timezone 'UTC' for now, but please set date.timezone to select your timezone. - in /var/www/html/testlink/third_party/smarty3/libs/sysplugins/smarty_internal_templatecompilerbase.php - Line 177
	[18/Jan/18 09:54:10][WARNING][57mb4kjfkgcgdc628c53sap0m3][GUI]
		E_WARNING
strftime(): It is not safe to rely on the system's timezone settings. You are *required* to use the date.timezone setting or the date_default_timezone_set() function. In case you used any of those methods and you are still getting this warning, you most likely misspelled the timezone identifier. We selected the timezone 'UTC' for now, but please set date.timezone to select your timezone. - in /var/www/html/testlink/third_party/smarty3/libs/sysplugins/smarty_internal_templatecompilerbase.php - Line 177
[<<][5a606ec1c5bf4934363770][DEFAULT][/lib/usermanagement/usersView.php][18/Jan/18 09:54:09][18/Jan/18 09:54:10][took 0.353062 secs]
[<<][5a606ecb88977626083559][DEFAULT][/lib/usermanagement/usersEdit.php][18/Jan/18 09:54:19][18/Jan/18 09:54:19][took 0.101576 secs]
[>>][5a606ecba18b0104305246][DEFAULT][/lib/usermanagement/usersEdit.php][18/Jan/18 09:54:19]
[<<][5a606ecba18b0104305246][DEFAULT][/lib/usermanagement/usersEdit.php][18/Jan/18 09:54:19][18/Jan/18 09:54:19][took 0.010433 secs]
[>>][5a606ecba43de357386976][DEFAULT][/lib/usermanagement/usersEdit.php][18/Jan/18 09:54:19]
	[18/Jan/18 09:54:19][WARNING][57mb4kjfkgcgdc628c53sap0m3][GUI]
		E_WARNING
strftime(): It is not safe to rely on the system's timezone settings. You are *required* to use the date.timezone setting or the date_default_timezone_set() function. In case you used any of those methods and you are still getting this warning, you most likely misspelled the timezone identifier. We selected the timezone 'UTC' for now, but please set date.timezone to select your timezone. - in /var/www/html/testlink/third_party/smarty3/libs/sysplugins/smarty_internal_templatecompilerbase.php - Line 177
[<<][5a606ecba43de357386976][DEFAULT][/lib/usermanagement/usersEdit.php][18/Jan/18 09:54:19][18/Jan/18 09:54:19][took 0.316358 secs]
[<<][5a606eff04f12301607227][DEFAULT][/lib/usermanagement/usersEdit.php][18/Jan/18 09:55:11][18/Jan/18 09:55:11][took 0.119906 secs]
[>>][5a606eff22620106354089][DEFAULT][/lib/usermanagement/usersEdit.php][18/Jan/18 09:55:11]
[<<][5a606eff22620106354089][DEFAULT][/lib/usermanagement/usersEdit.php][18/Jan/18 09:55:11][18/Jan/18 09:55:11][took 0.011327 secs]
[>>][5a606eff25481173380991][DEFAULT][/lib/usermanagement/usersEdit.php][18/Jan/18 09:55:11]
	[18/Jan/18 09:55:11][AUDIT][57mb4kjfkgcgdc628c53sap0m3][GUI]
		User '4660' was created
[<<][5a606eff25481173380991][DEFAULT][/lib/usermanagement/usersEdit.php][18/Jan/18 09:55:11][18/Jan/18 09:55:11][took 0.090271 secs]
[<<][5a606eff490c0531048899][DEFAULT][/lib/usermanagement/usersView.php][18/Jan/18 09:55:11][18/Jan/18 09:55:11][took 0.100099 secs]
[>>][5a606eff61a7a528235368][DEFAULT][/lib/usermanagement/usersView.php][18/Jan/18 09:55:11]
[<<][5a606eff61a7a528235368][DEFAULT][/lib/usermanagement/usersView.php][18/Jan/18 09:55:11][18/Jan/18 09:55:11][took 0.010475 secs]
[>>][5a606eff645d7712943750][DEFAULT][/lib/usermanagement/usersView.php][18/Jan/18 09:55:11]
[<<][5a606eff645d7712943750][DEFAULT][/lib/usermanagement/usersView.php][18/Jan/18 09:55:11][18/Jan/18 09:55:11][took 0.017684 secs]
[<<][5a606f0611c27349017546][DEFAULT][/logout.php][18/Jan/18 09:55:18][18/Jan/18 09:55:18][took 0.103156 secs]
[>>][5a606f062b15e690341857][DEFAULT][/logout.php][18/Jan/18 09:55:18]
[<<][5a606f062b15e690341857][DEFAULT][/logout.php][18/Jan/18 09:55:18][18/Jan/18 09:55:18][took 0.008883 secs]
[>>][5a606f062d643273994896][DEFAULT][/logout.php][18/Jan/18 09:55:18]
	[18/Jan/18 09:55:18][AUDIT][57mb4kjfkgcgdc628c53sap0m3][GUI]
		Logout of 'admin'
	[18/Jan/18 09:58:34][AUDIT][orkrdg6lc8hb4k4nhb51cm0hv4][GUI]
		Login for 'admin' from '192.168.27.124' succeeded
[<<][5a606fca6ce12723189600][DEFAULT][/login.php][18/Jan/18 09:58:34][18/Jan/18 09:58:34][took 0.049435 secs]
[<<][5a606fcb0a79d710776326][DEFAULT][/index.php][18/Jan/18 09:58:35][18/Jan/18 09:58:35][took 0.094195 secs]
[>>][5a606fcb219ee137313580][DEFAULT][/index.php][18/Jan/18 09:58:35]
[<<][5a606fcb219ee137313580][DEFAULT][/index.php][18/Jan/18 09:58:35][18/Jan/18 09:58:35][took 0.010104 secs]
[<<][5a606fcb42b8c473571448][DEFAULT][/lib/general/navBar.php][18/Jan/18 09:58:35][18/Jan/18 09:58:35][took 0.094226 secs]
[>>][5a606fcb59da1845588681][DEFAULT][/lib/general/navBar.php][18/Jan/18 09:58:35]
[<<][5a606fcb59da1845588681][DEFAULT][/lib/general/navBar.php][18/Jan/18 09:58:35][18/Jan/18 09:58:35][took 0.010843 secs]
[>>][5a606fcb5ca8d017054397][DEFAULT][/lib/general/navBar.php][18/Jan/18 09:58:35]
[<<][5a606fcb5ca8d017054397][DEFAULT][/lib/general/navBar.php][18/Jan/18 09:58:35][18/Jan/18 09:58:35][took 0.035091 secs]
[<<][5a606fcb45ddf272438593][DEFAULT][/lib/general/mainPage.php][18/Jan/18 09:58:35][18/Jan/18 09:58:35][took 0.170285 secs]
[>>][5a606fcb6f969052410533][DEFAULT][/lib/general/mainPage.php][18/Jan/18 09:58:35]
[<<][5a606fcb6f969052410533][DEFAULT][/lib/general/mainPage.php][18/Jan/18 09:58:35][18/Jan/18 09:58:35][took 0.009352 secs]
[>>][5a606fcb72087303457009][DEFAULT][/lib/general/mainPage.php][18/Jan/18 09:58:35]
[<<][5a606fcb72087303457009][DEFAULT][/lib/general/mainPage.php][18/Jan/18 09:58:35][18/Jan/18 09:58:35][took 0.046258 secs]
[<<][5a6070074a072865142680][DEFAULT][/lib/usermanagement/userInfo.php][18/Jan/18 09:59:35][18/Jan/18 09:59:35][took 0.0919 secs]
[>>][5a607007609ae365045636][DEFAULT][/lib/usermanagement/userInfo.php][18/Jan/18 09:59:35]
[<<][5a607007609ae365045636][DEFAULT][/lib/usermanagement/userInfo.php][18/Jan/18 09:59:35][18/Jan/18 09:59:35][took 0.01145 secs]
[>>][5a607007638c5843268203][DEFAULT][/lib/usermanagement/userInfo.php][18/Jan/18 09:59:35]
	[18/Jan/18 09:59:35][WARNING][orkrdg6lc8hb4k4nhb51cm0hv4][GUI]
		E_WARNING
strftime(): It is not safe to rely on the system's timezone settings. You are *required* to use the date.timezone setting or the date_default_timezone_set() function. In case you used any of those methods and you are still getting this warning, you most likely misspelled the timezone identifier. We selected the timezone 'UTC' for now, but please set date.timezone to select your timezone. - in /var/www/html/testlink/lib/functions/lang_api.php - Line 395
	[18/Jan/18 09:59:35][WARNING][orkrdg6lc8hb4k4nhb51cm0hv4][GUI]
		E_WARNING
strftime(): It is not safe to rely on the system's timezone settings. You are *required* to use the date.timezone setting or the date_default_timezone_set() function. In case you used any of those methods and you are still getting this warning, you most likely misspelled the timezone identifier. We selected the timezone 'UTC' for now, but please set date.timezone to select your timezone. - in /var/www/html/testlink/lib/functions/lang_api.php - Line 395
	[18/Jan/18 09:59:35][WARNING][orkrdg6lc8hb4k4nhb51cm0hv4][GUI]
		E_WARNING
strftime(): It is not safe to rely on the system's timezone settings. You are *required* to use the date.timezone setting or the date_default_timezone_set() function. In case you used any of those methods and you are still getting this warning, you most likely misspelled the timezone identifier. We selected the timezone 'UTC' for now, but please set date.timezone to select your timezone. - in /var/www/html/testlink/lib/functions/lang_api.php - Line 395
	[18/Jan/18 09:59:35][WARNING][orkrdg6lc8hb4k4nhb51cm0hv4][GUI]
		E_WARNING
strftime(): It is not safe to rely on the system's timezone settings. You are *required* to use the date.timezone setting or the date_default_timezone_set() function. In case you used any of those methods and you are still getting this warning, you most likely misspelled the timezone identifier. We selected the timezone 'UTC' for now, but please set date.timezone to select your timezone. - in /var/www/html/testlink/lib/functions/lang_api.php - Line 395
[<<][5a607007638c5843268203][DEFAULT][/lib/usermanagement/userInfo.php][18/Jan/18 09:59:35][18/Jan/18 09:59:35][took 0.312256 secs]
[<<][5a60700b0fbfd502466303][DEFAULT][/lib/usermanagement/usersView.php][18/Jan/18 09:59:39][18/Jan/18 09:59:39][took 0.090188 secs]
[>>][5a60700b25e34441123734][DEFAULT][/lib/usermanagement/usersView.php][18/Jan/18 09:59:39]
[<<][5a60700b25e34441123734][DEFAULT][/lib/usermanagement/usersView.php][18/Jan/18 09:59:39][18/Jan/18 09:59:39][took 0.009664 secs]
[>>][5a60700b2864f589730091][DEFAULT][/lib/usermanagement/usersView.php][18/Jan/18 09:59:39]
[<<][5a60700b2864f589730091][DEFAULT][/lib/usermanagement/usersView.php][18/Jan/18 09:59:39][18/Jan/18 09:59:39][took 0.013289 secs]
[<<][5a60701231a9f003294042][DEFAULT][/lib/usermanagement/usersView.php][18/Jan/18 09:59:46][18/Jan/18 09:59:46][took 0.096329 secs]
[>>][5a60701249568086669798][DEFAULT][/lib/usermanagement/usersView.php][18/Jan/18 09:59:46]
[<<][5a60701249568086669798][DEFAULT][/lib/usermanagement/usersView.php][18/Jan/18 09:59:46][18/Jan/18 09:59:46][took 0.010783 secs]
[>>][5a6070124c1db523500593][DEFAULT][/lib/usermanagement/usersView.php][18/Jan/18 09:59:46]
[<<][5a6070124c1db523500593][DEFAULT][/lib/usermanagement/usersView.php][18/Jan/18 09:59:46][18/Jan/18 09:59:46][took 0.014649 secs]
[<<][5a607014c5349492929431][DEFAULT][/lib/usermanagement/usersEdit.php][18/Jan/18 09:59:48][18/Jan/18 09:59:48][took 0.106689 secs]
[>>][5a607014df608407199459][DEFAULT][/lib/usermanagement/usersEdit.php][18/Jan/18 09:59:48]
[<<][5a607014df608407199459][DEFAULT][/lib/usermanagement/usersEdit.php][18/Jan/18 09:59:48][18/Jan/18 09:59:48][took 0.010253 secs]
[>>][5a607014e2111687276092][DEFAULT][/lib/usermanagement/usersEdit.php][18/Jan/18 09:59:48]
[<<][5a607014e2111687276092][DEFAULT][/lib/usermanagement/usersEdit.php][18/Jan/18 09:59:48][18/Jan/18 09:59:48][took 0.023524 secs]
[<<][5a60704b1c81a240828221][DEFAULT][/lib/usermanagement/usersEdit.php][18/Jan/18 10:00:43][18/Jan/18 10:00:43][took 0.10796 secs]
[>>][5a60704b3704c608052571][DEFAULT][/lib/usermanagement/usersEdit.php][18/Jan/18 10:00:43]
[<<][5a60704b3704c608052571][DEFAULT][/lib/usermanagement/usersEdit.php][18/Jan/18 10:00:43][18/Jan/18 10:00:43][took 0.009903 secs]
[>>][5a60704b39a80883080606][DEFAULT][/lib/usermanagement/usersEdit.php][18/Jan/18 10:00:43]
	[18/Jan/18 10:00:43][AUDIT][orkrdg6lc8hb4k4nhb51cm0hv4][GUI]
		User '2846' was created
[<<][5a60704b39a80883080606][DEFAULT][/lib/usermanagement/usersEdit.php][18/Jan/18 10:00:43][18/Jan/18 10:00:43][took 0.038045 secs]
[<<][5a60704b5064c177418553][DEFAULT][/lib/usermanagement/usersView.php][18/Jan/18 10:00:43][18/Jan/18 10:00:43][took 0.102165 secs]
[>>][5a60704b6977f419040860][DEFAULT][/lib/usermanagement/usersView.php][18/Jan/18 10:00:43]
[<<][5a60704b6977f419040860][DEFAULT][/lib/usermanagement/usersView.php][18/Jan/18 10:00:43][18/Jan/18 10:00:43][took 0.00995 secs]
[>>][5a60704b6c0b3244128383][DEFAULT][/lib/usermanagement/usersView.php][18/Jan/18 10:00:43]
[<<][5a60704b6c0b3244128383][DEFAULT][/lib/usermanagement/usersView.php][18/Jan/18 10:00:43][18/Jan/18 10:00:43][took 0.014672 secs]
[<<][5a60705923464994643487][DEFAULT][/lib/usermanagement/usersView.php][18/Jan/18 10:00:57][18/Jan/18 10:00:57][took 0.068091 secs]
[>>][5a6070593414a569374564][DEFAULT][/lib/usermanagement/usersView.php][18/Jan/18 10:00:57]
[<<][5a6070593414a569374564][DEFAULT][/lib/usermanagement/usersView.php][18/Jan/18 10:00:57][18/Jan/18 10:00:57][took 0.010077 secs]
[>>][5a60705936afb947765198][DEFAULT][/lib/usermanagement/usersView.php][18/Jan/18 10:00:57]
[<<][5a60705936afb947765198][DEFAULT][/lib/usermanagement/usersView.php][18/Jan/18 10:00:57][18/Jan/18 10:00:57][took 0.010999 secs]
[<<][5a60706854369048348335][DEFAULT][/lib/usermanagement/usersView.php][18/Jan/18 10:01:12][18/Jan/18 10:01:12][took 0.107813 secs]
[>>][5a6070686ea8a479211521][DEFAULT][/lib/usermanagement/usersView.php][18/Jan/18 10:01:12]
[<<][5a6070686ea8a479211521][DEFAULT][/lib/usermanagement/usersView.php][18/Jan/18 10:01:12][18/Jan/18 10:01:12][took 0.011713 secs]
[>>][5a60706871a99453004401][DEFAULT][/lib/usermanagement/usersView.php][18/Jan/18 10:01:12]
[<<][5a60706871a99453004401][DEFAULT][/lib/usermanagement/usersView.php][18/Jan/18 10:01:12][18/Jan/18 10:01:12][took 0.013874 secs]
[<<][5a60706fd508b675174193][DEFAULT][/lib/usermanagement/usersEdit.php][18/Jan/18 10:01:19][18/Jan/18 10:01:19][took 0.104723 secs]
[>>][5a60706feebab657684578][DEFAULT][/lib/usermanagement/usersEdit.php][18/Jan/18 10:01:19]
[<<][5a60706feebab657684578][DEFAULT][/lib/usermanagement/usersEdit.php][18/Jan/18 10:01:19][18/Jan/18 10:01:19][took 0.009139 secs]
[>>][5a60706ff1113442554103][DEFAULT][/lib/usermanagement/usersEdit.php][18/Jan/18 10:01:19]
[<<][5a60706ff1113442554103][DEFAULT][/lib/usermanagement/usersEdit.php][18/Jan/18 10:01:19][18/Jan/18 10:01:20][took 0.023138 secs]
[<<][5a6070796ae21628865527][DEFAULT][/index.php][18/Jan/18 10:01:29][18/Jan/18 10:01:29][took 0.120376 secs]
[>>][5a607079886ab735906348][DEFAULT][/index.php][18/Jan/18 10:01:29]
[<<][5a607079886ab735906348][DEFAULT][/index.php][18/Jan/18 10:01:29][18/Jan/18 10:01:29][took 0.009518 secs]
[<<][5a607079ecd3a844046142][DEFAULT][/lib/general/mainPage.php][18/Jan/18 10:01:29][18/Jan/18 10:01:30][took 0.091396 secs]
[>>][5a60707a0f214051395885][DEFAULT][/lib/general/mainPage.php][18/Jan/18 10:01:30]
[<<][5a60707a0f214051395885][DEFAULT][/lib/general/mainPage.php][18/Jan/18 10:01:30][18/Jan/18 10:01:30][took 0.010456 secs]
[>>][5a60707a11cfa490488476][DEFAULT][/lib/general/mainPage.php][18/Jan/18 10:01:30]
[<<][5a60707a11cfa490488476][DEFAULT][/lib/general/mainPage.php][18/Jan/18 10:01:30][18/Jan/18 10:01:30][took 0.035775 secs]
[<<][5a607079ebdf4709591713][DEFAULT][/lib/general/navBar.php][18/Jan/18 10:01:29][18/Jan/18 10:01:30][took 0.181457 secs]
[>>][5a60707a24325194638834][DEFAULT][/lib/general/navBar.php][18/Jan/18 10:01:30]
[<<][5a60707a24325194638834][DEFAULT][/lib/general/navBar.php][18/Jan/18 10:01:30][18/Jan/18 10:01:30][took 0.00803 secs]
[>>][5a60707a265ac867938545][DEFAULT][/lib/general/navBar.php][18/Jan/18 10:01:30]
[<<][5a60707a265ac867938545][DEFAULT][/lib/general/navBar.php][18/Jan/18 10:01:30][18/Jan/18 10:01:30][took 0.034806 secs]
[<<][5a60707ba3b70382689753][DEFAULT][/logout.php][18/Jan/18 10:01:31][18/Jan/18 10:01:31][took 0.099323 secs]
[>>][5a60707bbc1bc247358295][DEFAULT][/logout.php][18/Jan/18 10:01:31]
[<<][5a60707bbc1bc247358295][DEFAULT][/logout.php][18/Jan/18 10:01:31][18/Jan/18 10:01:31][took 0.008073 secs]
[>>][5a60707bbe436241699637][DEFAULT][/logout.php][18/Jan/18 10:01:31]
	[18/Jan/18 10:01:31][AUDIT][orkrdg6lc8hb4k4nhb51cm0hv4][GUI]
		Logout of 'admin'
	[18/Jan/18 13:02:43][AUDIT][o7eav2p81v20akghmf7175je54][GUI]
		Login for 'admin' from '192.168.26.244' succeeded
[<<][5a609af3051dd662866664][DEFAULT][/login.php][18/Jan/18 13:02:43][18/Jan/18 13:02:43][took 0.036631 secs]
[<<][5a609af31e7b1679885614][DEFAULT][/index.php][18/Jan/18 13:02:43][18/Jan/18 13:02:43][took 0.118918 secs]
[>>][5a609af33bb01665898938][DEFAULT][/index.php][18/Jan/18 13:02:43]
[<<][5a609af33bb01665898938][DEFAULT][/index.php][18/Jan/18 13:02:43][18/Jan/18 13:02:43][took 0.013829 secs]
[<<][5a609af34c9af089202110][DEFAULT][/lib/general/navBar.php][18/Jan/18 13:02:43][18/Jan/18 13:02:43][took 0.121854 secs]
[>>][5a609af36a7d4496777396][DEFAULT][/lib/general/navBar.php][18/Jan/18 13:02:43]
[<<][5a609af36a7d4496777396][DEFAULT][/lib/general/navBar.php][18/Jan/18 13:02:43][18/Jan/18 13:02:43][took 0.009252 secs]
[>>][5a609af36ce92538008410][DEFAULT][/lib/general/navBar.php][18/Jan/18 13:02:43]
[<<][5a609af36ce92538008410][DEFAULT][/lib/general/navBar.php][18/Jan/18 13:02:43][18/Jan/18 13:02:43][took 0.038285 secs]
[<<][5a609af351c9e005462170][DEFAULT][/lib/general/mainPage.php][18/Jan/18 13:02:43][18/Jan/18 13:02:43][took 0.183811 secs]
[>>][5a609af37ee3a607753698][DEFAULT][/lib/general/mainPage.php][18/Jan/18 13:02:43]
[<<][5a609af37ee3a607753698][DEFAULT][/lib/general/mainPage.php][18/Jan/18 13:02:43][18/Jan/18 13:02:43][took 0.011456 secs]
[>>][5a609af381d84366511375][DEFAULT][/lib/general/mainPage.php][18/Jan/18 13:02:43]
[<<][5a609af381d84366511375][DEFAULT][/lib/general/mainPage.php][18/Jan/18 13:02:43][18/Jan/18 13:02:43][took 0.03685 secs]
[<<][5a609af6cce98992336408][DEFAULT][/lib/usermanagement/usersView.php][18/Jan/18 13:02:46][18/Jan/18 13:02:46][took 0.09917 secs]
[>>][5a609af6e543c463038425][DEFAULT][/lib/usermanagement/usersView.php][18/Jan/18 13:02:46]
[<<][5a609af6e543c463038425][DEFAULT][/lib/usermanagement/usersView.php][18/Jan/18 13:02:46][18/Jan/18 13:02:46][took 0.008371 secs]
[>>][5a609af6e7724556572520][DEFAULT][/lib/usermanagement/usersView.php][18/Jan/18 13:02:46]
[<<][5a609af6e7724556572520][DEFAULT][/lib/usermanagement/usersView.php][18/Jan/18 13:02:46][18/Jan/18 13:02:46][took 0.010018 secs]
[<<][5a609b07485ff850112731][DEFAULT][/logout.php][18/Jan/18 13:03:03][18/Jan/18 13:03:03][took 0.141224 secs]
[>>][5a609b076b01f580769407][DEFAULT][/logout.php][18/Jan/18 13:03:03]
[<<][5a609b076b01f580769407][DEFAULT][/logout.php][18/Jan/18 13:03:03][18/Jan/18 13:03:03][took 0.012566 secs]
[>>][5a609b076e433176167446][DEFAULT][/logout.php][18/Jan/18 13:03:03]
	[18/Jan/18 13:03:03][AUDIT][o7eav2p81v20akghmf7175je54][GUI]
		Logout of 'admin'
	[18/Jan/18 13:03:18][AUDIT][o7eav2p81v20akghmf7175je54][GUI]
		Login for 'admin' from '192.168.26.244' succeeded
[<<][5a609b164584a141161203][DEFAULT][/login.php][18/Jan/18 13:03:18][18/Jan/18 13:03:18][took 0.033452 secs]
[<<][5a609b1661f34047774228][DEFAULT][/index.php][18/Jan/18 13:03:18][18/Jan/18 13:03:18][took 0.100172 secs]
[>>][5a609b167aa45479124776][DEFAULT][/index.php][18/Jan/18 13:03:18]
[<<][5a609b167aa45479124776][DEFAULT][/index.php][18/Jan/18 13:03:18][18/Jan/18 13:03:18][took 0.009099 secs]
[<<][5a609b1689a44654709328][DEFAULT][/lib/general/navBar.php][18/Jan/18 13:03:18][18/Jan/18 13:03:18][took 0.094403 secs]
[>>][5a609b16a0d62791687597][DEFAULT][/lib/general/navBar.php][18/Jan/18 13:03:18]
[<<][5a609b16a0d62791687597][DEFAULT][/lib/general/navBar.php][18/Jan/18 13:03:18][18/Jan/18 13:03:18][took 0.0086350000000001 secs]
[>>][5a609b16a3146217522917][DEFAULT][/lib/general/navBar.php][18/Jan/18 13:03:18]
[<<][5a609b16a3146217522917][DEFAULT][/lib/general/navBar.php][18/Jan/18 13:03:18][18/Jan/18 13:03:18][took 0.034817 secs]
[<<][5a609b168b2b1095022279][DEFAULT][/lib/general/mainPage.php][18/Jan/18 13:03:18][18/Jan/18 13:03:18][took 0.175555 secs]
[>>][5a609b16b6303788136993][DEFAULT][/lib/general/mainPage.php][18/Jan/18 13:03:18]
[<<][5a609b16b6303788136993][DEFAULT][/lib/general/mainPage.php][18/Jan/18 13:03:18][18/Jan/18 13:03:18][took 0.010327 secs]
[>>][5a609b16b9019222894653][DEFAULT][/lib/general/mainPage.php][18/Jan/18 13:03:18]
[<<][5a609b16b9019222894653][DEFAULT][/lib/general/mainPage.php][18/Jan/18 13:03:18][18/Jan/18 13:03:18][took 0.048473 secs]
[<<][5a609b18d4bcb791580553][DEFAULT][/lib/usermanagement/usersView.php][18/Jan/18 13:03:20][18/Jan/18 13:03:20][took 0.113263 secs]
[>>][5a609b18f0879568319999][DEFAULT][/lib/usermanagement/usersView.php][18/Jan/18 13:03:20]
[<<][5a609b18f0879568319999][DEFAULT][/lib/usermanagement/usersView.php][18/Jan/18 13:03:20][18/Jan/18 13:03:20][took 0.00871 secs]
[>>][5a609b18f2d29514046818][DEFAULT][/lib/usermanagement/usersView.php][18/Jan/18 13:03:20]
[<<][5a609b18f2d29514046818][DEFAULT][/lib/usermanagement/usersView.php][18/Jan/18 13:03:20][18/Jan/18 13:03:21][took 0.014738 secs]
[<<][5a609b26afb84939143219][DEFAULT][/lib/usermanagement/usersEdit.php][18/Jan/18 13:03:34][18/Jan/18 13:03:34][took 0.114622 secs]
[>>][5a609b26cbd41634289808][DEFAULT][/lib/usermanagement/usersEdit.php][18/Jan/18 13:03:34]
[<<][5a609b26cbd41634289808][DEFAULT][/lib/usermanagement/usersEdit.php][18/Jan/18 13:03:34][18/Jan/18 13:03:34][took 0.0081300000000001 secs]
[>>][5a609b26cdf3b826956637][DEFAULT][/lib/usermanagement/usersEdit.php][18/Jan/18 13:03:34]
[<<][5a609b26cdf3b826956637][DEFAULT][/lib/usermanagement/usersEdit.php][18/Jan/18 13:03:34][18/Jan/18 13:03:34][took 0.024289 secs]
[<<][5a609b3209721854277692][DEFAULT][/lib/usermanagement/usersEdit.php][18/Jan/18 13:03:46][18/Jan/18 13:03:46][took 0.135079 secs]
[>>][5a609b322a94c106594109][DEFAULT][/lib/usermanagement/usersEdit.php][18/Jan/18 13:03:46]
[<<][5a609b322a94c106594109][DEFAULT][/lib/usermanagement/usersEdit.php][18/Jan/18 13:03:46][18/Jan/18 13:03:46][took 0.011017 secs]
[>>][5a609b322d6ff447333545][DEFAULT][/lib/usermanagement/usersEdit.php][18/Jan/18 13:03:46]
	[18/Jan/18 13:03:46][AUDIT][o7eav2p81v20akghmf7175je54][GUI]
		User 'wantunes' was saved
[<<][5a609b322d6ff447333545][DEFAULT][/lib/usermanagement/usersEdit.php][18/Jan/18 13:03:46][18/Jan/18 13:03:46][took 0.033232 secs]
[<<][5a609b3241079113804977][DEFAULT][/lib/usermanagement/usersView.php][18/Jan/18 13:03:46][18/Jan/18 13:03:46][took 0.100797 secs]
[>>][5a609b3259c6a533154331][DEFAULT][/lib/usermanagement/usersView.php][18/Jan/18 13:03:46]
[<<][5a609b3259c6a533154331][DEFAULT][/lib/usermanagement/usersView.php][18/Jan/18 13:03:46][18/Jan/18 13:03:46][took 0.008754 secs]
[>>][5a609b325c0d9426322319][DEFAULT][/lib/usermanagement/usersView.php][18/Jan/18 13:03:46]
[<<][5a609b325c0d9426322319][DEFAULT][/lib/usermanagement/usersView.php][18/Jan/18 13:03:46][18/Jan/18 13:03:46][took 0.014316 secs]
[<<][5a609b4464440217996287][DEFAULT][/lib/usermanagement/usersView.php][18/Jan/18 13:04:04][18/Jan/18 13:04:04][took 0.120371 secs]
[>>][5a609b4481d03249633218][DEFAULT][/lib/usermanagement/usersView.php][18/Jan/18 13:04:04]
[<<][5a609b4481d03249633218][DEFAULT][/lib/usermanagement/usersView.php][18/Jan/18 13:04:04][18/Jan/18 13:04:04][took 0.009803 secs]
[>>][5a609b44845a0231055633][DEFAULT][/lib/usermanagement/usersView.php][18/Jan/18 13:04:04]
	[18/Jan/18 13:04:04][AUDIT][o7eav2p81v20akghmf7175je54][GUI]
		User 'wantunes' was disabled
[<<][5a609b44845a0231055633][DEFAULT][/lib/usermanagement/usersView.php][18/Jan/18 13:04:04][18/Jan/18 13:04:04][took 0.039274 secs]
[<<][5a609b496b64f571445171][DEFAULT][/lib/usermanagement/usersView.php][18/Jan/18 13:04:09][18/Jan/18 13:04:09][took 0.130881 secs]
[>>][5a609b498b7cf583224515][DEFAULT][/lib/usermanagement/usersView.php][18/Jan/18 13:04:09]
[<<][5a609b498b7cf583224515][DEFAULT][/lib/usermanagement/usersView.php][18/Jan/18 13:04:09][18/Jan/18 13:04:09][took 0.009861 secs]
[>>][5a609b498e060713312622][DEFAULT][/lib/usermanagement/usersView.php][18/Jan/18 13:04:09]
	[18/Jan/18 13:04:09][AUDIT][o7eav2p81v20akghmf7175je54][GUI]
		User 'wantunes' was disabled
[<<][5a609b498e060713312622][DEFAULT][/lib/usermanagement/usersView.php][18/Jan/18 13:04:09][18/Jan/18 13:04:09][took 0.028335 secs]
[<<][5a609b4d78314136092661][DEFAULT][/lib/usermanagement/usersEdit.php][18/Jan/18 13:04:13][18/Jan/18 13:04:13][took 0.125404 secs]
[>>][5a609b4d96f6d847828687][DEFAULT][/lib/usermanagement/usersEdit.php][18/Jan/18 13:04:13]
[<<][5a609b4d96f6d847828687][DEFAULT][/lib/usermanagement/usersEdit.php][18/Jan/18 13:04:13][18/Jan/18 13:04:13][took 0.009058 secs]
[>>][5a609b4d994f2113907000][DEFAULT][/lib/usermanagement/usersEdit.php][18/Jan/18 13:04:13]
[<<][5a609b4d994f2113907000][DEFAULT][/lib/usermanagement/usersEdit.php][18/Jan/18 13:04:13][18/Jan/18 13:04:13][took 0.022098 secs]
[<<][5a609b589b04a088299077][DEFAULT][/lib/usermanagement/usersEdit.php][18/Jan/18 13:04:24][18/Jan/18 13:04:24][took 0.118625 secs]
[>>][5a609b58b820f551813665][DEFAULT][/lib/usermanagement/usersEdit.php][18/Jan/18 13:04:24]
[<<][5a609b58b820f551813665][DEFAULT][/lib/usermanagement/usersEdit.php][18/Jan/18 13:04:24][18/Jan/18 13:04:24][took 0.0083220000000001 secs]
[>>][5a609b58ba510302025848][DEFAULT][/lib/usermanagement/usersEdit.php][18/Jan/18 13:04:24]
	[18/Jan/18 13:04:24][AUDIT][o7eav2p81v20akghmf7175je54][GUI]
		User 'wantunes' was saved
[<<][5a609b58ba510302025848][DEFAULT][/lib/usermanagement/usersEdit.php][18/Jan/18 13:04:24][18/Jan/18 13:04:24][took 0.033035 secs]
[<<][5a609b58cea41239536866][DEFAULT][/lib/usermanagement/usersView.php][18/Jan/18 13:04:24][18/Jan/18 13:04:24][took 0.109815 secs]
[>>][5a609b58e9977136954021][DEFAULT][/lib/usermanagement/usersView.php][18/Jan/18 13:04:24]
[<<][5a609b58e9977136954021][DEFAULT][/lib/usermanagement/usersView.php][18/Jan/18 13:04:24][18/Jan/18 13:04:24][took 0.008399 secs]
[>>][5a609b58ebc92432753476][DEFAULT][/lib/usermanagement/usersView.php][18/Jan/18 13:04:24]
[<<][5a609b58ebc92432753476][DEFAULT][/lib/usermanagement/usersView.php][18/Jan/18 13:04:24][18/Jan/18 13:04:24][took 0.01483 secs]
[<<][5a609b5c1d18f762123004][DEFAULT][/logout.php][18/Jan/18 13:04:28][18/Jan/18 13:04:28][took 0.125348 secs]
[>>][5a609b5c3bdd4871370199][DEFAULT][/logout.php][18/Jan/18 13:04:28]
[<<][5a609b5c3bdd4871370199][DEFAULT][/logout.php][18/Jan/18 13:04:28][18/Jan/18 13:04:28][took 0.008922 secs]
[>>][5a609b5c3e353880069962][DEFAULT][/logout.php][18/Jan/18 13:04:28]
	[18/Jan/18 13:04:28][AUDIT][o7eav2p81v20akghmf7175je54][GUI]
		Logout of 'admin'
