	[18/Mar/5 19:12:18][AUDIT][dq65p84ce4jsrsd87kb48ak282][GUI]
		Login for 'Luciano' from '192.168.6.143' succeeded
[<<][5a9d9692c7c45377055718][DEFAULT][/login.php][18/Mar/5 19:12:18][18/Mar/5 19:12:18][took 0.024555 secs]
[<<][5a9d9692dfdcd261000273][DEFAULT][/index.php][18/Mar/5 19:12:18][18/Mar/5 19:12:19][took 0.113506 secs]
[>>][5a9d9693079b4634052264][DEFAULT][/index.php][18/Mar/5 19:12:19]
[<<][5a9d9693079b4634052264][DEFAULT][/index.php][18/Mar/5 19:12:19][18/Mar/5 19:12:19][took 0.007382 secs]
[<<][5a9d969317e5e388430538][DEFAULT][/lib/general/navBar.php][18/Mar/5 19:12:19][18/Mar/5 19:12:19][took 0.087463 secs]
[>>][5a9d96932d5a3245748602][DEFAULT][/lib/general/navBar.php][18/Mar/5 19:12:19]
[<<][5a9d96932d5a3245748602][DEFAULT][/lib/general/navBar.php][18/Mar/5 19:12:19][18/Mar/5 19:12:19][took 0.005091 secs]
[>>][5a9d96932eb7c181957399][DEFAULT][/lib/general/navBar.php][18/Mar/5 19:12:19]
[<<][5a9d96932eb7c181957399][DEFAULT][/lib/general/navBar.php][18/Mar/5 19:12:19][18/Mar/5 19:12:19][took 0.05521 secs]
[<<][5a9d96931b3f7611507947][DEFAULT][/lib/general/mainPage.php][18/Mar/5 19:12:19][18/Mar/5 19:12:19][took 0.171115 secs]
[>>][5a9d96934533c143065055][DEFAULT][/lib/general/mainPage.php][18/Mar/5 19:12:19]
[<<][5a9d96934533c143065055][DEFAULT][/lib/general/mainPage.php][18/Mar/5 19:12:19][18/Mar/5 19:12:19][took 0.005731 secs]
[>>][5a9d969346c01567257873][DEFAULT][/lib/general/mainPage.php][18/Mar/5 19:12:19]
	[18/Mar/5 19:12:19][L18N][dq65p84ce4jsrsd87kb48ak282][GUI]
		string 'system_config' is not localized for locale 'pt_BR'  - using en_GB
	[18/Mar/5 19:12:19][L18N][dq65p84ce4jsrsd87kb48ak282][GUI]
		string 'href_req_monitor_overview' is not localized for locale 'pt_BR'  - using en_GB
[<<][5a9d969346c01567257873][DEFAULT][/lib/general/mainPage.php][18/Mar/5 19:12:19][18/Mar/5 19:12:19][took 0.149616 secs]
[<<][5a9d96b8b1e91702514808][DEFAULT][/lib/general/frmWorkArea.php][18/Mar/5 19:12:56][18/Mar/5 19:12:56][took 0.093774 secs]
[>>][5a9d96b8c8f2d935973715][DEFAULT][/lib/general/frmWorkArea.php][18/Mar/5 19:12:56]
[<<][5a9d96b8c8f2d935973715][DEFAULT][/lib/general/frmWorkArea.php][18/Mar/5 19:12:56][18/Mar/5 19:12:56][took 0.0067560000000001 secs]
[>>][5a9d96b8cac24796226389][DEFAULT][/lib/general/frmWorkArea.php][18/Mar/5 19:12:56]
[<<][5a9d96b8cac24796226389][DEFAULT][/lib/general/frmWorkArea.php][18/Mar/5 19:12:56][18/Mar/5 19:12:56][took 0.072535 secs]
[<<][5a9d96b8e7511984825370][DEFAULT][/lib/results/resultsNavigator.php][18/Mar/5 19:12:56][18/Mar/5 19:12:57][took 0.094087 secs]
[>>][5a9d96b90a483118045840][DEFAULT][/lib/results/resultsNavigator.php][18/Mar/5 19:12:57]
[<<][5a9d96b90a483118045840][DEFAULT][/lib/results/resultsNavigator.php][18/Mar/5 19:12:57][18/Mar/5 19:12:57][took 0.00552 secs]
[>>][5a9d96b90bc7e585129405][DEFAULT][/lib/results/resultsNavigator.php][18/Mar/5 19:12:57]
	[18/Mar/5 19:12:57][L18N][dq65p84ce4jsrsd87kb48ak282][GUI]
		string 'link_report_test_report_on_build' is not localized for locale 'pt_BR'  - using en_GB
	[18/Mar/5 19:12:57][L18N][dq65p84ce4jsrsd87kb48ak282][GUI]
		string 'link_report_test_flat' is not localized for locale 'pt_BR'  - using en_GB
	[18/Mar/5 19:12:57][L18N][dq65p84ce4jsrsd87kb48ak282][GUI]
		string 'format_pseudo_msword' is not localized for locale 'pt_BR'  - using en_GB
[<<][5a9d96b90bc7e585129405][DEFAULT][/lib/results/resultsNavigator.php][18/Mar/5 19:12:57][18/Mar/5 19:12:57][took 0.124681 secs]
[<<][5a9d96b8eb687299517652][DEFAULT][/lib/general/staticPage.php][18/Mar/5 19:12:56][18/Mar/5 19:12:57][took 0.245455 secs]
[>>][5a9d96b93353c030451461][DEFAULT][/lib/general/staticPage.php][18/Mar/5 19:12:57]
[<<][5a9d96b93353c030451461][DEFAULT][/lib/general/staticPage.php][18/Mar/5 19:12:57][18/Mar/5 19:12:57][took 0.005314 secs]
[>>][5a9d96b934c84279468367][DEFAULT][/lib/general/staticPage.php][18/Mar/5 19:12:57]
[<<][5a9d96b934c84279468367][DEFAULT][/lib/general/staticPage.php][18/Mar/5 19:12:57][18/Mar/5 19:12:57][took 0.030564 secs]
[<<][5a9d96b946955644708509][DEFAULT][/lib/general/staticPage.php][18/Mar/5 19:12:57][18/Mar/5 19:12:57][took 0.091371 secs]
[>>][5a9d96b95d07d481235366][DEFAULT][/lib/general/staticPage.php][18/Mar/5 19:12:57]
[<<][5a9d96b95d07d481235366][DEFAULT][/lib/general/staticPage.php][18/Mar/5 19:12:57][18/Mar/5 19:12:57][took 0.005557 secs]
[>>][5a9d96b95e8b6433767424][DEFAULT][/lib/general/staticPage.php][18/Mar/5 19:12:57]
[<<][5a9d96b95e8b6433767424][DEFAULT][/lib/general/staticPage.php][18/Mar/5 19:12:57][18/Mar/5 19:12:57][took 0.027992 secs]
[<<][5a9d96bc5bc63835051200][DEFAULT][/lib/results/resultsByStatus.php][18/Mar/5 19:13:00][18/Mar/5 19:13:00][took 0.097562 secs]
[>>][5a9d96bc73bbc545179731][DEFAULT][/lib/results/resultsByStatus.php][18/Mar/5 19:13:00]
[<<][5a9d96bc73bbc545179731][DEFAULT][/lib/results/resultsByStatus.php][18/Mar/5 19:13:00][18/Mar/5 19:13:00][took 0.005603 secs]
[>>][5a9d96bc75394615906438][DEFAULT][/lib/results/resultsByStatus.php][18/Mar/5 19:13:00]
	[18/Mar/5 19:13:00][L18N][dq65p84ce4jsrsd87kb48ak282][GUI]
		string 'info_only_with_tester_assignment' is not localized for locale 'pt_BR'  - using en_GB
[<<][5a9d96bc75394615906438][DEFAULT][/lib/results/resultsByStatus.php][18/Mar/5 19:13:00][18/Mar/5 19:13:00][took 0.130546 secs]
[<<][5a9d96beaae6a963401840][DEFAULT][/lib/results/resultsNavigator.php][18/Mar/5 19:13:02][18/Mar/5 19:13:02][took 0.089443 secs]
[>>][5a9d96bec0df7540334566][DEFAULT][/lib/results/resultsNavigator.php][18/Mar/5 19:13:02]
[<<][5a9d96bec0df7540334566][DEFAULT][/lib/results/resultsNavigator.php][18/Mar/5 19:13:02][18/Mar/5 19:13:02][took 0.005705 secs]
[>>][5a9d96bec2636084017017][DEFAULT][/lib/results/resultsNavigator.php][18/Mar/5 19:13:02]
[<<][5a9d96bec2636084017017][DEFAULT][/lib/results/resultsNavigator.php][18/Mar/5 19:13:02][18/Mar/5 19:13:02][took 0.107153 secs]
[<<][5a9d96bef264a312877468][DEFAULT][/lib/general/staticPage.php][18/Mar/5 19:13:02][18/Mar/5 19:13:03][took 0.090325 secs]
[>>][5a9d96bf146d1656390141][DEFAULT][/lib/general/staticPage.php][18/Mar/5 19:13:03]
[<<][5a9d96bf146d1656390141][DEFAULT][/lib/general/staticPage.php][18/Mar/5 19:13:03][18/Mar/5 19:13:03][took 0.00586 secs]
[>>][5a9d96bf15fb6086087547][DEFAULT][/lib/general/staticPage.php][18/Mar/5 19:13:03]
[<<][5a9d96bf15fb6086087547][DEFAULT][/lib/general/staticPage.php][18/Mar/5 19:13:03][18/Mar/5 19:13:03][took 0.028865 secs]
[<<][5a9d96c122777780170087][DEFAULT][/lib/results/resultsByStatus.php][18/Mar/5 19:13:05][18/Mar/5 19:13:05][took 0.104054 secs]
[>>][5a9d96c13c048682359457][DEFAULT][/lib/results/resultsByStatus.php][18/Mar/5 19:13:05]
[<<][5a9d96c13c048682359457][DEFAULT][/lib/results/resultsByStatus.php][18/Mar/5 19:13:05][18/Mar/5 19:13:05][took 0.005671 secs]
[>>][5a9d96c13d8be998896458][DEFAULT][/lib/results/resultsByStatus.php][18/Mar/5 19:13:05]
[<<][5a9d96c13d8be998896458][DEFAULT][/lib/results/resultsByStatus.php][18/Mar/5 19:13:05][18/Mar/5 19:13:05][took 0.248347 secs]
