	[18/Mar/19 10:36:02][AUDIT][h54ods37m7mc7rkt4sb6qh6nh4][GUI]
		Login for '2686' from '192.168.17.135' succeeded
[<<][5aaf9292c747d570107079][DEFAULT][/login.php][18/Mar/19 10:36:02][18/Mar/19 10:36:02][took 0.022808 secs]
[<<][5aaf9292d9303324340437][DEFAULT][/index.php][18/Mar/19 10:36:02][18/Mar/19 10:36:03][took 0.122345 secs]
[>>][5aaf9293030c9009363902][DEFAULT][/index.php][18/Mar/19 10:36:03]
[<<][5aaf9293030c9009363902][DEFAULT][/index.php][18/Mar/19 10:36:03][18/Mar/19 10:36:03][took 0.005538 secs]
[<<][5aaf92930f2f9995015917][DEFAULT][/lib/general/navBar.php][18/Mar/19 10:36:03][18/Mar/19 10:36:03][took 0.088984 secs]
[>>][5aaf929325070512574508][DEFAULT][/lib/general/navBar.php][18/Mar/19 10:36:03]
[<<][5aaf929325070512574508][DEFAULT][/lib/general/navBar.php][18/Mar/19 10:36:03][18/Mar/19 10:36:03][took 0.004877 secs]
[>>][5aaf92932656a567917855][DEFAULT][/lib/general/navBar.php][18/Mar/19 10:36:03]
[<<][5aaf92932656a567917855][DEFAULT][/lib/general/navBar.php][18/Mar/19 10:36:03][18/Mar/19 10:36:03][took 0.056334 secs]
[<<][5aaf929310192711116291][DEFAULT][/lib/general/mainPage.php][18/Mar/19 10:36:03][18/Mar/19 10:36:03][took 0.179917 secs]
[>>][5aaf92933c256623847561][DEFAULT][/lib/general/mainPage.php][18/Mar/19 10:36:03]
[<<][5aaf92933c256623847561][DEFAULT][/lib/general/mainPage.php][18/Mar/19 10:36:03][18/Mar/19 10:36:03][took 0.004567 secs]
[>>][5aaf92933d664629361243][DEFAULT][/lib/general/mainPage.php][18/Mar/19 10:36:03]
	[18/Mar/19 10:36:03][L18N][h54ods37m7mc7rkt4sb6qh6nh4][GUI]
		string 'system_config' is not localized for locale 'pt_BR'  - using en_GB
	[18/Mar/19 10:36:03][L18N][h54ods37m7mc7rkt4sb6qh6nh4][GUI]
		string 'href_req_monitor_overview' is not localized for locale 'pt_BR'  - using en_GB
[<<][5aaf92933d664629361243][DEFAULT][/lib/general/mainPage.php][18/Mar/19 10:36:03][18/Mar/19 10:36:03][took 0.098567 secs]
[<<][5aaf92aa98554796369751][DEFAULT][/lib/general/mainPage.php][18/Mar/19 10:36:26][18/Mar/19 10:36:26][took 0.08847 secs]
[>>][5aaf92aaae12c175818611][DEFAULT][/lib/general/mainPage.php][18/Mar/19 10:36:26]
[<<][5aaf92aaae12c175818611][DEFAULT][/lib/general/mainPage.php][18/Mar/19 10:36:26][18/Mar/19 10:36:26][took 0.005185 secs]
[>>][5aaf92aaaf755323457140][DEFAULT][/lib/general/mainPage.php][18/Mar/19 10:36:26]
[<<][5aaf92aaaf755323457140][DEFAULT][/lib/general/mainPage.php][18/Mar/19 10:36:26][18/Mar/19 10:36:26][took 0.084944 secs]
[<<][5aaf92af2b116495106691][DEFAULT][/index.php][18/Mar/19 10:36:31][18/Mar/19 10:36:31][took 0.105981 secs]
[>>][5aaf92af45157940241464][DEFAULT][/index.php][18/Mar/19 10:36:31]
[<<][5aaf92af45157940241464][DEFAULT][/index.php][18/Mar/19 10:36:31][18/Mar/19 10:36:31][took 0.006072 secs]
[<<][5aaf92af55fe4578332933][DEFAULT][/lib/general/mainPage.php][18/Mar/19 10:36:31][18/Mar/19 10:36:31][took 0.070239 secs]
[>>][5aaf92af67469400777416][DEFAULT][/lib/general/mainPage.php][18/Mar/19 10:36:31]
[<<][5aaf92af67469400777416][DEFAULT][/lib/general/mainPage.php][18/Mar/19 10:36:31][18/Mar/19 10:36:31][took 0.004634 secs]
[>>][5aaf92af6881d382340504][DEFAULT][/lib/general/mainPage.php][18/Mar/19 10:36:31]
[<<][5aaf92af6881d382340504][DEFAULT][/lib/general/mainPage.php][18/Mar/19 10:36:31][18/Mar/19 10:36:31][took 0.059191 secs]
[<<][5aaf92af54c5e688899967][DEFAULT][/lib/general/navBar.php][18/Mar/19 10:36:31][18/Mar/19 10:36:31][took 0.171169 secs]
[>>][5aaf92af7eac2196103840][DEFAULT][/lib/general/navBar.php][18/Mar/19 10:36:31]
[<<][5aaf92af7eac2196103840][DEFAULT][/lib/general/navBar.php][18/Mar/19 10:36:31][18/Mar/19 10:36:31][took 0.005093 secs]
[>>][5aaf92af80084428040503][DEFAULT][/lib/general/navBar.php][18/Mar/19 10:36:31]
[<<][5aaf92af80084428040503][DEFAULT][/lib/general/navBar.php][18/Mar/19 10:36:31][18/Mar/19 10:36:31][took 0.050398 secs]
[<<][5aaf92b6c6c73370566018][DEFAULT][/lib/general/frmWorkArea.php][18/Mar/19 10:36:38][18/Mar/19 10:36:38][took 0.090073 secs]
[>>][5aaf92b6dce4a202437294][DEFAULT][/lib/general/frmWorkArea.php][18/Mar/19 10:36:38]
[<<][5aaf92b6dce4a202437294][DEFAULT][/lib/general/frmWorkArea.php][18/Mar/19 10:36:38][18/Mar/19 10:36:38][took 0.0049290000000001 secs]
[>>][5aaf92b6de3da578122892][DEFAULT][/lib/general/frmWorkArea.php][18/Mar/19 10:36:38]
[<<][5aaf92b6de3da578122892][DEFAULT][/lib/general/frmWorkArea.php][18/Mar/19 10:36:38][18/Mar/19 10:36:39][took 0.108535 secs]
[<<][5aaf92b714ac9323607066][DEFAULT][/lib/results/resultsNavigator.php][18/Mar/19 10:36:39][18/Mar/19 10:36:39][took 0.090556 secs]
[>>][5aaf92b72aea7164144933][DEFAULT][/lib/results/resultsNavigator.php][18/Mar/19 10:36:39]
[<<][5aaf92b72aea7164144933][DEFAULT][/lib/results/resultsNavigator.php][18/Mar/19 10:36:39][18/Mar/19 10:36:39][took 0.004844 secs]
[>>][5aaf92b72c38d739479904][DEFAULT][/lib/results/resultsNavigator.php][18/Mar/19 10:36:39]
	[18/Mar/19 10:36:39][L18N][h54ods37m7mc7rkt4sb6qh6nh4][GUI]
		string 'link_report_test_report_on_build' is not localized for locale 'pt_BR'  - using en_GB
	[18/Mar/19 10:36:39][L18N][h54ods37m7mc7rkt4sb6qh6nh4][GUI]
		string 'link_report_test_flat' is not localized for locale 'pt_BR'  - using en_GB
	[18/Mar/19 10:36:39][L18N][h54ods37m7mc7rkt4sb6qh6nh4][GUI]
		string 'format_pseudo_msword' is not localized for locale 'pt_BR'  - using en_GB
[<<][5aaf92b72c38d739479904][DEFAULT][/lib/results/resultsNavigator.php][18/Mar/19 10:36:39][18/Mar/19 10:36:39][took 0.117603 secs]
[<<][5aaf92b716d1c515889249][DEFAULT][/lib/general/staticPage.php][18/Mar/19 10:36:39][18/Mar/19 10:36:39][took 0.244597 secs]
[>>][5aaf92b752a9b348870212][DEFAULT][/lib/general/staticPage.php][18/Mar/19 10:36:39]
[<<][5aaf92b752a9b348870212][DEFAULT][/lib/general/staticPage.php][18/Mar/19 10:36:39][18/Mar/19 10:36:39][took 0.005277 secs]
[>>][5aaf92b75414e253800866][DEFAULT][/lib/general/staticPage.php][18/Mar/19 10:36:39]
[<<][5aaf92b75414e253800866][DEFAULT][/lib/general/staticPage.php][18/Mar/19 10:36:39][18/Mar/19 10:36:39][took 0.028593 secs]
[<<][5aaf92b762a37996789779][DEFAULT][/lib/general/staticPage.php][18/Mar/19 10:36:39][18/Mar/19 10:36:39][took 0.090376 secs]
[>>][5aaf92b778d32435600254][DEFAULT][/lib/general/staticPage.php][18/Mar/19 10:36:39]
[<<][5aaf92b778d32435600254][DEFAULT][/lib/general/staticPage.php][18/Mar/19 10:36:39][18/Mar/19 10:36:39][took 0.004603 secs]
[>>][5aaf92b77a12b433224338][DEFAULT][/lib/general/staticPage.php][18/Mar/19 10:36:39]
[<<][5aaf92b77a12b433224338][DEFAULT][/lib/general/staticPage.php][18/Mar/19 10:36:39][18/Mar/19 10:36:39][took 0.029022 secs]
[<<][5aaf92bc6afc1095873766][DEFAULT][/lib/results/charts.php][18/Mar/19 10:36:44][18/Mar/19 10:36:44][took 0.129579 secs]
[>>][5aaf92bc8ac3d301209155][DEFAULT][/lib/results/charts.php][18/Mar/19 10:36:44]
[<<][5aaf92bc8ac3d301209155][DEFAULT][/lib/results/charts.php][18/Mar/19 10:36:44][18/Mar/19 10:36:44][took 0.005104 secs]
[>>][5aaf92bc8c293882096380][DEFAULT][/lib/results/charts.php][18/Mar/19 10:36:44]
[<<][5aaf92bc8c293882096380][DEFAULT][/lib/results/charts.php][18/Mar/19 10:36:44][18/Mar/19 10:36:44][took 0.092215 secs]
[<<][5aaf92bcb362f428842668][DEFAULT][/lib/results/keywordBarChart.php][18/Mar/19 10:36:44][18/Mar/19 10:36:44][took 0.12931 secs]
[>>][5aaf92bcd318f276237703][DEFAULT][/lib/results/keywordBarChart.php][18/Mar/19 10:36:44]
[<<][5aaf92bcd318f276237703][DEFAULT][/lib/results/keywordBarChart.php][18/Mar/19 10:36:44][18/Mar/19 10:36:44][took 0.106313 secs]
[<<][5aaf92bcb45e9572167748][DEFAULT][/lib/results/topLevelSuitesBarChart.php][18/Mar/19 10:36:44][18/Mar/19 10:36:45][took 0.304287 secs]
[>>][5aaf92bd0aabb548888504][DEFAULT][/lib/results/topLevelSuitesBarChart.php][18/Mar/19 10:36:45]
[<<][5aaf92bd0aabb548888504][DEFAULT][/lib/results/topLevelSuitesBarChart.php][18/Mar/19 10:36:45][18/Mar/19 10:36:45][took 0.631174 secs]
[<<][5aaf92bcb359c866613882][DEFAULT][/lib/results/overallPieChart.php][18/Mar/19 10:36:44][18/Mar/19 10:36:45][took 0.974043 secs]
[>>][5aaf92bdad276238757509][DEFAULT][/lib/results/overallPieChart.php][18/Mar/19 10:36:45]
[<<][5aaf92bdad276238757509][DEFAULT][/lib/results/overallPieChart.php][18/Mar/19 10:36:45][18/Mar/19 10:36:46][took 0.313054 secs]
[<<][5aaf92ead8a0d963208509][DEFAULT][/lib/results/resultsTC.php][18/Mar/19 10:37:30][18/Mar/19 10:37:30][took 0.112995 secs]
[>>][5aaf92eb0036d536521329][DEFAULT][/lib/results/resultsTC.php][18/Mar/19 10:37:30]
[<<][5aaf92eb0036d536521329][DEFAULT][/lib/results/resultsTC.php][18/Mar/19 10:37:30][18/Mar/19 10:37:31][took 0.004894 secs]
[>>][5aaf92eb018d4374740995][DEFAULT][/lib/results/resultsTC.php][18/Mar/19 10:37:31]
	[18/Mar/19 10:37:31][L18N][h54ods37m7mc7rkt4sb6qh6nh4][GUI]
		string 'test_result_matrix_filters' is not localized for locale 'pt_BR'  - using en_GB
	[18/Mar/19 10:37:31][L18N][h54ods37m7mc7rkt4sb6qh6nh4][GUI]
		string 'too_much_data' is not localized for locale 'pt_BR'  - using en_GB
	[18/Mar/19 10:37:31][L18N][h54ods37m7mc7rkt4sb6qh6nh4][GUI]
		string 'too_much_builds' is not localized for locale 'pt_BR'  - using en_GB
	[18/Mar/19 10:37:31][L18N][h54ods37m7mc7rkt4sb6qh6nh4][GUI]
		string 'active_builds' is not localized for locale 'pt_BR'  - using en_GB
	[18/Mar/19 10:37:31][L18N][h54ods37m7mc7rkt4sb6qh6nh4][GUI]
		string 'all_active_builds' is not localized for locale 'pt_BR'  - using en_GB
	[18/Mar/19 10:37:31][L18N][h54ods37m7mc7rkt4sb6qh6nh4][GUI]
		string 'release_date_start' is not localized for locale 'pt_BR'  - using en_GB
	[18/Mar/19 10:37:31][L18N][h54ods37m7mc7rkt4sb6qh6nh4][GUI]
		string 'release_date_end' is not localized for locale 'pt_BR'  - using en_GB
[<<][5aaf92eb018d4374740995][DEFAULT][/lib/results/resultsTC.php][18/Mar/19 10:37:31][18/Mar/19 10:37:31][took 0.120864 secs]
[<<][5aaf92f3be8a1325720033][DEFAULT][/lib/results/resultsByTesterPerBuild.php][18/Mar/19 10:37:39][18/Mar/19 10:37:39][took 0.08734 secs]
[>>][5aaf92f3d3fd0686483105][DEFAULT][/lib/results/resultsByTesterPerBuild.php][18/Mar/19 10:37:39]
[<<][5aaf92f3d3fd0686483105][DEFAULT][/lib/results/resultsByTesterPerBuild.php][18/Mar/19 10:37:39][18/Mar/19 10:37:39][took 0.0047469999999999 secs]
[>>][5aaf92f3d5462926531706][DEFAULT][/lib/results/resultsByTesterPerBuild.php][18/Mar/19 10:37:39]
[<<][5aaf92f3d5462926531706][DEFAULT][/lib/results/resultsByTesterPerBuild.php][18/Mar/19 10:37:39][18/Mar/19 10:37:40][took 0.137773 secs]
[<<][5aaf92ff943cf178846434][DEFAULT][/lib/results/resultsByTesterPerBuild.php][18/Mar/19 10:37:51][18/Mar/19 10:37:51][took 0.088321 secs]
[>>][5aaf92ffa9eea132768985][DEFAULT][/lib/results/resultsByTesterPerBuild.php][18/Mar/19 10:37:51]
[<<][5aaf92ffa9eea132768985][DEFAULT][/lib/results/resultsByTesterPerBuild.php][18/Mar/19 10:37:51][18/Mar/19 10:37:51][took 0.004123 secs]
[>>][5aaf92ffab0e6853448534][DEFAULT][/lib/results/resultsByTesterPerBuild.php][18/Mar/19 10:37:51]
[<<][5aaf92ffab0e6853448534][DEFAULT][/lib/results/resultsByTesterPerBuild.php][18/Mar/19 10:37:51][18/Mar/19 10:37:51][took 0.141113 secs]
[<<][5aaf9307bc05f052242103][DEFAULT][/lib/results/resultsTCFlat.php][18/Mar/19 10:37:59][18/Mar/19 10:37:59][took 0.119234 secs]
[>>][5aaf9307d9484517799335][DEFAULT][/lib/results/resultsTCFlat.php][18/Mar/19 10:37:59]
[<<][5aaf9307d9484517799335][DEFAULT][/lib/results/resultsTCFlat.php][18/Mar/19 10:37:59][18/Mar/19 10:37:59][took 0.0042709999999999 secs]
[>>][5aaf9307da745155361883][DEFAULT][/lib/results/resultsTCFlat.php][18/Mar/19 10:37:59]
	[18/Mar/19 10:37:59][L18N][h54ods37m7mc7rkt4sb6qh6nh4][GUI]
		string 'test_result_flat_filters' is not localized for locale 'pt_BR'  - using en_GB
[<<][5aaf9307da745155361883][DEFAULT][/lib/results/resultsTCFlat.php][18/Mar/19 10:37:59][18/Mar/19 10:37:59][took 0.079623 secs]
[<<][5aaf930e4d488222494191][DEFAULT][/lib/results/resultsByTesterPerBuild.php][18/Mar/19 10:38:06][18/Mar/19 10:38:06][took 0.091999 secs]
[>>][5aaf930e63e14039535097][DEFAULT][/lib/results/resultsByTesterPerBuild.php][18/Mar/19 10:38:06]
[<<][5aaf930e63e14039535097][DEFAULT][/lib/results/resultsByTesterPerBuild.php][18/Mar/19 10:38:06][18/Mar/19 10:38:06][took 0.004894 secs]
[>>][5aaf930e65348873250600][DEFAULT][/lib/results/resultsByTesterPerBuild.php][18/Mar/19 10:38:06]
[<<][5aaf930e65348873250600][DEFAULT][/lib/results/resultsByTesterPerBuild.php][18/Mar/19 10:38:06][18/Mar/19 10:38:06][took 0.14221 secs]
[<<][5aaf931710f75933374342][DEFAULT][/lib/results/printDocOptions.php][18/Mar/19 10:38:15][18/Mar/19 10:38:15][took 0.091619 secs]
[>>][5aaf931727762691886516][DEFAULT][/lib/results/printDocOptions.php][18/Mar/19 10:38:15]
[<<][5aaf931727762691886516][DEFAULT][/lib/results/printDocOptions.php][18/Mar/19 10:38:15][18/Mar/19 10:38:15][took 0.003961 secs]
[>>][5aaf9317288a9566319025][DEFAULT][/lib/results/printDocOptions.php][18/Mar/19 10:38:15]
	[18/Mar/19 10:38:15][L18N][h54ods37m7mc7rkt4sb6qh6nh4][GUI]
		string 'builds' is not localized for locale 'pt_BR'  - using en_GB
	[18/Mar/19 10:38:15][L18N][h54ods37m7mc7rkt4sb6qh6nh4][GUI]
		string 'onlywithuser' is not localized for locale 'pt_BR'  - using en_GB
[<<][5aaf9317288a9566319025][DEFAULT][/lib/results/printDocOptions.php][18/Mar/19 10:38:15][18/Mar/19 10:38:15][took 0.337153 secs]
[<<][5aaf931feda17588456688][DEFAULT][/lib/results/printDocOptions.php][18/Mar/19 10:38:23][18/Mar/19 10:38:24][took 0.085063 secs]
[>>][5aaf93200e5fe194081478][DEFAULT][/lib/results/printDocOptions.php][18/Mar/19 10:38:24]
[<<][5aaf93200e5fe194081478][DEFAULT][/lib/results/printDocOptions.php][18/Mar/19 10:38:24][18/Mar/19 10:38:24][took 0.004849 secs]
[>>][5aaf93200fb48648909789][DEFAULT][/lib/results/printDocOptions.php][18/Mar/19 10:38:24]
	[18/Mar/19 10:38:24][L18N][h54ods37m7mc7rkt4sb6qh6nh4][GUI]
		string 'opt_show_tcstep_exec_notes' is not localized for locale 'pt_BR'  - using en_GB
	[18/Mar/19 10:38:24][L18N][h54ods37m7mc7rkt4sb6qh6nh4][GUI]
		string 'opt_show_tcstep_exec_status' is not localized for locale 'pt_BR'  - using en_GB
	[18/Mar/19 10:38:24][L18N][h54ods37m7mc7rkt4sb6qh6nh4][GUI]
		string 'opt_show_build_cfields' is not localized for locale 'pt_BR'  - using en_GB
[<<][5aaf93200fb48648909789][DEFAULT][/lib/results/printDocOptions.php][18/Mar/19 10:38:24][18/Mar/19 10:38:24][took 0.316159 secs]
[<<][5aaf93283396f867669246][DEFAULT][/lib/results/printDocOptions.php][18/Mar/19 10:38:32][18/Mar/19 10:38:32][took 0.091329 secs]
[>>][5aaf93284a06b470784473][DEFAULT][/lib/results/printDocOptions.php][18/Mar/19 10:38:32]
[<<][5aaf93284a06b470784473][DEFAULT][/lib/results/printDocOptions.php][18/Mar/19 10:38:32][18/Mar/19 10:38:32][took 0.005211 secs]
[>>][5aaf93284b6d1861160599][DEFAULT][/lib/results/printDocOptions.php][18/Mar/19 10:38:32]
	[18/Mar/19 10:38:32][L18N][h54ods37m7mc7rkt4sb6qh6nh4][GUI]
		string 'test_report_on_build' is not localized for locale 'pt_BR'  - using en_GB
[<<][5aaf93284b6d1861160599][DEFAULT][/lib/results/printDocOptions.php][18/Mar/19 10:38:32][18/Mar/19 10:38:32][took 0.360716 secs]
[<<][5aaf932bb6c51877808247][DEFAULT][/lib/results/printDocOptions.php][18/Mar/19 10:38:35][18/Mar/19 10:38:35][took 0.086274 secs]
[>>][5aaf932bcbf92281272321][DEFAULT][/lib/results/printDocOptions.php][18/Mar/19 10:38:35]
[<<][5aaf932bcbf92281272321][DEFAULT][/lib/results/printDocOptions.php][18/Mar/19 10:38:35][18/Mar/19 10:38:35][took 0.005051 secs]
[>>][5aaf932bcd553405317202][DEFAULT][/lib/results/printDocOptions.php][18/Mar/19 10:38:35]
[<<][5aaf932bcd553405317202][DEFAULT][/lib/results/printDocOptions.php][18/Mar/19 10:38:35][18/Mar/19 10:38:36][took 0.319218 secs]
[<<][5aaf932f82033379050092][DEFAULT][/lib/results/resultsGeneral.php][18/Mar/19 10:38:39][18/Mar/19 10:38:39][took 0.090747 secs]
[>>][5aaf932f984dd725625774][DEFAULT][/lib/results/resultsGeneral.php][18/Mar/19 10:38:39]
[<<][5aaf932f984dd725625774][DEFAULT][/lib/results/resultsGeneral.php][18/Mar/19 10:38:39][18/Mar/19 10:38:39][took 0.005607 secs]
[>>][5aaf932f99cff783342705][DEFAULT][/lib/results/resultsGeneral.php][18/Mar/19 10:38:39]
[<<][5aaf932f99cff783342705][DEFAULT][/lib/results/resultsGeneral.php][18/Mar/19 10:38:39][18/Mar/19 10:38:40][took 0.399199 secs]
[<<][5aafa2fc93800983773944][DEFAULT][/lib/results/charts.php][18/Mar/19 11:46:04][18/Mar/19 11:46:04][took 0.166882 secs]
[>>][5aafa2fcbc705070616852][DEFAULT][/lib/results/charts.php][18/Mar/19 11:46:04]
[<<][5aafa2fcbc705070616852][DEFAULT][/lib/results/charts.php][18/Mar/19 11:46:04][18/Mar/19 11:46:04][took 0.007867 secs]
[>>][5aafa2fcbe898342962462][DEFAULT][/lib/results/charts.php][18/Mar/19 11:46:04]
[<<][5aafa2fcbe898342962462][DEFAULT][/lib/results/charts.php][18/Mar/19 11:46:04][18/Mar/19 11:46:04][took 0.085924 secs]
[<<][5aafa2fce7de3185405144][DEFAULT][/lib/results/keywordBarChart.php][18/Mar/19 11:46:04][18/Mar/19 11:46:05][took 0.154239 secs]
[>>][5aafa2fd198b4886967508][DEFAULT][/lib/results/keywordBarChart.php][18/Mar/19 11:46:05]
[<<][5aafa2fd198b4886967508][DEFAULT][/lib/results/keywordBarChart.php][18/Mar/19 11:46:05][18/Mar/19 11:46:05][took 0.106973 secs]
[<<][5aafa2fce6836030470473][DEFAULT][/lib/results/overallPieChart.php][18/Mar/19 11:46:04][18/Mar/19 11:46:05][took 0.319242 secs]
[>>][5aafa2fd407a3047392079][DEFAULT][/lib/results/overallPieChart.php][18/Mar/19 11:46:05]
[<<][5aafa2fd407a3047392079][DEFAULT][/lib/results/overallPieChart.php][18/Mar/19 11:46:05][18/Mar/19 11:46:05][took 0.330688 secs]
[<<][5aafa2fcea8a5957030295][DEFAULT][/lib/results/topLevelSuitesBarChart.php][18/Mar/19 11:46:04][18/Mar/19 11:46:05][took 0.706093 secs]
[>>][5aafa2fda2f0c981261128][DEFAULT][/lib/results/topLevelSuitesBarChart.php][18/Mar/19 11:46:05]
[<<][5aafa2fda2f0c981261128][DEFAULT][/lib/results/topLevelSuitesBarChart.php][18/Mar/19 11:46:05][18/Mar/19 11:46:06][took 0.625951 secs]
[<<][5aafa5897a801564481102][DEFAULT][/lib/results/printDocOptions.php][18/Mar/19 11:56:57][18/Mar/19 11:56:57][took 0.091134 secs]
[>>][5aafa58990e4b346410663][DEFAULT][/lib/results/printDocOptions.php][18/Mar/19 11:56:57]
[<<][5aafa58990e4b346410663][DEFAULT][/lib/results/printDocOptions.php][18/Mar/19 11:56:57][18/Mar/19 11:56:57][took 0.0055139999999999 secs]
[>>][5aafa589925d3697212697][DEFAULT][/lib/results/printDocOptions.php][18/Mar/19 11:56:57]
[<<][5aafa589925d3697212697][DEFAULT][/lib/results/printDocOptions.php][18/Mar/19 11:56:57][18/Mar/19 11:56:57][took 0.323898 secs]
[<<][5aafa58c5790e152612319][DEFAULT][/lib/results/resultsGeneral.php][18/Mar/19 11:57:00][18/Mar/19 11:57:00][took 0.088189 secs]
[>>][5aafa58c6d394050493532][DEFAULT][/lib/results/resultsGeneral.php][18/Mar/19 11:57:00]
[<<][5aafa58c6d394050493532][DEFAULT][/lib/results/resultsGeneral.php][18/Mar/19 11:57:00][18/Mar/19 11:57:00][took 0.005244 secs]
[>>][5aafa58c6e9fc528817559][DEFAULT][/lib/results/resultsGeneral.php][18/Mar/19 11:57:00]
[<<][5aafa58c6e9fc528817559][DEFAULT][/lib/results/resultsGeneral.php][18/Mar/19 11:57:00][18/Mar/19 11:57:00][took 0.395887 secs]
	[18/Mar/20 18:10:59][AUDIT][9b8b2edbtie9osabfr3bbul3k6][GUI]
		Login for '2686' from '192.168.17.135' succeeded
[<<][5ab14eb3574c3991026236][DEFAULT][/login.php][18/Mar/20 18:10:59][18/Mar/20 18:10:59][took 0.022364 secs]
[<<][5ab14eb369514348483240][DEFAULT][/index.php][18/Mar/20 18:10:59][18/Mar/20 18:10:59][took 0.109073 secs]
[>>][5ab14eb384142919487002][DEFAULT][/index.php][18/Mar/20 18:10:59]
[<<][5ab14eb384142919487002][DEFAULT][/index.php][18/Mar/20 18:10:59][18/Mar/20 18:10:59][took 0.005426 secs]
[<<][5ab14eb38fcf1838657174][DEFAULT][/lib/general/navBar.php][18/Mar/20 18:10:59][18/Mar/20 18:10:59][took 0.083609 secs]
[>>][5ab14eb3a45ac903852117][DEFAULT][/lib/general/navBar.php][18/Mar/20 18:10:59]
[<<][5ab14eb3a45ac903852117][DEFAULT][/lib/general/navBar.php][18/Mar/20 18:10:59][18/Mar/20 18:10:59][took 0.004955 secs]
[>>][5ab14eb3a5b0f912311047][DEFAULT][/lib/general/navBar.php][18/Mar/20 18:10:59]
[<<][5ab14eb3a5b0f912311047][DEFAULT][/lib/general/navBar.php][18/Mar/20 18:10:59][18/Mar/20 18:10:59][took 0.052954 secs]
[<<][5ab14eb390db0344098323][DEFAULT][/lib/general/mainPage.php][18/Mar/20 18:10:59][18/Mar/20 18:10:59][took 0.173112 secs]
[>>][5ab14eb3bb3dd351487984][DEFAULT][/lib/general/mainPage.php][18/Mar/20 18:10:59]
[<<][5ab14eb3bb3dd351487984][DEFAULT][/lib/general/mainPage.php][18/Mar/20 18:10:59][18/Mar/20 18:10:59][took 0.0052449999999999 secs]
[>>][5ab14eb3bca87552769539][DEFAULT][/lib/general/mainPage.php][18/Mar/20 18:10:59]
	[18/Mar/20 18:10:59][L18N][9b8b2edbtie9osabfr3bbul3k6][GUI]
		string 'system_config' is not localized for locale 'pt_BR'  - using en_GB
	[18/Mar/20 18:10:59][L18N][9b8b2edbtie9osabfr3bbul3k6][GUI]
		string 'href_req_monitor_overview' is not localized for locale 'pt_BR'  - using en_GB
[<<][5ab14eb3bca87552769539][DEFAULT][/lib/general/mainPage.php][18/Mar/20 18:10:59][18/Mar/20 18:10:59][took 0.11007 secs]
[<<][5ab14ec6148b4446545858][DEFAULT][/index.php][18/Mar/20 18:11:18][18/Mar/20 18:11:18][took 0.126771 secs]
[>>][5ab14ec633a5e510713136][DEFAULT][/index.php][18/Mar/20 18:11:18]
[<<][5ab14ec633a5e510713136][DEFAULT][/index.php][18/Mar/20 18:11:18][18/Mar/20 18:11:18][took 0.005781 secs]
[<<][5ab14ec644f49288506768][DEFAULT][/lib/general/navBar.php][18/Mar/20 18:11:18][18/Mar/20 18:11:18][took 0.083409 secs]
[>>][5ab14ec659718995828525][DEFAULT][/lib/general/navBar.php][18/Mar/20 18:11:18]
[<<][5ab14ec659718995828525][DEFAULT][/lib/general/navBar.php][18/Mar/20 18:11:18][18/Mar/20 18:11:18][took 0.004954 secs]
[>>][5ab14ec65ac64330305613][DEFAULT][/lib/general/navBar.php][18/Mar/20 18:11:18]
[<<][5ab14ec65ac64330305613][DEFAULT][/lib/general/navBar.php][18/Mar/20 18:11:18][18/Mar/20 18:11:18][took 0.05137 secs]
[<<][5ab14ec645d93533492802][DEFAULT][/lib/general/mainPage.php][18/Mar/20 18:11:18][18/Mar/20 18:11:18][took 0.170636 secs]
[>>][5ab14ec66fa29325704414][DEFAULT][/lib/general/mainPage.php][18/Mar/20 18:11:18]
[<<][5ab14ec66fa29325704414][DEFAULT][/lib/general/mainPage.php][18/Mar/20 18:11:18][18/Mar/20 18:11:18][took 0.005036 secs]
[>>][5ab14ec670fce319631107][DEFAULT][/lib/general/mainPage.php][18/Mar/20 18:11:18]
[<<][5ab14ec670fce319631107][DEFAULT][/lib/general/mainPage.php][18/Mar/20 18:11:18][18/Mar/20 18:11:18][took 0.084385 secs]
	[18/Apr/2 19:22:48][AUDIT][364qgbe54aqiorfgp92rura771][GUI]
		Login for '2686' from '192.168.17.173' succeeded
[<<][5ac2830880f35241725403][DEFAULT][/login.php][18/Apr/2 19:22:48][18/Apr/2 19:22:48][took 0.018799 secs]
[<<][5ac28308967f5316951775][DEFAULT][/index.php][18/Apr/2 19:22:48][18/Apr/2 19:22:48][took 0.090502 secs]
[>>][5ac28308acafb908994352][DEFAULT][/index.php][18/Apr/2 19:22:48]
[<<][5ac28308acafb908994352][DEFAULT][/index.php][18/Apr/2 19:22:48][18/Apr/2 19:22:48][took 0.004314 secs]
[<<][5ac28308ba5a7497454318][DEFAULT][/lib/general/mainPage.php][18/Apr/2 19:22:48][18/Apr/2 19:22:48][took 0.083412 secs]
[>>][5ac28308ced1e263467438][DEFAULT][/lib/general/mainPage.php][18/Apr/2 19:22:48]
[<<][5ac28308ced1e263467438][DEFAULT][/lib/general/mainPage.php][18/Apr/2 19:22:48][18/Apr/2 19:22:48][took 0.005252 secs]
[>>][5ac28308d036d902284792][DEFAULT][/lib/general/mainPage.php][18/Apr/2 19:22:48]
	[18/Apr/2 19:22:48][L18N][364qgbe54aqiorfgp92rura771][GUI]
		string 'system_config' is not localized for locale 'pt_BR'  - using en_GB
	[18/Apr/2 19:22:48][L18N][364qgbe54aqiorfgp92rura771][GUI]
		string 'href_req_monitor_overview' is not localized for locale 'pt_BR'  - using en_GB
[<<][5ac28308d036d902284792][DEFAULT][/lib/general/mainPage.php][18/Apr/2 19:22:48][18/Apr/2 19:22:48][took 0.105388 secs]
[<<][5ac28308ba364613197180][DEFAULT][/lib/general/navBar.php][18/Apr/2 19:22:48][18/Apr/2 19:22:48][took 0.237684 secs]
[>>][5ac2830900343823340550][DEFAULT][/lib/general/navBar.php][18/Apr/2 19:22:48]
[<<][5ac2830900343823340550][DEFAULT][/lib/general/navBar.php][18/Apr/2 19:22:48][18/Apr/2 19:22:49][took 0.005708 secs]
[>>][5ac2830901b19991153677][DEFAULT][/lib/general/navBar.php][18/Apr/2 19:22:49]
[<<][5ac2830901b19991153677][DEFAULT][/lib/general/navBar.php][18/Apr/2 19:22:49][18/Apr/2 19:22:49][took 0.055822 secs]
[<<][5ac283104e4ad275783158][DEFAULT][/lib/general/frmWorkArea.php][18/Apr/2 19:22:56][18/Apr/2 19:22:56][took 0.122884 secs]
[>>][5ac283106c6a4922006330][DEFAULT][/lib/general/frmWorkArea.php][18/Apr/2 19:22:56]
[<<][5ac283106c6a4922006330][DEFAULT][/lib/general/frmWorkArea.php][18/Apr/2 19:22:56][18/Apr/2 19:22:56][took 0.004599 secs]
[>>][5ac283106da06548743935][DEFAULT][/lib/general/frmWorkArea.php][18/Apr/2 19:22:56]
[<<][5ac283106da06548743935][DEFAULT][/lib/general/frmWorkArea.php][18/Apr/2 19:22:56][18/Apr/2 19:22:56][took 0.083698 secs]
[<<][5ac283108d5da316413681][DEFAULT][/lib/results/resultsNavigator.php][18/Apr/2 19:22:56][18/Apr/2 19:22:56][took 0.070687 secs]
[>>][5ac283109ebe2959991521][DEFAULT][/lib/results/resultsNavigator.php][18/Apr/2 19:22:56]
[<<][5ac283109ebe2959991521][DEFAULT][/lib/results/resultsNavigator.php][18/Apr/2 19:22:56][18/Apr/2 19:22:56][took 0.0054369999999999 secs]
[>>][5ac28310a02d1953132932][DEFAULT][/lib/results/resultsNavigator.php][18/Apr/2 19:22:56]
	[18/Apr/2 19:22:56][L18N][364qgbe54aqiorfgp92rura771][GUI]
		string 'link_report_test_report_on_build' is not localized for locale 'pt_BR'  - using en_GB
	[18/Apr/2 19:22:56][L18N][364qgbe54aqiorfgp92rura771][GUI]
		string 'link_report_test_flat' is not localized for locale 'pt_BR'  - using en_GB
	[18/Apr/2 19:22:56][L18N][364qgbe54aqiorfgp92rura771][GUI]
		string 'format_pseudo_msword' is not localized for locale 'pt_BR'  - using en_GB
[<<][5ac28310a02d1953132932][DEFAULT][/lib/results/resultsNavigator.php][18/Apr/2 19:22:56][18/Apr/2 19:22:56][took 0.094695 secs]
[<<][5ac283108d753964278057][DEFAULT][/lib/general/staticPage.php][18/Apr/2 19:22:56][18/Apr/2 19:22:56][took 0.201385 secs]
[>>][5ac28310beb7c574370041][DEFAULT][/lib/general/staticPage.php][18/Apr/2 19:22:56]
[<<][5ac28310beb7c574370041][DEFAULT][/lib/general/staticPage.php][18/Apr/2 19:22:56][18/Apr/2 19:22:56][took 0.00424 secs]
[>>][5ac28310bfda0057493507][DEFAULT][/lib/general/staticPage.php][18/Apr/2 19:22:56]
[<<][5ac28310bfda0057493507][DEFAULT][/lib/general/staticPage.php][18/Apr/2 19:22:56][18/Apr/2 19:22:56][took 0.022183 secs]
[<<][5ac28310d23e2198450899][DEFAULT][/lib/general/staticPage.php][18/Apr/2 19:22:56][18/Apr/2 19:22:56][took 0.073367 secs]
[>>][5ac28310e443a780404013][DEFAULT][/lib/general/staticPage.php][18/Apr/2 19:22:56]
[<<][5ac28310e443a780404013][DEFAULT][/lib/general/staticPage.php][18/Apr/2 19:22:56][18/Apr/2 19:22:56][took 0.0044999999999999 secs]
[>>][5ac28310e5792237076043][DEFAULT][/lib/general/staticPage.php][18/Apr/2 19:22:56]
[<<][5ac28310e5792237076043][DEFAULT][/lib/general/staticPage.php][18/Apr/2 19:22:56][18/Apr/2 19:22:56][took 0.027642 secs]
[<<][5ac28315d57e4672151304][DEFAULT][/lib/results/resultsTCFlat.php][18/Apr/2 19:23:01][18/Apr/2 19:23:02][took 0.160622 secs]
[>>][5ac2831608bed565283753][DEFAULT][/lib/results/resultsTCFlat.php][18/Apr/2 19:23:02]
[<<][5ac2831608bed565283753][DEFAULT][/lib/results/resultsTCFlat.php][18/Apr/2 19:23:02][18/Apr/2 19:23:02][took 0.008554 secs]
[>>][5ac283160afa5539276055][DEFAULT][/lib/results/resultsTCFlat.php][18/Apr/2 19:23:02]
	[18/Apr/2 19:23:02][L18N][364qgbe54aqiorfgp92rura771][GUI]
		string 'test_result_flat_filters' is not localized for locale 'pt_BR'  - using en_GB
	[18/Apr/2 19:23:02][L18N][364qgbe54aqiorfgp92rura771][GUI]
		string 'too_much_data' is not localized for locale 'pt_BR'  - using en_GB
	[18/Apr/2 19:23:02][L18N][364qgbe54aqiorfgp92rura771][GUI]
		string 'too_much_builds' is not localized for locale 'pt_BR'  - using en_GB
	[18/Apr/2 19:23:02][L18N][364qgbe54aqiorfgp92rura771][GUI]
		string 'active_builds' is not localized for locale 'pt_BR'  - using en_GB
	[18/Apr/2 19:23:02][L18N][364qgbe54aqiorfgp92rura771][GUI]
		string 'all_active_builds' is not localized for locale 'pt_BR'  - using en_GB
	[18/Apr/2 19:23:02][L18N][364qgbe54aqiorfgp92rura771][GUI]
		string 'release_date_start' is not localized for locale 'pt_BR'  - using en_GB
	[18/Apr/2 19:23:02][L18N][364qgbe54aqiorfgp92rura771][GUI]
		string 'release_date_end' is not localized for locale 'pt_BR'  - using en_GB
[<<][5ac283160afa5539276055][DEFAULT][/lib/results/resultsTCFlat.php][18/Apr/2 19:23:02][18/Apr/2 19:23:02][took 0.139 secs]
[<<][5ac283199db1e558657606][DEFAULT][/lib/results/printDocOptions.php][18/Apr/2 19:23:05][18/Apr/2 19:23:05][took 0.131345 secs]
[>>][5ac28319bde94929810169][DEFAULT][/lib/results/printDocOptions.php][18/Apr/2 19:23:05]
[<<][5ac28319bde94929810169][DEFAULT][/lib/results/printDocOptions.php][18/Apr/2 19:23:05][18/Apr/2 19:23:05][took 0.007054 secs]
[>>][5ac28319bfc78770392199][DEFAULT][/lib/results/printDocOptions.php][18/Apr/2 19:23:05]
	[18/Apr/2 19:23:06][L18N][364qgbe54aqiorfgp92rura771][GUI]
		string 'builds' is not localized for locale 'pt_BR'  - using en_GB
	[18/Apr/2 19:23:06][L18N][364qgbe54aqiorfgp92rura771][GUI]
		string 'onlywithuser' is not localized for locale 'pt_BR'  - using en_GB
[<<][5ac28319bfc78770392199][DEFAULT][/lib/results/printDocOptions.php][18/Apr/2 19:23:05][18/Apr/2 19:23:06][took 0.405325 secs]
[<<][5ac2831fc42ab724318977][DEFAULT][/lib/results/printDocument.php][18/Apr/2 19:23:11][18/Apr/2 19:23:11][took 0.142764 secs]
[>>][5ac2831fe723b249703500][DEFAULT][/lib/results/printDocument.php][18/Apr/2 19:23:11]
[<<][5ac2831fe723b249703500][DEFAULT][/lib/results/printDocument.php][18/Apr/2 19:23:11][18/Apr/2 19:23:11][took 0.0042390000000001 secs]
[>>][5ac2831fe8445241367871][DEFAULT][/lib/results/printDocument.php][18/Apr/2 19:23:11]
	[18/Apr/2 19:23:11][L18N][364qgbe54aqiorfgp92rura771][GUI]
		string 'report_test_plan_design' is not localized for locale 'pt_BR'  - using en_GB
	[18/Apr/2 19:23:12][WARNING][364qgbe54aqiorfgp92rura771][GUI]
		E_WARNING
array_merge(): Argument #2 is not an array - in /var/www/html/testlink/lib/results/printDocument.php - Line 139
	[18/Apr/2 19:23:12][L18N][364qgbe54aqiorfgp92rura771][GUI]
		string 'report_exec_result' is not localized for locale 'pt_BR'  - using en_GB
	[18/Apr/2 19:23:12][L18N][364qgbe54aqiorfgp92rura771][GUI]
		string 'execution_details' is not localized for locale 'pt_BR'  - using en_GB
	[18/Apr/2 19:23:12][L18N][364qgbe54aqiorfgp92rura771][GUI]
		string 'execution_mode' is not localized for locale 'pt_BR'  - using en_GB
	[18/Apr/2 19:23:12][L18N][364qgbe54aqiorfgp92rura771][GUI]
		string 'step' is not localized for locale 'pt_BR'  - using en_GB
	[18/Apr/2 19:23:12][L18N][364qgbe54aqiorfgp92rura771][GUI]
		string 'estimated_execution_duration' is not localized for locale 'pt_BR'  - using en_GB
	[18/Apr/2 19:23:12][L18N][364qgbe54aqiorfgp92rura771][GUI]
		string 'step_exec_notes' is not localized for locale 'pt_BR'  - using en_GB
	[18/Apr/2 19:23:12][L18N][364qgbe54aqiorfgp92rura771][GUI]
		string 'step_exec_status' is not localized for locale 'pt_BR'  - using en_GB
	[18/Apr/2 19:23:12][L18N][364qgbe54aqiorfgp92rura771][GUI]
		string 'exec_attachments' is not localized for locale 'pt_BR'  - using en_GB
	[18/Apr/2 19:23:12][L18N][364qgbe54aqiorfgp92rura771][GUI]
		string 'execution_duration' is not localized for locale 'pt_BR'  - using en_GB
	[18/Apr/2 19:23:12][L18N][364qgbe54aqiorfgp92rura771][GUI]
		string 'unable_to_render_ghost' is not localized for locale 'pt_BR'  - using en_GB
	[18/Apr/2 19:23:13][L18N][364qgbe54aqiorfgp92rura771][GUI]
		string 'execution_time_metrics' is not localized for locale 'pt_BR'  - using en_GB
[<<][5ac2831fe8445241367871][DEFAULT][/lib/results/printDocument.php][18/Apr/2 19:23:11][18/Apr/2 19:23:13][took 1.42248 secs]
[<<][5ac28328ebf04546702883][DEFAULT][/lib/results/charts.php][18/Apr/2 19:23:20][18/Apr/2 19:23:21][took 0.139431 secs]
[>>][5ac2832919fb5436850894][DEFAULT][/lib/results/charts.php][18/Apr/2 19:23:21]
[<<][5ac2832919fb5436850894][DEFAULT][/lib/results/charts.php][18/Apr/2 19:23:21][18/Apr/2 19:23:21][took 0.004924 secs]
[>>][5ac283291b45d882848584][DEFAULT][/lib/results/charts.php][18/Apr/2 19:23:21]
[<<][5ac283291b45d882848584][DEFAULT][/lib/results/charts.php][18/Apr/2 19:23:21][18/Apr/2 19:23:21][took 0.064347 secs]
[<<][5ac283293a380640089683][DEFAULT][/lib/results/overallPieChart.php][18/Apr/2 19:23:21][18/Apr/2 19:23:21][took 0.08632 secs]
[>>][5ac283294f65c527885760][DEFAULT][/lib/results/overallPieChart.php][18/Apr/2 19:23:21]
[<<][5ac283294f65c527885760][DEFAULT][/lib/results/overallPieChart.php][18/Apr/2 19:23:21][18/Apr/2 19:23:21][took 0.276808 secs]
[<<][5ac283293ae10134170755][DEFAULT][/lib/results/topLevelSuitesBarChart.php][18/Apr/2 19:23:21][18/Apr/2 19:23:21][took 0.423469 secs]
[>>][5ac28329a25e4802520323][DEFAULT][/lib/results/topLevelSuitesBarChart.php][18/Apr/2 19:23:21]
[<<][5ac28329a25e4802520323][DEFAULT][/lib/results/topLevelSuitesBarChart.php][18/Apr/2 19:23:21][18/Apr/2 19:23:22][took 0.717709 secs]
[<<][5ac283293c55d690000259][DEFAULT][/lib/results/keywordBarChart.php][18/Apr/2 19:23:21][18/Apr/2 19:23:22][took 1.224824 secs]
[>>][5ac2832a73645425785876][DEFAULT][/lib/results/keywordBarChart.php][18/Apr/2 19:23:22]
[<<][5ac2832a73645425785876][DEFAULT][/lib/results/keywordBarChart.php][18/Apr/2 19:23:22][18/Apr/2 19:23:22][took 0.115232 secs]
[<<][5ac283bf890c0949223579][DEFAULT][/lib/results/charts.php][18/Apr/2 19:25:51][18/Apr/2 19:25:51][took 0.105031 secs]
[>>][5ac283bfa2d1b064704196][DEFAULT][/lib/results/charts.php][18/Apr/2 19:25:51]
[<<][5ac283bfa2d1b064704196][DEFAULT][/lib/results/charts.php][18/Apr/2 19:25:51][18/Apr/2 19:25:51][took 0.0045390000000001 secs]
[>>][5ac283bfa4079858688396][DEFAULT][/lib/results/charts.php][18/Apr/2 19:25:51]
[<<][5ac283bfa4079858688396][DEFAULT][/lib/results/charts.php][18/Apr/2 19:25:51][18/Apr/2 19:25:51][took 0.063071 secs]
[<<][5ac283bfc3f7a152564389][DEFAULT][/lib/results/overallPieChart.php][18/Apr/2 19:25:51][18/Apr/2 19:25:51][took 0.087607 secs]
[>>][5ac283bfd9757811347482][DEFAULT][/lib/results/overallPieChart.php][18/Apr/2 19:25:51]
[<<][5ac283bfd9757811347482][DEFAULT][/lib/results/overallPieChart.php][18/Apr/2 19:25:51][18/Apr/2 19:25:52][took 0.278234 secs]
[<<][5ac283bfc63ee753024205][DEFAULT][/lib/results/topLevelSuitesBarChart.php][18/Apr/2 19:25:51][18/Apr/2 19:25:52][took 0.420494 secs]
[>>][5ac283c038e41200351066][DEFAULT][/lib/results/topLevelSuitesBarChart.php][18/Apr/2 19:25:52]
[<<][5ac283c038e41200351066][DEFAULT][/lib/results/topLevelSuitesBarChart.php][18/Apr/2 19:25:52][18/Apr/2 19:25:52][took 0.606403 secs]
[<<][5ac283bfc6282900527887][DEFAULT][/lib/results/keywordBarChart.php][18/Apr/2 19:25:51][18/Apr/2 19:25:52][took 1.096202 secs]
[>>][5ac283c0ddc80785308885][DEFAULT][/lib/results/keywordBarChart.php][18/Apr/2 19:25:52]
[<<][5ac283c0ddc80785308885][DEFAULT][/lib/results/keywordBarChart.php][18/Apr/2 19:25:52][18/Apr/2 19:25:53][took 0.112154 secs]
[<<][5ac283cc0be08671663892][DEFAULT][/lib/results/resultsByStatus.php][18/Apr/2 19:26:04][18/Apr/2 19:26:04][took 0.119213 secs]
[>>][5ac283cc291d1731217886][DEFAULT][/lib/results/resultsByStatus.php][18/Apr/2 19:26:04]
[<<][5ac283cc291d1731217886][DEFAULT][/lib/results/resultsByStatus.php][18/Apr/2 19:26:04][18/Apr/2 19:26:04][took 0.004789 secs]
[>>][5ac283cc2a5ee388993177][DEFAULT][/lib/results/resultsByStatus.php][18/Apr/2 19:26:04]
	[18/Apr/2 19:26:04][L18N][364qgbe54aqiorfgp92rura771][GUI]
		string 'info_only_with_tester_assignment' is not localized for locale 'pt_BR'  - using en_GB
[<<][5ac283cc2a5ee388993177][DEFAULT][/lib/results/resultsByStatus.php][18/Apr/2 19:26:04][18/Apr/2 19:26:04][took 0.294705 secs]
